[
  {
    "Plan": {
      "Node Type": "Limit",
      "Parallel Aware": false,
      "Async Capable": false,
      "Startup Cost": 5462627.74,
      "Total Cost": 5462627.76,
      "Plan Rows": 10,
      "Plan Width": 47,
      "Actual Startup Time": 969747.572,
      "Actual Total Time": 970306.490,
      "Actual Rows": 10,
      "Actual Loops": 1,
      "Output": ["nomprenom", "datenaiss", "lieunaiss", "(count(datedeces))"],
      "Shared Hit Blocks": 50206,
      "Shared Read Blocks": 276110,
      "Shared Dirtied Blocks": 0,
      "Shared Written Blocks": 0,
      "Local Hit Blocks": 0,
      "Local Read Blocks": 0,
      "Local Dirtied Blocks": 0,
      "Local Written Blocks": 0,
      "Temp Read Blocks": 551289,
      "Temp Written Blocks": 552132,
      "Plans": [
        {
          "Node Type": "Sort",
          "Parent Relationship": "Outer",
          "Parallel Aware": false,
          "Async Capable": false,
          "Startup Cost": 5462627.74,
          "Total Cost": 5490020.86,
          "Plan Rows": 10957247,
          "Plan Width": 47,
          "Actual Startup Time": 969606.619,
          "Actual Total Time": 970165.533,
          "Actual Rows": 10,
          "Actual Loops": 1,
          "Output": ["nomprenom", "datenaiss", "lieunaiss", "(count(datedeces))"],
          "Sort Key": ["(count(personne.datedeces)) DESC"],
          "Sort Method": "top-N heapsort",
          "Sort Space Used": 26,
          "Sort Space Type": "Memory",
          "Shared Hit Blocks": 50206,
          "Shared Read Blocks": 276110,
          "Shared Dirtied Blocks": 0,
          "Shared Written Blocks": 0,
          "Local Hit Blocks": 0,
          "Local Read Blocks": 0,
          "Local Dirtied Blocks": 0,
          "Local Written Blocks": 0,
          "Temp Read Blocks": 551289,
          "Temp Written Blocks": 552132,
          "Plans": [
            {
              "Node Type": "Aggregate",
              "Strategy": "Sorted",
              "Partial Mode": "Finalize",
              "Parent Relationship": "Outer",
              "Parallel Aware": false,
              "Async Capable": false,
              "Startup Cost": 2279114.20,
              "Total Cost": 5225845.57,
              "Plan Rows": 10957247,
              "Plan Width": 47,
              "Actual Startup Time": 448434.027,
              "Actual Total Time": 961750.384,
              "Actual Rows": 24694237,
              "Actual Loops": 1,
              "Output": ["nomprenom", "datenaiss", "lieunaiss", "count(datedeces)"],
              "Group Key": ["personne.nomprenom", "personne.datenaiss", "personne.lieunaiss"],
              "Shared Hit Blocks": 50206,
              "Shared Read Blocks": 276110,
              "Shared Dirtied Blocks": 0,
              "Shared Written Blocks": 0,
              "Local Hit Blocks": 0,
              "Local Read Blocks": 0,
              "Local Dirtied Blocks": 0,
              "Local Written Blocks": 0,
              "Temp Read Blocks": 551289,
              "Temp Written Blocks": 552132,
              "Plans": [
                {
                  "Node Type": "Gather Merge",
                  "Parent Relationship": "Outer",
                  "Parallel Aware": false,
                  "Async Capable": false,
                  "Startup Cost": 2279114.20,
                  "Total Cost": 4908688.48,
                  "Plan Rows": 20758462,
                  "Plan Width": 47,
                  "Actual Startup Time": 448434.001,
                  "Actual Total Time": 946766.629,
                  "Actual Rows": 24808047,
                  "Actual Loops": 1,
                  "Output": ["nomprenom", "datenaiss", "lieunaiss", "(PARTIAL count(datedeces))"],
                  "Workers Planned": 2,
                  "Workers Launched": 2,
                  "Shared Hit Blocks": 50206,
                  "Shared Read Blocks": 276110,
                  "Shared Dirtied Blocks": 0,
                  "Shared Written Blocks": 0,
                  "Local Hit Blocks": 0,
                  "Local Read Blocks": 0,
                  "Local Dirtied Blocks": 0,
                  "Local Written Blocks": 0,
                  "Temp Read Blocks": 551289,
                  "Temp Written Blocks": 552132,
                  "Plans": [
                    {
                      "Node Type": "Aggregate",
                      "Strategy": "Sorted",
                      "Partial Mode": "Partial",
                      "Parent Relationship": "Outer",
                      "Parallel Aware": false,
                      "Async Capable": false,
                      "Startup Cost": 2278114.18,
                      "Total Cost": 2511646.87,
                      "Plan Rows": 10379231,
                      "Plan Width": 47,
                      "Actual Startup Time": 432222.481,
                      "Actual Total Time": 602859.625,
                      "Actual Rows": 8269349,
                      "Actual Loops": 3,
                      "Output": ["nomprenom", "datenaiss", "lieunaiss", "PARTIAL count(datedeces)"],
                      "Group Key": ["personne.nomprenom", "personne.datenaiss", "personne.lieunaiss"],
                      "Shared Hit Blocks": 50206,
                      "Shared Read Blocks": 276110,
                      "Shared Dirtied Blocks": 0,
                      "Shared Written Blocks": 0,
                      "Local Hit Blocks": 0,
                      "Local Read Blocks": 0,
                      "Local Dirtied Blocks": 0,
                      "Local Written Blocks": 0,
                      "Temp Read Blocks": 551289,
                      "Temp Written Blocks": 552132,
                      "Workers": [
                        {
                          "Worker Number": 0,
                          "Actual Startup Time": 423317.910,
                          "Actual Total Time": 610592.025,
                          "Actual Rows": 8347402,
                          "Actual Loops": 1,
                          "JIT": {
                            "Functions": 7,
                            "Options": {
                              "Inlining": true,
                              "Optimization": true,
                              "Expressions": true,
                              "Deforming": true
                            },
                            "Timing": {
                              "Generation": 0.727,
                              "Inlining": 146.530,
                              "Optimization": 142.687,
                              "Emission": 110.004,
                              "Total": 399.949
                            }
                          },
                          "Shared Hit Blocks": 16255,
                          "Shared Read Blocks": 93481,
                          "Shared Dirtied Blocks": 0,
                          "Shared Written Blocks": 0,
                          "Local Hit Blocks": 0,
                          "Local Read Blocks": 0,
                          "Local Dirtied Blocks": 0,
                          "Local Written Blocks": 0,
                          "Temp Read Blocks": 185154,
                          "Temp Written Blocks": 185438
                        },
                        {
                          "Worker Number": 1,
                          "Actual Startup Time": 424916.688,
                          "Actual Total Time": 584738.087,
                          "Actual Rows": 8358627,
                          "Actual Loops": 1,
                          "JIT": {
                            "Functions": 7,
                            "Options": {
                              "Inlining": true,
                              "Optimization": true,
                              "Expressions": true,
                              "Deforming": true
                            },
                            "Timing": {
                              "Generation": 3.875,
                              "Inlining": 136.321,
                              "Optimization": 142.407,
                              "Emission": 111.810,
                              "Total": 394.413
                            }
                          },
                          "Shared Hit Blocks": 16694,
                          "Shared Read Blocks": 93290,
                          "Shared Dirtied Blocks": 0,
                          "Shared Written Blocks": 0,
                          "Local Hit Blocks": 0,
                          "Local Read Blocks": 0,
                          "Local Dirtied Blocks": 0,
                          "Local Written Blocks": 0,
                          "Temp Read Blocks": 185597,
                          "Temp Written Blocks": 185881
                        }
                      ],
                      "Plans": [
                        {
                          "Node Type": "Sort",
                          "Parent Relationship": "Outer",
                          "Parallel Aware": false,
                          "Async Capable": false,
                          "Startup Cost": 2278114.18,
                          "Total Cost": 2304062.25,
                          "Plan Rows": 10379231,
                          "Plan Width": 48,
                          "Actual Startup Time": 432222.324,
                          "Actual Total Time": 598181.711,
                          "Actual Rows": 8305556,
                          "Actual Loops": 3,
                          "Output": ["nomprenom", "datenaiss", "lieunaiss", "datedeces"],
                          "Sort Key": ["personne.nomprenom", "personne.datenaiss", "personne.lieunaiss"],
                          "Sort Method": "external merge",
                          "Sort Space Used": 470504,
                          "Sort Space Type": "Disk",
                          "Shared Hit Blocks": 50206,
                          "Shared Read Blocks": 276110,
                          "Shared Dirtied Blocks": 0,
                          "Shared Written Blocks": 0,
                          "Local Hit Blocks": 0,
                          "Local Read Blocks": 0,
                          "Local Dirtied Blocks": 0,
                          "Local Written Blocks": 0,
                          "Temp Read Blocks": 551289,
                          "Temp Written Blocks": 552132,
                          "Workers": [
                            {
                              "Worker Number": 0,
                              "Actual Startup Time": 423317.673,
                              "Actual Total Time": 606132.362,
                              "Actual Rows": 8381856,
                              "Actual Loops": 1,
                              "Sort Method": "external merge",
                              "Sort Space Used": 483696,
                              "Sort Space Type": "Disk",
                              "Shared Hit Blocks": 16255,
                              "Shared Read Blocks": 93481,
                              "Shared Dirtied Blocks": 0,
                              "Shared Written Blocks": 0,
                              "Local Hit Blocks": 0,
                              "Local Read Blocks": 0,
                              "Local Dirtied Blocks": 0,
                              "Local Written Blocks": 0,
                              "Temp Read Blocks": 185154,
                              "Temp Written Blocks": 185438
                            },
                            {
                              "Worker Number": 1,
                              "Actual Startup Time": 424916.611,
                              "Actual Total Time": 580463.379,
                              "Actual Rows": 8391407,
                              "Actual Loops": 1,
                              "Sort Method": "external merge",
                              "Sort Space Used": 484776,
                              "Sort Space Type": "Disk",
                              "Shared Hit Blocks": 16694,
                              "Shared Read Blocks": 93290,
                              "Shared Dirtied Blocks": 0,
                              "Shared Written Blocks": 0,
                              "Local Hit Blocks": 0,
                              "Local Read Blocks": 0,
                              "Local Dirtied Blocks": 0,
                              "Local Written Blocks": 0,
                              "Temp Read Blocks": 185597,
                              "Temp Written Blocks": 185881
                            }
                          ],
                          "Plans": [
                            {
                              "Node Type": "Seq Scan",
                              "Parent Relationship": "Outer",
                              "Parallel Aware": true,
                              "Async Capable": false,
                              "Relation Name": "personne",
                              "Schema": "public",
                              "Alias": "personne",
                              "Startup Cost": 0.00,
                              "Total Cost": 429992.31,
                              "Plan Rows": 10379231,
                              "Plan Width": 48,
                              "Actual Startup Time": 287.276,
                              "Actual Total Time": 160734.177,
                              "Actual Rows": 8305556,
                              "Actual Loops": 3,
                              "Output": ["nomprenom", "datenaiss", "lieunaiss", "datedeces"],
                              "Shared Hit Blocks": 50090,
                              "Shared Read Blocks": 276110,
                              "Shared Dirtied Blocks": 0,
                              "Shared Written Blocks": 0,
                              "Local Hit Blocks": 0,
                              "Local Read Blocks": 0,
                              "Local Dirtied Blocks": 0,
                              "Local Written Blocks": 0,
                              "Temp Read Blocks": 0,
                              "Temp Written Blocks": 0,
                              "Workers": [
                                {
                                  "Worker Number": 0,
                                  "Actual Startup Time": 431.905,
                                  "Actual Total Time": 161186.286,
                                  "Actual Rows": 8381856,
                                  "Actual Loops": 1,
                                  "Shared Hit Blocks": 16197,
                                  "Shared Read Blocks": 93481,
                                  "Shared Dirtied Blocks": 0,
                                  "Shared Written Blocks": 0,
                                  "Local Hit Blocks": 0,
                                  "Local Read Blocks": 0,
                                  "Local Dirtied Blocks": 0,
                                  "Local Written Blocks": 0,
                                  "Temp Read Blocks": 0,
                                  "Temp Written Blocks": 0
                                },
                                {
                                  "Worker Number": 1,
                                  "Actual Startup Time": 429.898,
                                  "Actual Total Time": 160294.377,
                                  "Actual Rows": 8391407,
                                  "Actual Loops": 1,
                                  "Shared Hit Blocks": 16636,
                                  "Shared Read Blocks": 93290,
                                  "Shared Dirtied Blocks": 0,
                                  "Shared Written Blocks": 0,
                                  "Local Hit Blocks": 0,
                                  "Local Read Blocks": 0,
                                  "Local Dirtied Blocks": 0,
                                  "Local Written Blocks": 0,
                                  "Temp Read Blocks": 0,
                                  "Temp Written Blocks": 0
                                }
                              ]
                            }
                          ]
                        }
                      ]
                    }
                  ]
                }
              ]
            }
          ]
        }
      ]
    },
    "Planning": {
      "Shared Hit Blocks": 6,
      "Shared Read Blocks": 0,
      "Shared Dirtied Blocks": 0,
      "Shared Written Blocks": 0,
      "Local Hit Blocks": 0,
      "Local Read Blocks": 0,
      "Local Dirtied Blocks": 0,
      "Local Written Blocks": 0,
      "Temp Read Blocks": 0,
      "Temp Written Blocks": 0
    },
    "Planning Time": 0.360,
    "Triggers": [
    ],
    "JIT": {
      "Functions": 25,
      "Options": {
        "Inlining": true,
        "Optimization": true,
        "Expressions": true,
        "Deforming": true
      },
      "Timing": {
        "Generation": 7.696,
        "Inlining": 295.976,
        "Optimization": 359.939,
        "Emission": 272.866,
        "Total": 936.476
      }
    },
    "Execution Time": 970338.538
  }
]