[
  {
    "Plan": {
      "Node Type": "Sort",
      "Parallel Aware": false,
      "Async Capable": false,
      "Startup Cost": 19304387.72,
      "Total Cost": 19304388.05,
      "Plan Rows": 130,
      "Plan Width": 564,
      "Actual Startup Time": 670460.072,
      "Actual Total Time": 670460.104,
      "Actual Rows": 18,
      "Actual Loops": 1,
      "Output": ["r.reg", "r.nom", "(count(ROW(personne.nomprenom, personne.sexe, personne.datenaiss, personne.lieunaiss, personne.commnaiss, personne.paysnaiss, personne.datedeces, personne.lieudeces, personne.actedeces)))", "(justify_interval(((((avg((to_date((personne.datedeces)::text, 'YYYYMMDD'::text) - to_date((personne.datenaiss)::text, 'YYYYMMDD'::text))))::character varying)::text || ' days'::text))::interval))"],
      "Sort Key": ["(justify_interval(((((avg((to_date((personne.datedeces)::text, 'YYYYMMDD'::text) - to_date((personne.datenaiss)::text, 'YYYYMMDD'::text))))::character varying)::text || ' days'::text))::interval)) DESC"],
      "Sort Method": "quicksort",
      "Sort Space Used": 26,
      "Sort Space Type": "Memory",
      "Shared Hit Blocks": 15607,
      "Shared Read Blocks": 310843,
      "Shared Dirtied Blocks": 0,
      "Shared Written Blocks": 0,
      "Local Hit Blocks": 0,
      "Local Read Blocks": 0,
      "Local Dirtied Blocks": 0,
      "Local Written Blocks": 0,
      "Temp Read Blocks": 0,
      "Temp Written Blocks": 0,
      "Plans": [
        {
          "Node Type": "Aggregate",
          "Strategy": "Hashed",
          "Partial Mode": "Simple",
          "Parent Relationship": "Outer",
          "Parallel Aware": false,
          "Async Capable": false,
          "Startup Cost": 19304379.58,
          "Total Cost": 19304383.16,
          "Plan Rows": 130,
          "Plan Width": 564,
          "Actual Startup Time": 670459.982,
          "Actual Total Time": 670460.028,
          "Actual Rows": 18,
          "Actual Loops": 1,
          "Output": ["r.reg", "r.nom", "count(ROW(personne.nomprenom, personne.sexe, personne.datenaiss, personne.lieunaiss, personne.commnaiss, personne.paysnaiss, personne.datedeces, personne.lieudeces, personne.actedeces))", "justify_interval(((((avg((to_date((personne.datedeces)::text, 'YYYYMMDD'::text) - to_date((personne.datenaiss)::text, 'YYYYMMDD'::text))))::character varying)::text || ' days'::text))::interval)"],
          "Group Key": ["r.reg", "r.nom"],
          "Planned Partitions": 0,
          "HashAgg Batches": 1,
          "Peak Memory Usage": 40,
          "Disk Usage": 0,
          "Shared Hit Blocks": 15607,
          "Shared Read Blocks": 310843,
          "Shared Dirtied Blocks": 0,
          "Shared Written Blocks": 0,
          "Local Hit Blocks": 0,
          "Local Read Blocks": 0,
          "Local Dirtied Blocks": 0,
          "Local Written Blocks": 0,
          "Temp Read Blocks": 0,
          "Temp Written Blocks": 0,
          "Plans": [
            {
              "Node Type": "Hash Join",
              "Parent Relationship": "Outer",
              "Parallel Aware": false,
              "Async Capable": false,
              "Join Type": "Inner",
              "Startup Cost": 1111.59,
              "Total Cost": 19289090.11,
              "Plan Rows": 873684,
              "Plan Width": 611,
              "Actual Startup Time": 2805.117,
              "Actual Total Time": 648761.194,
              "Actual Rows": 21258116,
              "Actual Loops": 1,
              "Output": ["r.reg", "r.nom", "personne.nomprenom", "personne.sexe", "personne.datenaiss", "personne.lieunaiss", "personne.commnaiss", "personne.paysnaiss", "personne.datedeces", "personne.lieudeces", "personne.actedeces"],
              "Inner Unique": false,
              "Hash Cond": "((c.dep)::text = (d.dep)::text)",
              "Shared Hit Blocks": 15607,
              "Shared Read Blocks": 310843,
              "Shared Dirtied Blocks": 0,
              "Shared Written Blocks": 0,
              "Local Hit Blocks": 0,
              "Local Read Blocks": 0,
              "Local Dirtied Blocks": 0,
              "Local Written Blocks": 0,
              "Temp Read Blocks": 0,
              "Temp Written Blocks": 0,
              "Plans": [
                {
                  "Node Type": "Hash Join",
                  "Parent Relationship": "Outer",
                  "Parallel Aware": false,
                  "Async Capable": false,
                  "Join Type": "Inner",
                  "Startup Cost": 1094.00,
                  "Total Cost": 19276813.82,
                  "Plan Rows": 939149,
                  "Plan Width": 74,
                  "Actual Startup Time": 21.163,
                  "Actual Total Time": 640158.210,
                  "Actual Rows": 22205016,
                  "Actual Loops": 1,
                  "Output": ["c.dep", "personne.nomprenom", "personne.sexe", "personne.datenaiss", "personne.lieunaiss", "personne.commnaiss", "personne.paysnaiss", "personne.datedeces", "personne.lieudeces", "personne.actedeces"],
                  "Inner Unique": false,
                  "Hash Cond": "((personne.lieunaiss)::text = (c.com)::text)",
                  "Shared Hit Blocks": 15605,
                  "Shared Read Blocks": 310843,
                  "Shared Dirtied Blocks": 0,
                  "Shared Written Blocks": 0,
                  "Local Hit Blocks": 0,
                  "Local Read Blocks": 0,
                  "Local Dirtied Blocks": 0,
                  "Local Written Blocks": 0,
                  "Temp Read Blocks": 0,
                  "Temp Written Blocks": 0,
                  "Plans": [
                    {
                      "Node Type": "Seq Scan",
                      "Parent Relationship": "Outer",
                      "Parallel Aware": false,
                      "Async Capable": false,
                      "Relation Name": "personne",
                      "Schema": "public",
                      "Alias": "personne",
                      "Startup Cost": 0.00,
                      "Total Cost": 19262867.68,
                      "Plan Rows": 922839,
                      "Plan Width": 71,
                      "Actual Startup Time": 0.543,
                      "Actual Total Time": 629385.144,
                      "Actual Rows": 24795460,
                      "Actual Loops": 1,
                      "Output": ["personne.nomprenom", "personne.sexe", "personne.datenaiss", "personne.lieunaiss", "personne.commnaiss", "personne.paysnaiss", "personne.datedeces", "personne.lieudeces", "personne.actedeces"],
                      "Filter": "(date_isvalide((personne.datenaiss)::text) AND date_isvalide((personne.datedeces)::text) AND age_positif((personne.datenaiss)::text, (personne.datedeces)::text))",
                      "Rows Removed by Filter": 121209,
                      "Shared Hit Blocks": 15357,
                      "Shared Read Blocks": 310843,
                      "Shared Dirtied Blocks": 0,
                      "Shared Written Blocks": 0,
                      "Local Hit Blocks": 0,
                      "Local Read Blocks": 0,
                      "Local Dirtied Blocks": 0,
                      "Local Written Blocks": 0,
                      "Temp Read Blocks": 0,
                      "Temp Written Blocks": 0
                    },
                    {
                      "Node Type": "Hash",
                      "Parent Relationship": "Inner",
                      "Parallel Aware": false,
                      "Async Capable": false,
                      "Startup Cost": 624.00,
                      "Total Cost": 624.00,
                      "Plan Rows": 37600,
                      "Plan Width": 9,
                      "Actual Startup Time": 20.107,
                      "Actual Total Time": 20.110,
                      "Actual Rows": 37600,
                      "Actual Loops": 1,
                      "Output": ["c.dep", "c.com"],
                      "Hash Buckets": 65536,
                      "Original Hash Buckets": 65536,
                      "Hash Batches": 1,
                      "Original Hash Batches": 1,
                      "Peak Memory Usage": 2010,
                      "Shared Hit Blocks": 248,
                      "Shared Read Blocks": 0,
                      "Shared Dirtied Blocks": 0,
                      "Shared Written Blocks": 0,
                      "Local Hit Blocks": 0,
                      "Local Read Blocks": 0,
                      "Local Dirtied Blocks": 0,
                      "Local Written Blocks": 0,
                      "Temp Read Blocks": 0,
                      "Temp Written Blocks": 0,
                      "Plans": [
                        {
                          "Node Type": "Seq Scan",
                          "Parent Relationship": "Outer",
                          "Parallel Aware": false,
                          "Async Capable": false,
                          "Relation Name": "commune",
                          "Schema": "public",
                          "Alias": "c",
                          "Startup Cost": 0.00,
                          "Total Cost": 624.00,
                          "Plan Rows": 37600,
                          "Plan Width": 9,
                          "Actual Startup Time": 0.035,
                          "Actual Total Time": 8.268,
                          "Actual Rows": 37600,
                          "Actual Loops": 1,
                          "Output": ["c.dep", "c.com"],
                          "Shared Hit Blocks": 248,
                          "Shared Read Blocks": 0,
                          "Shared Dirtied Blocks": 0,
                          "Shared Written Blocks": 0,
                          "Local Hit Blocks": 0,
                          "Local Read Blocks": 0,
                          "Local Dirtied Blocks": 0,
                          "Local Written Blocks": 0,
                          "Temp Read Blocks": 0,
                          "Temp Written Blocks": 0
                        }
                      ]
                    }
                  ]
                },
                {
                  "Node Type": "Hash",
                  "Parent Relationship": "Inner",
                  "Parallel Aware": false,
                  "Async Capable": false,
                  "Startup Cost": 16.32,
                  "Total Cost": 16.32,
                  "Plan Rows": 101,
                  "Plan Width": 543,
                  "Actual Startup Time": 2783.918,
                  "Actual Total Time": 2783.931,
                  "Actual Rows": 101,
                  "Actual Loops": 1,
                  "Output": ["r.reg", "r.nom", "d.dep"],
                  "Hash Buckets": 1024,
                  "Original Hash Buckets": 1024,
                  "Hash Batches": 1,
                  "Original Hash Batches": 1,
                  "Peak Memory Usage": 14,
                  "Shared Hit Blocks": 2,
                  "Shared Read Blocks": 0,
                  "Shared Dirtied Blocks": 0,
                  "Shared Written Blocks": 0,
                  "Local Hit Blocks": 0,
                  "Local Read Blocks": 0,
                  "Local Dirtied Blocks": 0,
                  "Local Written Blocks": 0,
                  "Temp Read Blocks": 0,
                  "Temp Written Blocks": 0,
                  "Plans": [
                    {
                      "Node Type": "Hash Join",
                      "Parent Relationship": "Outer",
                      "Parallel Aware": false,
                      "Async Capable": false,
                      "Join Type": "Inner",
                      "Startup Cost": 12.93,
                      "Total Cost": 16.32,
                      "Plan Rows": 101,
                      "Plan Width": 543,
                      "Actual Startup Time": 2783.825,
                      "Actual Total Time": 2783.886,
                      "Actual Rows": 101,
                      "Actual Loops": 1,
                      "Output": ["r.reg", "r.nom", "d.dep"],
                      "Inner Unique": false,
                      "Hash Cond": "((d.reg)::text = (r.reg)::text)",
                      "Shared Hit Blocks": 2,
                      "Shared Read Blocks": 0,
                      "Shared Dirtied Blocks": 0,
                      "Shared Written Blocks": 0,
                      "Local Hit Blocks": 0,
                      "Local Read Blocks": 0,
                      "Local Dirtied Blocks": 0,
                      "Local Written Blocks": 0,
                      "Temp Read Blocks": 0,
                      "Temp Written Blocks": 0,
                      "Plans": [
                        {
                          "Node Type": "Seq Scan",
                          "Parent Relationship": "Outer",
                          "Parallel Aware": false,
                          "Async Capable": false,
                          "Relation Name": "departement",
                          "Schema": "public",
                          "Alias": "d",
                          "Startup Cost": 0.00,
                          "Total Cost": 2.01,
                          "Plan Rows": 101,
                          "Plan Width": 6,
                          "Actual Startup Time": 0.035,
                          "Actual Total Time": 0.046,
                          "Actual Rows": 101,
                          "Actual Loops": 1,
                          "Output": ["d.dep", "d.nom", "d.cheflieu", "d.reg"],
                          "Shared Hit Blocks": 1,
                          "Shared Read Blocks": 0,
                          "Shared Dirtied Blocks": 0,
                          "Shared Written Blocks": 0,
                          "Local Hit Blocks": 0,
                          "Local Read Blocks": 0,
                          "Local Dirtied Blocks": 0,
                          "Local Written Blocks": 0,
                          "Temp Read Blocks": 0,
                          "Temp Written Blocks": 0
                        },
                        {
                          "Node Type": "Hash",
                          "Parent Relationship": "Inner",
                          "Parallel Aware": false,
                          "Async Capable": false,
                          "Startup Cost": 11.30,
                          "Total Cost": 11.30,
                          "Plan Rows": 130,
                          "Plan Width": 540,
                          "Actual Startup Time": 2783.743,
                          "Actual Total Time": 2783.748,
                          "Actual Rows": 18,
                          "Actual Loops": 1,
                          "Output": ["r.reg", "r.nom"],
                          "Hash Buckets": 1024,
                          "Original Hash Buckets": 1024,
                          "Hash Batches": 1,
                          "Original Hash Batches": 1,
                          "Peak Memory Usage": 9,
                          "Shared Hit Blocks": 1,
                          "Shared Read Blocks": 0,
                          "Shared Dirtied Blocks": 0,
                          "Shared Written Blocks": 0,
                          "Local Hit Blocks": 0,
                          "Local Read Blocks": 0,
                          "Local Dirtied Blocks": 0,
                          "Local Written Blocks": 0,
                          "Temp Read Blocks": 0,
                          "Temp Written Blocks": 0,
                          "Plans": [
                            {
                              "Node Type": "Seq Scan",
                              "Parent Relationship": "Outer",
                              "Parallel Aware": false,
                              "Async Capable": false,
                              "Relation Name": "region",
                              "Schema": "public",
                              "Alias": "r",
                              "Startup Cost": 0.00,
                              "Total Cost": 11.30,
                              "Plan Rows": 130,
                              "Plan Width": 540,
                              "Actual Startup Time": 2783.635,
                              "Actual Total Time": 2783.678,
                              "Actual Rows": 18,
                              "Actual Loops": 1,
                              "Output": ["r.reg", "r.nom"],
                              "Shared Hit Blocks": 1,
                              "Shared Read Blocks": 0,
                              "Shared Dirtied Blocks": 0,
                              "Shared Written Blocks": 0,
                              "Local Hit Blocks": 0,
                              "Local Read Blocks": 0,
                              "Local Dirtied Blocks": 0,
                              "Local Written Blocks": 0,
                              "Temp Read Blocks": 0,
                              "Temp Written Blocks": 0
                            }
                          ]
                        }
                      ]
                    }
                  ]
                }
              ]
            }
          ]
        }
      ]
    },
    "Planning": {
      "Shared Hit Blocks": 9,
      "Shared Read Blocks": 0,
      "Shared Dirtied Blocks": 0,
      "Shared Written Blocks": 0,
      "Local Hit Blocks": 0,
      "Local Read Blocks": 0,
      "Local Dirtied Blocks": 0,
      "Local Written Blocks": 0,
      "Temp Read Blocks": 0,
      "Temp Written Blocks": 0
    },
    "Planning Time": 1.511,
    "Triggers": [
    ],
    "JIT": {
      "Functions": 35,
      "Options": {
        "Inlining": true,
        "Optimization": true,
        "Expressions": true,
        "Deforming": true
      },
      "Timing": {
        "Generation": 332.512,
        "Inlining": 607.982,
        "Optimization": 1036.170,
        "Emission": 139.625,
        "Total": 2116.289
      }
    },
    "Execution Time": 670986.119
  }
]