[
    {
      "Plan": {
        "Node Type": "Limit",
        "Parallel Aware": false,
        "Async Capable": false,
        "Startup Cost": 3859253.47,
        "Total Cost": 3859253.50,
        "Plan Rows": 10,
        "Plan Width": 47,
        "Actual Startup Time": 494790.380,
        "Actual Total Time": 494882.243,
        "Actual Rows": 10,
        "Actual Loops": 1,
        "Output": ["nomprenom", "datenaiss", "lieunaiss", "(count(datedeces))"],
        "Shared Hit Blocks": 3,
        "Shared Read Blocks": 326200,
        "Shared Dirtied Blocks": 0,
        "Shared Written Blocks": 0,
        "Local Hit Blocks": 0,
        "Local Read Blocks": 0,
        "Local Dirtied Blocks": 0,
        "Local Written Blocks": 0,
        "Temp Read Blocks": 306990,
        "Temp Written Blocks": 460917,
        "Plans": [
          {
            "Node Type": "Sort",
            "Parent Relationship": "Outer",
            "Parallel Aware": false,
            "Async Capable": false,
            "Startup Cost": 3859253.47,
            "Total Cost": 3886653.76,
            "Plan Rows": 10960113,
            "Plan Width": 47,
            "Actual Startup Time": 492576.003,
            "Actual Total Time": 492576.029,
            "Actual Rows": 10,
            "Actual Loops": 1,
            "Output": ["nomprenom", "datenaiss", "lieunaiss", "(count(datedeces))"],
            "Sort Key": ["(count(personne.datedeces)) DESC"],
            "Sort Method": "top-N heapsort",
            "Sort Space Used": 26,
            "Sort Space Type": "Memory",
            "Shared Hit Blocks": 3,
            "Shared Read Blocks": 326200,
            "Shared Dirtied Blocks": 0,
            "Shared Written Blocks": 0,
            "Local Hit Blocks": 0,
            "Local Read Blocks": 0,
            "Local Dirtied Blocks": 0,
            "Local Written Blocks": 0,
            "Temp Read Blocks": 306990,
            "Temp Written Blocks": 460917,
            "Plans": [
              {
                "Node Type": "Aggregate",
                "Strategy": "Hashed",
                "Partial Mode": "Simple",
                "Parent Relationship": "Outer",
                "Parallel Aware": false,
                "Async Capable": false,
                "Startup Cost": 3074819.94,
                "Total Cost": 3622409.37,
                "Plan Rows": 10960113,
                "Plan Width": 47,
                "Actual Startup Time": 232942.543,
                "Actual Total Time": 488580.305,
                "Actual Rows": 24694237,
                "Actual Loops": 1,
                "Output": ["nomprenom", "datenaiss", "lieunaiss", "count(datedeces)"],
                "Group Key": ["personne.nomprenom", "personne.datenaiss", "personne.lieunaiss"],
                "Planned Partitions": 4,
                "HashAgg Batches": 21,
                "Peak Memory Usage": 548913,
                "Disk Usage": 1650448,
                "Shared Hit Blocks": 0,
                "Shared Read Blocks": 326200,
                "Shared Dirtied Blocks": 0,
                "Shared Written Blocks": 0,
                "Local Hit Blocks": 0,
                "Local Read Blocks": 0,
                "Local Dirtied Blocks": 0,
                "Local Written Blocks": 0,
                "Temp Read Blocks": 306990,
                "Temp Written Blocks": 460917,
                "Plans": [
                  {
                    "Node Type": "Seq Scan",
                    "Parent Relationship": "Outer",
                    "Parallel Aware": false,
                    "Async Capable": false,
                    "Relation Name": "personne",
                    "Schema": "public",
                    "Alias": "personne",
                    "Startup Cost": 0.00,
                    "Total Cost": 575366.68,
                    "Plan Rows": 24916668,
                    "Plan Width": 48,
                    "Actual Startup Time": 128.285,
                    "Actual Total Time": 199057.908,
                    "Actual Rows": 24916669,
                    "Actual Loops": 1,
                    "Output": ["nomprenom", "sexe", "datenaiss", "lieunaiss", "commnaiss", "paysnaiss", "datedeces", "lieudeces", "actedeces"],
                    "Shared Hit Blocks": 0,
                    "Shared Read Blocks": 326200,
                    "Shared Dirtied Blocks": 0,
                    "Shared Written Blocks": 0,
                    "Local Hit Blocks": 0,
                    "Local Read Blocks": 0,
                    "Local Dirtied Blocks": 0,
                    "Local Written Blocks": 0,
                    "Temp Read Blocks": 0,
                    "Temp Written Blocks": 0
                  }
                ]
              }
            ]
          }
        ]
      },
      "Planning": {
        "Shared Hit Blocks": 102,
        "Shared Read Blocks": 24,
        "Shared Dirtied Blocks": 0,
        "Shared Written Blocks": 0,
        "Local Hit Blocks": 0,
        "Local Read Blocks": 0,
        "Local Dirtied Blocks": 0,
        "Local Written Blocks": 0,
        "Temp Read Blocks": 0,
        "Temp Written Blocks": 0
      },
      "Planning Time": 195.916,
      "Triggers": [
      ],
      "JIT": {
        "Functions": 12,
        "Options": {
          "Inlining": true,
          "Optimization": true,
          "Expressions": true,
          "Deforming": true
        },
        "Timing": {
          "Generation": 15.020,
          "Inlining": 563.162,
          "Optimization": 1061.385,
          "Emission": 547.955,
          "Total": 2187.523
        }
      },
      "Execution Time": 497997.726
    }
  ]