[
    {
      "Plan": {
        "Node Type": "Limit",
        "Parallel Aware": false,
        "Async Capable": false,
        "Startup Cost": 5463991.20,
        "Total Cost": 5463991.23,
        "Plan Rows": 10,
        "Plan Width": 47,
        "Actual Startup Time": 321060.557,
        "Actual Total Time": 322559.970,
        "Actual Rows": 10,
        "Actual Loops": 1,
        "Output": ["nomprenom", "datenaiss", "lieunaiss", "(count(datedeces))"],
        "Shared Hit Blocks": 119,
        "Shared Read Blocks": 326200,
        "Shared Dirtied Blocks": 0,
        "Shared Written Blocks": 0,
        "Local Hit Blocks": 0,
        "Local Read Blocks": 0,
        "Local Dirtied Blocks": 0,
        "Local Written Blocks": 0,
        "Temp Read Blocks": 551408,
        "Temp Written Blocks": 552248,
        "Plans": [
          {
            "Node Type": "Sort",
            "Parent Relationship": "Outer",
            "Parallel Aware": false,
            "Async Capable": false,
            "Startup Cost": 5463991.20,
            "Total Cost": 5491391.49,
            "Plan Rows": 10960113,
            "Plan Width": 47,
            "Actual Startup Time": 319896.979,
            "Actual Total Time": 321395.676,
            "Actual Rows": 10,
            "Actual Loops": 1,
            "Output": ["nomprenom", "datenaiss", "lieunaiss", "(count(datedeces))"],
            "Sort Key": ["(count(personne.datedeces)) DESC"],
            "Sort Method": "top-N heapsort",
            "Sort Space Used": 26,
            "Sort Space Type": "Memory",
            "Shared Hit Blocks": 119,
            "Shared Read Blocks": 326200,
            "Shared Dirtied Blocks": 0,
            "Shared Written Blocks": 0,
            "Local Hit Blocks": 0,
            "Local Read Blocks": 0,
            "Local Dirtied Blocks": 0,
            "Local Written Blocks": 0,
            "Temp Read Blocks": 551408,
            "Temp Written Blocks": 552248,
            "Plans": [
              {
                "Node Type": "Aggregate",
                "Strategy": "Sorted",
                "Partial Mode": "Finalize",
                "Parent Relationship": "Outer",
                "Parallel Aware": false,
                "Async Capable": false,
                "Startup Cost": 2279645.20,
                "Total Cost": 5227147.10,
                "Plan Rows": 10960113,
                "Plan Width": 47,
                "Actual Startup Time": 251099.099,
                "Actual Total Time": 317168.641,
                "Actual Rows": 24694237,
                "Actual Loops": 1,
                "Output": ["nomprenom", "datenaiss", "lieunaiss", "count(datedeces)"],
                "Group Key": ["personne.nomprenom", "personne.datenaiss", "personne.lieunaiss"],
                "Shared Hit Blocks": 116,
                "Shared Read Blocks": 326200,
                "Shared Dirtied Blocks": 0,
                "Shared Written Blocks": 0,
                "Local Hit Blocks": 0,
                "Local Read Blocks": 0,
                "Local Dirtied Blocks": 0,
                "Local Written Blocks": 0,
                "Temp Read Blocks": 551408,
                "Temp Written Blocks": 552248,
                "Plans": [
                  {
                    "Node Type": "Gather Merge",
                    "Parent Relationship": "Outer",
                    "Parallel Aware": false,
                    "Async Capable": false,
                    "Startup Cost": 2279645.20,
                    "Total Cost": 4909907.07,
                    "Plan Rows": 20763890,
                    "Plan Width": 47,
                    "Actual Startup Time": 251099.061,
                    "Actual Total Time": 309526.857,
                    "Actual Rows": 24819049,
                    "Actual Loops": 1,
                    "Output": ["nomprenom", "datenaiss", "lieunaiss", "(PARTIAL count(datedeces))"],
                    "Workers Planned": 2,
                    "Workers Launched": 2,
                    "Shared Hit Blocks": 116,
                    "Shared Read Blocks": 326200,
                    "Shared Dirtied Blocks": 0,
                    "Shared Written Blocks": 0,
                    "Local Hit Blocks": 0,
                    "Local Read Blocks": 0,
                    "Local Dirtied Blocks": 0,
                    "Local Written Blocks": 0,
                    "Temp Read Blocks": 551408,
                    "Temp Written Blocks": 552248,
                    "Plans": [
                      {
                        "Node Type": "Aggregate",
                        "Strategy": "Sorted",
                        "Partial Mode": "Partial",
                        "Parent Relationship": "Outer",
                        "Parallel Aware": false,
                        "Async Capable": false,
                        "Startup Cost": 2278645.18,
                        "Total Cost": 2512238.94,
                        "Plan Rows": 10381945,
                        "Plan Width": 47,
                        "Actual Startup Time": 244349.670,
                        "Actual Total Time": 256807.318,
                        "Actual Rows": 8273016,
                        "Actual Loops": 3,
                        "Output": ["nomprenom", "datenaiss", "lieunaiss", "PARTIAL count(datedeces)"],
                        "Group Key": ["personne.nomprenom", "personne.datenaiss", "personne.lieunaiss"],
                        "Shared Hit Blocks": 116,
                        "Shared Read Blocks": 326200,
                        "Shared Dirtied Blocks": 0,
                        "Shared Written Blocks": 0,
                        "Local Hit Blocks": 0,
                        "Local Read Blocks": 0,
                        "Local Dirtied Blocks": 0,
                        "Local Written Blocks": 0,
                        "Temp Read Blocks": 551408,
                        "Temp Written Blocks": 552248,
                        "Workers": [
                          {
                            "Worker Number": 0,
                            "Actual Startup Time": 240627.742,
                            "Actual Total Time": 253745.235,
                            "Actual Rows": 8011780,
                            "Actual Loops": 1,
                            "JIT": {
                              "Functions": 7,
                              "Options": {
                                "Inlining": true,
                                "Optimization": true,
                                "Expressions": true,
                                "Deforming": true
                              },
                              "Timing": {
                                "Generation": 6.833,
                                "Inlining": 150.878,
                                "Optimization": 193.648,
                                "Emission": 53.979,
                                "Total": 405.337
                              }
                            },
                            "Shared Hit Blocks": 58,
                            "Shared Read Blocks": 105547,
                            "Shared Dirtied Blocks": 0,
                            "Shared Written Blocks": 0,
                            "Local Hit Blocks": 0,
                            "Local Read Blocks": 0,
                            "Local Dirtied Blocks": 0,
                            "Local Written Blocks": 0,
                            "Temp Read Blocks": 178568,
                            "Temp Written Blocks": 178840
                          },
                          {
                            "Worker Number": 1,
                            "Actual Startup Time": 241371.696,
                            "Actual Total Time": 253269.552,
                            "Actual Rows": 8334048,
                            "Actual Loops": 1,
                            "JIT": {
                              "Functions": 7,
                              "Options": {
                                "Inlining": true,
                                "Optimization": true,
                                "Expressions": true,
                                "Deforming": true
                              },
                              "Timing": {
                                "Generation": 0.930,
                                "Inlining": 93.693,
                                "Optimization": 172.558,
                                "Emission": 122.874,
                                "Total": 390.055
                              }
                            },
                            "Shared Hit Blocks": 58,
                            "Shared Read Blocks": 109429,
                            "Shared Dirtied Blocks": 0,
                            "Shared Written Blocks": 0,
                            "Local Hit Blocks": 0,
                            "Local Read Blocks": 0,
                            "Local Dirtied Blocks": 0,
                            "Local Written Blocks": 0,
                            "Temp Read Blocks": 185010,
                            "Temp Written Blocks": 185292
                          }
                        ],
                        "Plans": [
                          {
                            "Node Type": "Sort",
                            "Parent Relationship": "Outer",
                            "Parallel Aware": false,
                            "Async Capable": false,
                            "Startup Cost": 2278645.18,
                            "Total Cost": 2304600.04,
                            "Plan Rows": 10381945,
                            "Plan Width": 48,
                            "Actual Startup Time": 244274.507,
                            "Actual Total Time": 253777.106,
                            "Actual Rows": 8305556,
                            "Actual Loops": 3,
                            "Output": ["nomprenom", "datenaiss", "lieunaiss", "datedeces"],
                            "Sort Key": ["personne.nomprenom", "personne.datenaiss", "personne.lieunaiss"],
                            "Sort Method": "external merge",
                            "Sort Space Used": 490424,
                            "Sort Space Type": "Disk",
                            "Shared Hit Blocks": 116,
                            "Shared Read Blocks": 326200,
                            "Shared Dirtied Blocks": 0,
                            "Shared Written Blocks": 0,
                            "Local Hit Blocks": 0,
                            "Local Read Blocks": 0,
                            "Local Dirtied Blocks": 0,
                            "Local Written Blocks": 0,
                            "Temp Read Blocks": 551408,
                            "Temp Written Blocks": 552248,
                            "Workers": [
                              {
                                "Worker Number": 0,
                                "Actual Startup Time": 240402.578,
                                "Actual Total Time": 250731.862,
                                "Actual Rows": 8059680,
                                "Actual Loops": 1,
                                "Sort Method": "external merge",
                                "Sort Space Used": 465808,
                                "Sort Space Type": "Disk",
                                "Shared Hit Blocks": 58,
                                "Shared Read Blocks": 105547,
                                "Shared Dirtied Blocks": 0,
                                "Shared Written Blocks": 0,
                                "Local Hit Blocks": 0,
                                "Local Read Blocks": 0,
                                "Local Dirtied Blocks": 0,
                                "Local Written Blocks": 0,
                                "Temp Read Blocks": 178568,
                                "Temp Written Blocks": 178840
                              },
                              {
                                "Worker Number": 1,
                                "Actual Startup Time": 241371.541,
                                "Actual Total Time": 250409.253,
                                "Actual Rows": 8354973,
                                "Actual Loops": 1,
                                "Sort Method": "external merge",
                                "Sort Space Used": 482744,
                                "Sort Space Type": "Disk",
                                "Shared Hit Blocks": 58,
                                "Shared Read Blocks": 109429,
                                "Shared Dirtied Blocks": 0,
                                "Shared Written Blocks": 0,
                                "Local Hit Blocks": 0,
                                "Local Read Blocks": 0,
                                "Local Dirtied Blocks": 0,
                                "Local Written Blocks": 0,
                                "Temp Read Blocks": 185010,
                                "Temp Written Blocks": 185292
                              }
                            ],
                            "Plans": [
                              {
                                "Node Type": "Seq Scan",
                                "Parent Relationship": "Outer",
                                "Parallel Aware": true,
                                "Async Capable": false,
                                "Relation Name": "personne",
                                "Schema": "public",
                                "Alias": "personne",
                                "Startup Cost": 0.00,
                                "Total Cost": 430019.45,
                                "Plan Rows": 10381945,
                                "Plan Width": 48,
                                "Actual Startup Time": 298.276,
                                "Actual Total Time": 149301.445,
                                "Actual Rows": 8305556,
                                "Actual Loops": 3,
                                "Output": ["nomprenom", "datenaiss", "lieunaiss", "datedeces"],
                                "Shared Hit Blocks": 0,
                                "Shared Read Blocks": 326200,
                                "Shared Dirtied Blocks": 0,
                                "Shared Written Blocks": 0,
                                "Local Hit Blocks": 0,
                                "Local Read Blocks": 0,
                                "Local Dirtied Blocks": 0,
                                "Local Written Blocks": 0,
                                "Temp Read Blocks": 0,
                                "Temp Written Blocks": 0,
                                "Workers": [
                                  {
                                    "Worker Number": 0,
                                    "Actual Startup Time": 459.157,
                                    "Actual Total Time": 150263.845,
                                    "Actual Rows": 8059680,
                                    "Actual Loops": 1,
                                    "Shared Hit Blocks": 0,
                                    "Shared Read Blocks": 105547,
                                    "Shared Dirtied Blocks": 0,
                                    "Shared Written Blocks": 0,
                                    "Local Hit Blocks": 0,
                                    "Local Read Blocks": 0,
                                    "Local Dirtied Blocks": 0,
                                    "Local Written Blocks": 0,
                                    "Temp Read Blocks": 0,
                                    "Temp Written Blocks": 0
                                  },
                                  {
                                    "Worker Number": 1,
                                    "Actual Startup Time": 406.083,
                                    "Actual Total Time": 148576.313,
                                    "Actual Rows": 8354973,
                                    "Actual Loops": 1,
                                    "Shared Hit Blocks": 0,
                                    "Shared Read Blocks": 109429,
                                    "Shared Dirtied Blocks": 0,
                                    "Shared Written Blocks": 0,
                                    "Local Hit Blocks": 0,
                                    "Local Read Blocks": 0,
                                    "Local Dirtied Blocks": 0,
                                    "Local Written Blocks": 0,
                                    "Temp Read Blocks": 0,
                                    "Temp Written Blocks": 0
                                  }
                                ]
                              }
                            ]
                          }
                        ]
                      }
                    ]
                  }
                ]
              }
            ]
          }
        ]
      },
      "Planning": {
        "Shared Hit Blocks": 97,
        "Shared Read Blocks": 24,
        "Shared Dirtied Blocks": 0,
        "Shared Written Blocks": 0,
        "Local Hit Blocks": 0,
        "Local Read Blocks": 0,
        "Local Dirtied Blocks": 0,
        "Local Written Blocks": 0,
        "Temp Read Blocks": 0,
        "Temp Written Blocks": 0
      },
      "Planning Time": 231.623,
      "Triggers": [
      ],
      "JIT": {
        "Functions": 25,
        "Options": {
          "Inlining": true,
          "Optimization": true,
          "Expressions": true,
          "Deforming": true
        },
        "Timing": {
          "Generation": 11.039,
          "Inlining": 553.772,
          "Optimization": 660.304,
          "Emission": 724.881,
          "Total": 1949.995
        }
      },
      "Execution Time": 324127.015
    }
  ]