[
    {
      "Plan": {
        "Node Type": "Group",
        "Parallel Aware": false,
        "Async Capable": false,
        "Startup Cost": 6242562.77,
        "Total Cost": 11547424.51,
        "Plan Rows": 10960113,
        "Plan Width": 64,
        "Group Key": ["(split_part((p1.nomprenom)::text, '*'::text, 1))", "(split_part(split_part(replace((p1.nomprenom)::text, '/'::text, ' '::text), '*'::text, 2), ' '::text, 1))"],
        "Plans": [
          {
            "Node Type": "Gather Merge",
            "Parent Relationship": "Outer",
            "Parallel Aware": false,
            "Async Capable": false,
            "Startup Cost": 6242562.77,
            "Total Cost": 11328222.25,
            "Plan Rows": 21920226,
            "Plan Width": 64,
            "Workers Planned": 2,
            "Plans": [
              {
                "Node Type": "Group",
                "Parent Relationship": "Outer",
                "Parallel Aware": false,
                "Async Capable": false,
                "Startup Cost": 6241562.74,
                "Total Cost": 8797084.25,
                "Plan Rows": 10960113,
                "Plan Width": 64,
                "Group Key": ["(split_part((p1.nomprenom)::text, '*'::text, 1))", "(split_part(split_part(replace((p1.nomprenom)::text, '/'::text, ' '::text), '*'::text, 2), ' '::text, 1))"],
                "Plans": [
                  {
                    "Node Type": "Merge Join",
                    "Parent Relationship": "Outer",
                    "Parallel Aware": false,
                    "Async Capable": false,
                    "Join Type": "Inner",
                    "Startup Cost": 6241562.74,
                    "Total Cost": 8526040.63,
                    "Plan Rows": 32288498,
                    "Plan Width": 64,
                    "Inner Unique": false,
                    "Merge Cond": "(((split_part((p1.nomprenom)::text, '*'::text, 1)) = (split_part((p2.nomprenom)::text, '*'::text, 1))) AND ((split_part(split_part(replace((p1.nomprenom)::text, '/'::text, ' '::text), '*'::text, 2), ' '::text, 1)) = (split_part(split_part(replace((p2.nomprenom)::text, '/'::text, ' '::text), '*'::text, 2), ' '::text, 1))) AND ((substr((p1.datenaiss)::text, 1, 4)) = (substr((p2.datenaiss)::text, 1, 4))))",
                    "Join Filter": "((p1.lieunaiss)::text <> (p2.lieunaiss)::text)",
                    "Plans": [
                      {
                        "Node Type": "Sort",
                        "Parent Relationship": "Outer",
                        "Parallel Aware": false,
                        "Async Capable": false,
                        "Startup Cost": 1923790.68,
                        "Total Cost": 1949745.54,
                        "Plan Rows": 10381945,
                        "Plan Width": 39,
                        "Sort Key": ["(split_part((p1.nomprenom)::text, '*'::text, 1))", "(split_part(split_part(replace((p1.nomprenom)::text, '/'::text, ' '::text), '*'::text, 2), ' '::text, 1))", "(substr((p1.datenaiss)::text, 1, 4))"],
                        "Plans": [
                          {
                            "Node Type": "Seq Scan",
                            "Parent Relationship": "Outer",
                            "Parallel Aware": true,
                            "Async Capable": false,
                            "Relation Name": "personne",
                            "Alias": "p1",
                            "Startup Cost": 0.00,
                            "Total Cost": 430019.45,
                            "Plan Rows": 10381945,
                            "Plan Width": 39
                          }
                        ]
                      },
                      {
                        "Node Type": "Materialize",
                        "Parent Relationship": "Inner",
                        "Parallel Aware": false,
                        "Async Capable": false,
                        "Startup Cost": 4317772.07,
                        "Total Cost": 4442355.41,
                        "Plan Rows": 24916668,
                        "Plan Width": 39,
                        "Plans": [
                          {
                            "Node Type": "Sort",
                            "Parent Relationship": "Outer",
                            "Parallel Aware": false,
                            "Async Capable": false,
                            "Startup Cost": 4317772.07,
                            "Total Cost": 4380063.74,
                            "Plan Rows": 24916668,
                            "Plan Width": 39,
                            "Sort Key": ["(split_part((p2.nomprenom)::text, '*'::text, 1))", "(split_part(split_part(replace((p2.nomprenom)::text, '/'::text, ' '::text), '*'::text, 2), ' '::text, 1))", "(substr((p2.datenaiss)::text, 1, 4))"],
                            "Plans": [
                              {
                                "Node Type": "Seq Scan",
                                "Parent Relationship": "Outer",
                                "Parallel Aware": false,
                                "Async Capable": false,
                                "Relation Name": "personne",
                                "Alias": "p2",
                                "Startup Cost": 0.00,
                                "Total Cost": 575366.68,
                                "Plan Rows": 24916668,
                                "Plan Width": 39
                              }
                            ]
                          }
                        ]
                      }
                    ]
                  }
                ]
              }
            ]
          }
        ]
      },
      "JIT": {
        "Functions": 25,
        "Options": {
          "Inlining": true,
          "Optimization": true,
          "Expressions": true,
          "Deforming": true
        }
      }
    }
  ]