[
  {
    "Plan": {
      "Node Type": "Limit",
      "Parallel Aware": false,
      "Async Capable": false,
      "Startup Cost": 5462627.74,
      "Total Cost": 5462627.76,
      "Plan Rows": 10,
      "Plan Width": 47,
      "Actual Startup Time": 72513.598,
      "Actual Total Time": 72569.346,
      "Actual Rows": 10,
      "Actual Loops": 1,
      "Output": ["nomprenom", "datenaiss", "lieunaiss", "(count(datedeces))"],
      "Shared Hit Blocks": 15916,
      "Shared Read Blocks": 310403,
      "Shared Dirtied Blocks": 0,
      "Shared Written Blocks": 0,
      "Local Hit Blocks": 0,
      "Local Read Blocks": 0,
      "Local Dirtied Blocks": 0,
      "Local Written Blocks": 0,
      "Temp Read Blocks": 551155,
      "Temp Written Blocks": 551994,
      "Plans": [
        {
          "Node Type": "Sort",
          "Parent Relationship": "Outer",
          "Parallel Aware": false,
          "Async Capable": false,
          "Startup Cost": 5462627.74,
          "Total Cost": 5490020.86,
          "Plan Rows": 10957247,
          "Plan Width": 47,
          "Actual Startup Time": 72319.396,
          "Actual Total Time": 72375.141,
          "Actual Rows": 10,
          "Actual Loops": 1,
          "Output": ["nomprenom", "datenaiss", "lieunaiss", "(count(datedeces))"],
          "Sort Key": ["(count(personne.datedeces)) DESC"],
          "Sort Method": "top-N heapsort",
          "Sort Space Used": 26,
          "Sort Space Type": "Memory",
          "Shared Hit Blocks": 15916,
          "Shared Read Blocks": 310403,
          "Shared Dirtied Blocks": 0,
          "Shared Written Blocks": 0,
          "Local Hit Blocks": 0,
          "Local Read Blocks": 0,
          "Local Dirtied Blocks": 0,
          "Local Written Blocks": 0,
          "Temp Read Blocks": 551155,
          "Temp Written Blocks": 551994,
          "Plans": [
            {
              "Node Type": "Aggregate",
              "Strategy": "Sorted",
              "Partial Mode": "Finalize",
              "Parent Relationship": "Outer",
              "Parallel Aware": false,
              "Async Capable": false,
              "Startup Cost": 2279114.20,
              "Total Cost": 5225845.57,
              "Plan Rows": 10957247,
              "Plan Width": 47,
              "Actual Startup Time": 31748.090,
              "Actual Total Time": 67957.292,
              "Actual Rows": 24694237,
              "Actual Loops": 1,
              "Output": ["nomprenom", "datenaiss", "lieunaiss", "count(datedeces)"],
              "Group Key": ["personne.nomprenom", "personne.datenaiss", "personne.lieunaiss"],
              "Shared Hit Blocks": 15913,
              "Shared Read Blocks": 310403,
              "Shared Dirtied Blocks": 0,
              "Shared Written Blocks": 0,
              "Local Hit Blocks": 0,
              "Local Read Blocks": 0,
              "Local Dirtied Blocks": 0,
              "Local Written Blocks": 0,
              "Temp Read Blocks": 551155,
              "Temp Written Blocks": 551994,
              "Plans": [
                {
                  "Node Type": "Gather Merge",
                  "Parent Relationship": "Outer",
                  "Parallel Aware": false,
                  "Async Capable": false,
                  "Startup Cost": 2279114.20,
                  "Total Cost": 4908688.48,
                  "Plan Rows": 20758462,
                  "Plan Width": 47,
                  "Actual Startup Time": 31748.052,
                  "Actual Total Time": 59972.489,
                  "Actual Rows": 24825269,
                  "Actual Loops": 1,
                  "Output": ["nomprenom", "datenaiss", "lieunaiss", "(PARTIAL count(datedeces))"],
                  "Workers Planned": 2,
                  "Workers Launched": 2,
                  "Shared Hit Blocks": 15913,
                  "Shared Read Blocks": 310403,
                  "Shared Dirtied Blocks": 0,
                  "Shared Written Blocks": 0,
                  "Local Hit Blocks": 0,
                  "Local Read Blocks": 0,
                  "Local Dirtied Blocks": 0,
                  "Local Written Blocks": 0,
                  "Temp Read Blocks": 551155,
                  "Temp Written Blocks": 551994,
                  "Plans": [
                    {
                      "Node Type": "Aggregate",
                      "Strategy": "Sorted",
                      "Partial Mode": "Partial",
                      "Parent Relationship": "Outer",
                      "Parallel Aware": false,
                      "Async Capable": false,
                      "Startup Cost": 2278114.18,
                      "Total Cost": 2511646.87,
                      "Plan Rows": 10379231,
                      "Plan Width": 47,
                      "Actual Startup Time": 31577.687,
                      "Actual Total Time": 45054.397,
                      "Actual Rows": 8275090,
                      "Actual Loops": 3,
                      "Output": ["nomprenom", "datenaiss", "lieunaiss", "PARTIAL count(datedeces)"],
                      "Group Key": ["personne.nomprenom", "personne.datenaiss", "personne.lieunaiss"],
                      "Shared Hit Blocks": 15913,
                      "Shared Read Blocks": 310403,
                      "Shared Dirtied Blocks": 0,
                      "Shared Written Blocks": 0,
                      "Local Hit Blocks": 0,
                      "Local Read Blocks": 0,
                      "Local Dirtied Blocks": 0,
                      "Local Written Blocks": 0,
                      "Temp Read Blocks": 551155,
                      "Temp Written Blocks": 551994,
                      "Workers": [
                        {
                          "Worker Number": 0,
                          "Actual Startup Time": 31530.792,
                          "Actual Total Time": 46646.913,
                          "Actual Rows": 8341154,
                          "Actual Loops": 1,
                          "JIT": {
                            "Functions": 7,
                            "Options": {
                              "Inlining": true,
                              "Optimization": true,
                              "Expressions": true,
                              "Deforming": true
                            },
                            "Timing": {
                              "Generation": 0.831,
                              "Inlining": 55.184,
                              "Optimization": 63.695,
                              "Emission": 40.389,
                              "Total": 160.098
                            }
                          },
                          "Shared Hit Blocks": 5520,
                          "Shared Read Blocks": 104090,
                          "Shared Dirtied Blocks": 0,
                          "Shared Written Blocks": 0,
                          "Local Hit Blocks": 0,
                          "Local Read Blocks": 0,
                          "Local Dirtied Blocks": 0,
                          "Local Written Blocks": 0,
                          "Temp Read Blocks": 185139,
                          "Temp Written Blocks": 185420
                        },
                        {
                          "Worker Number": 1,
                          "Actual Startup Time": 31454.669,
                          "Actual Total Time": 46032.162,
                          "Actual Rows": 8318261,
                          "Actual Loops": 1,
                          "JIT": {
                            "Functions": 7,
                            "Options": {
                              "Inlining": true,
                              "Optimization": true,
                              "Expressions": true,
                              "Deforming": true
                            },
                            "Timing": {
                              "Generation": 0.836,
                              "Inlining": 55.182,
                              "Optimization": 63.631,
                              "Emission": 40.467,
                              "Total": 160.117
                            }
                          },
                          "Shared Hit Blocks": 5643,
                          "Shared Read Blocks": 103849,
                          "Shared Dirtied Blocks": 0,
                          "Shared Written Blocks": 0,
                          "Local Hit Blocks": 0,
                          "Local Read Blocks": 0,
                          "Local Dirtied Blocks": 0,
                          "Local Written Blocks": 0,
                          "Temp Read Blocks": 184918,
                          "Temp Written Blocks": 185200
                        }
                      ],
                      "Plans": [
                        {
                          "Node Type": "Sort",
                          "Parent Relationship": "Outer",
                          "Parallel Aware": false,
                          "Async Capable": false,
                          "Startup Cost": 2278114.18,
                          "Total Cost": 2304062.25,
                          "Plan Rows": 10379231,
                          "Plan Width": 48,
                          "Actual Startup Time": 31577.595,
                          "Actual Total Time": 41181.712,
                          "Actual Rows": 8305556,
                          "Actual Loops": 3,
                          "Output": ["nomprenom", "datenaiss", "lieunaiss", "datedeces"],
                          "Sort Key": ["personne.nomprenom", "personne.datenaiss", "personne.lieunaiss"],
                          "Sort Method": "external merge",
                          "Sort Space Used": 472776,
                          "Sort Space Type": "Disk",
                          "Shared Hit Blocks": 15913,
                          "Shared Read Blocks": 310403,
                          "Shared Dirtied Blocks": 0,
                          "Shared Written Blocks": 0,
                          "Local Hit Blocks": 0,
                          "Local Read Blocks": 0,
                          "Local Dirtied Blocks": 0,
                          "Local Written Blocks": 0,
                          "Temp Read Blocks": 551155,
                          "Temp Written Blocks": 551994,
                          "Workers": [
                            {
                              "Worker Number": 0,
                              "Actual Startup Time": 31530.738,
                              "Actual Total Time": 42342.728,
                              "Actual Rows": 8371403,
                              "Actual Loops": 1,
                              "Sort Method": "external merge",
                              "Sort Space Used": 483192,
                              "Sort Space Type": "Disk",
                              "Shared Hit Blocks": 5520,
                              "Shared Read Blocks": 104090,
                              "Shared Dirtied Blocks": 0,
                              "Shared Written Blocks": 0,
                              "Local Hit Blocks": 0,
                              "Local Read Blocks": 0,
                              "Local Dirtied Blocks": 0,
                              "Local Written Blocks": 0,
                              "Temp Read Blocks": 185139,
                              "Temp Written Blocks": 185420
                            },
                            {
                              "Worker Number": 1,
                              "Actual Startup Time": 31454.522,
                              "Actual Total Time": 41899.287,
                              "Actual Rows": 8359728,
                              "Actual Loops": 1,
                              "Sort Method": "external merge",
                              "Sort Space Used": 483024,
                              "Sort Space Type": "Disk",
                              "Shared Hit Blocks": 5643,
                              "Shared Read Blocks": 103849,
                              "Shared Dirtied Blocks": 0,
                              "Shared Written Blocks": 0,
                              "Local Hit Blocks": 0,
                              "Local Read Blocks": 0,
                              "Local Dirtied Blocks": 0,
                              "Local Written Blocks": 0,
                              "Temp Read Blocks": 184918,
                              "Temp Written Blocks": 185200
                            }
                          ],
                          "Plans": [
                            {
                              "Node Type": "Seq Scan",
                              "Parent Relationship": "Outer",
                              "Parallel Aware": true,
                              "Async Capable": false,
                              "Relation Name": "personne",
                              "Schema": "public",
                              "Alias": "personne",
                              "Startup Cost": 0.00,
                              "Total Cost": 429992.31,
                              "Plan Rows": 10379231,
                              "Plan Width": 48,
                              "Actual Startup Time": 106.377,
                              "Actual Total Time": 1298.380,
                              "Actual Rows": 8305556,
                              "Actual Loops": 3,
                              "Output": ["nomprenom", "datenaiss", "lieunaiss", "datedeces"],
                              "Shared Hit Blocks": 15797,
                              "Shared Read Blocks": 310403,
                              "Shared Dirtied Blocks": 0,
                              "Shared Written Blocks": 0,
                              "Local Hit Blocks": 0,
                              "Local Read Blocks": 0,
                              "Local Dirtied Blocks": 0,
                              "Local Written Blocks": 0,
                              "Temp Read Blocks": 0,
                              "Temp Written Blocks": 0,
                              "Workers": [
                                {
                                  "Worker Number": 0,
                                  "Actual Startup Time": 159.529,
                                  "Actual Total Time": 1335.270,
                                  "Actual Rows": 8371403,
                                  "Actual Loops": 1,
                                  "Shared Hit Blocks": 5462,
                                  "Shared Read Blocks": 104090,
                                  "Shared Dirtied Blocks": 0,
                                  "Shared Written Blocks": 0,
                                  "Local Hit Blocks": 0,
                                  "Local Read Blocks": 0,
                                  "Local Dirtied Blocks": 0,
                                  "Local Written Blocks": 0,
                                  "Temp Read Blocks": 0,
                                  "Temp Written Blocks": 0
                                },
                                {
                                  "Worker Number": 1,
                                  "Actual Startup Time": 159.554,
                                  "Actual Total Time": 1327.183,
                                  "Actual Rows": 8359728,
                                  "Actual Loops": 1,
                                  "Shared Hit Blocks": 5585,
                                  "Shared Read Blocks": 103849,
                                  "Shared Dirtied Blocks": 0,
                                  "Shared Written Blocks": 0,
                                  "Local Hit Blocks": 0,
                                  "Local Read Blocks": 0,
                                  "Local Dirtied Blocks": 0,
                                  "Local Written Blocks": 0,
                                  "Temp Read Blocks": 0,
                                  "Temp Written Blocks": 0
                                }
                              ]
                            }
                          ]
                        }
                      ]
                    }
                  ]
                }
              ]
            }
          ]
        }
      ]
    },
    "Planning": {
      "Shared Hit Blocks": 123,
      "Shared Read Blocks": 2,
      "Shared Dirtied Blocks": 0,
      "Shared Written Blocks": 0,
      "Local Hit Blocks": 0,
      "Local Read Blocks": 0,
      "Local Dirtied Blocks": 0,
      "Local Written Blocks": 0,
      "Temp Read Blocks": 0,
      "Temp Written Blocks": 0
    },
    "Planning Time": 1.257,
    "Triggers": [
    ],
    "JIT": {
      "Functions": 25,
      "Options": {
        "Inlining": true,
        "Optimization": true,
        "Expressions": true,
        "Deforming": true
      },
      "Timing": {
        "Generation": 2.880,
        "Inlining": 166.084,
        "Optimization": 208.836,
        "Emission": 137.572,
        "Total": 515.373
      }
    },
    "Execution Time": 72654.168
  }
]