[
  {
    "Plan": {
      "Node Type": "Group",
      "Parallel Aware": false,
      "Async Capable": false,
      "Startup Cost": 7887120.38,
      "Total Cost": 13190067.07,
      "Plan Rows": 10957247,
      "Plan Width": 64,
      "Actual Startup Time": 695861.864,
      "Actual Total Time": 800502.356,
      "Actual Rows": 493783,
      "Actual Loops": 1,
      "Output": ["(split_part((p1.nomprenom)::text, '*'::text, 1))", "(split_part(split_part(replace((p1.nomprenom)::text, '/'::text, ' '::text), '*'::text, 2), ' '::text, 1))"],
      "Group Key": ["(split_part((p1.nomprenom)::text, '*'::text, 1))", "(split_part(split_part(replace((p1.nomprenom)::text, '/'::text, ' '::text), '*'::text, 2), ' '::text, 1))"],
      "Shared Hit Blocks": 183761,
      "Shared Read Blocks": 1121049,
      "Shared Dirtied Blocks": 0,
      "Shared Written Blocks": 0,
      "Local Hit Blocks": 0,
      "Local Read Blocks": 0,
      "Local Dirtied Blocks": 0,
      "Local Written Blocks": 0,
      "Temp Read Blocks": 3274604,
      "Temp Written Blocks": 3278663,
      "Plans": [
        {
          "Node Type": "Gather Merge",
          "Parent Relationship": "Outer",
          "Parallel Aware": false,
          "Async Capable": false,
          "Startup Cost": 7887120.38,
          "Total Cost": 12970922.13,
          "Plan Rows": 21914494,
          "Plan Width": 64,
          "Actual Startup Time": 695861.798,
          "Actual Total Time": 800330.974,
          "Actual Rows": 1053643,
          "Actual Loops": 1,
          "Output": ["(split_part((p1.nomprenom)::text, '*'::text, 1))", "(split_part(split_part(replace((p1.nomprenom)::text, '/'::text, ' '::text), '*'::text, 2), ' '::text, 1))"],
          "Workers Planned": 2,
          "Workers Launched": 2,
          "Shared Hit Blocks": 183761,
          "Shared Read Blocks": 1121049,
          "Shared Dirtied Blocks": 0,
          "Shared Written Blocks": 0,
          "Local Hit Blocks": 0,
          "Local Read Blocks": 0,
          "Local Dirtied Blocks": 0,
          "Local Written Blocks": 0,
          "Temp Read Blocks": 3274604,
          "Temp Written Blocks": 3278663,
          "Plans": [
            {
              "Node Type": "Group",
              "Parent Relationship": "Outer",
              "Parallel Aware": false,
              "Async Capable": false,
              "Startup Cost": 7886120.36,
              "Total Cost": 10440445.74,
              "Plan Rows": 10957247,
              "Plan Width": 64,
              "Actual Startup Time": 665212.765,
              "Actual Total Time": 745179.843,
              "Actual Rows": 351214,
              "Actual Loops": 3,
              "Output": ["(split_part((p1.nomprenom)::text, '*'::text, 1))", "(split_part(split_part(replace((p1.nomprenom)::text, '/'::text, ' '::text), '*'::text, 2), ' '::text, 1))"],
              "Group Key": ["(split_part((p1.nomprenom)::text, '*'::text, 1))", "(split_part(split_part(replace((p1.nomprenom)::text, '/'::text, ' '::text), '*'::text, 2), ' '::text, 1))"],
              "Shared Hit Blocks": 183761,
              "Shared Read Blocks": 1121049,
              "Shared Dirtied Blocks": 0,
              "Shared Written Blocks": 0,
              "Local Hit Blocks": 0,
              "Local Read Blocks": 0,
              "Local Dirtied Blocks": 0,
              "Local Written Blocks": 0,
              "Temp Read Blocks": 3274604,
              "Temp Written Blocks": 3278663,
              "Workers": [
                {
                  "Worker Number": 0,
                  "Actual Startup Time": 653055.215,
                  "Actual Total Time": 730913.073,
                  "Actual Rows": 353114,
                  "Actual Loops": 1,
                  "JIT": {
                    "Functions": 23,
                    "Options": {
                      "Inlining": true,
                      "Optimization": true,
                      "Expressions": true,
                      "Deforming": true
                    },
                    "Timing": {
                      "Generation": 7.304,
                      "Inlining": 89.771,
                      "Optimization": 223.080,
                      "Emission": 136.304,
                      "Total": 456.459
                    }
                  },
                  "Shared Hit Blocks": 69022,
                  "Shared Read Blocks": 367394,
                  "Shared Dirtied Blocks": 0,
                  "Shared Written Blocks": 0,
                  "Local Hit Blocks": 0,
                  "Local Read Blocks": 0,
                  "Local Dirtied Blocks": 0,
                  "Local Written Blocks": 0,
                  "Temp Read Blocks": 1094384,
                  "Temp Written Blocks": 1095741
                },
                {
                  "Worker Number": 1,
                  "Actual Startup Time": 695187.835,
                  "Actual Total Time": 774911.679,
                  "Actual Rows": 355720,
                  "Actual Loops": 1,
                  "JIT": {
                    "Functions": 23,
                    "Options": {
                      "Inlining": true,
                      "Optimization": true,
                      "Expressions": true,
                      "Deforming": true
                    },
                    "Timing": {
                      "Generation": 7.207,
                      "Inlining": 89.621,
                      "Optimization": 221.177,
                      "Emission": 133.707,
                      "Total": 451.712
                    }
                  },
                  "Shared Hit Blocks": 93051,
                  "Shared Read Blocks": 344455,
                  "Shared Dirtied Blocks": 0,
                  "Shared Written Blocks": 0,
                  "Local Hit Blocks": 0,
                  "Local Read Blocks": 0,
                  "Local Dirtied Blocks": 0,
                  "Local Written Blocks": 0,
                  "Temp Read Blocks": 1097320,
                  "Temp Written Blocks": 1098681
                }
              ],
              "Plans": [
                {
                  "Node Type": "Merge Join",
                  "Parent Relationship": "Outer",
                  "Parallel Aware": false,
                  "Async Capable": false,
                  "Join Type": "Inner",
                  "Startup Cost": 7886120.36,
                  "Total Cost": 10169515.18,
                  "Plan Rows": 32271618,
                  "Plan Width": 64,
                  "Actual Startup Time": 665212.756,
                  "Actual Total Time": 744376.486,
                  "Actual Rows": 7981307,
                  "Actual Loops": 3,
                  "Output": ["(split_part((p1.nomprenom)::text, '*'::text, 1))", "(split_part(split_part(replace((p1.nomprenom)::text, '/'::text, ' '::text), '*'::text, 2), ' '::text, 1))"],
                  "Inner Unique": false,
                  "Merge Cond": "(((split_part((p1.nomprenom)::text, '*'::text, 1)) = (split_part((p2.nomprenom)::text, '*'::text, 1))) AND ((split_part(split_part(replace((p1.nomprenom)::text, '/'::text, ' '::text), '*'::text, 2), ' '::text, 1)) = (split_part(split_part(replace((p2.nomprenom)::text, '/'::text, ' '::text), '*'::text, 2), ' '::text, 1))) AND ((substr((p1.datenaiss)::text, 1, 4)) = (substr((p2.datenaiss)::text, 1, 4))))",
                  "Join Filter": "((p1.lieunaiss)::text <> (p2.lieunaiss)::text)",
                  "Rows Removed by Join Filter": 8585280,
                  "Shared Hit Blocks": 183761,
                  "Shared Read Blocks": 1121049,
                  "Shared Dirtied Blocks": 0,
                  "Shared Written Blocks": 0,
                  "Local Hit Blocks": 0,
                  "Local Read Blocks": 0,
                  "Local Dirtied Blocks": 0,
                  "Local Written Blocks": 0,
                  "Temp Read Blocks": 3274604,
                  "Temp Written Blocks": 3278663,
                  "Workers": [
                    {
                      "Worker Number": 0,
                      "Actual Startup Time": 653055.208,
                      "Actual Total Time": 730105.933,
                      "Actual Rows": 8066346,
                      "Actual Loops": 1,
                      "Shared Hit Blocks": 69022,
                      "Shared Read Blocks": 367394,
                      "Shared Dirtied Blocks": 0,
                      "Shared Written Blocks": 0,
                      "Local Hit Blocks": 0,
                      "Local Read Blocks": 0,
                      "Local Dirtied Blocks": 0,
                      "Local Written Blocks": 0,
                      "Temp Read Blocks": 1094384,
                      "Temp Written Blocks": 1095741
                    },
                    {
                      "Worker Number": 1,
                      "Actual Startup Time": 695187.829,
                      "Actual Total Time": 774100.175,
                      "Actual Rows": 8258813,
                      "Actual Loops": 1,
                      "Shared Hit Blocks": 93051,
                      "Shared Read Blocks": 344455,
                      "Shared Dirtied Blocks": 0,
                      "Shared Written Blocks": 0,
                      "Local Hit Blocks": 0,
                      "Local Read Blocks": 0,
                      "Local Dirtied Blocks": 0,
                      "Local Written Blocks": 0,
                      "Temp Read Blocks": 1097320,
                      "Temp Written Blocks": 1098681
                    }
                  ],
                  "Plans": [
                    {
                      "Node Type": "Sort",
                      "Parent Relationship": "Outer",
                      "Parallel Aware": false,
                      "Async Capable": false,
                      "Startup Cost": 2207162.18,
                      "Total Cost": 2233110.25,
                      "Plan Rows": 10379231,
                      "Plan Width": 39,
                      "Actual Startup Time": 41114.034,
                      "Actual Total Time": 77275.702,
                      "Actual Rows": 8305556,
                      "Actual Loops": 3,
                      "Output": ["p1.nomprenom", "p1.datenaiss", "p1.lieunaiss", "(split_part((p1.nomprenom)::text, '*'::text, 1))", "(split_part(split_part(replace((p1.nomprenom)::text, '/'::text, ' '::text), '*'::text, 2), ' '::text, 1))", "(substr((p1.datenaiss)::text, 1, 4))"],
                      "Sort Key": ["(split_part((p1.nomprenom)::text, '*'::text, 1))", "(split_part(split_part(replace((p1.nomprenom)::text, '/'::text, ' '::text), '*'::text, 2), ' '::text, 1))", "(substr((p1.datenaiss)::text, 1, 4))"],
                      "Sort Method": "external merge",
                      "Sort Space Used": 551112,
                      "Sort Space Type": "Disk",
                      "Shared Hit Blocks": 15939,
                      "Shared Read Blocks": 310271,
                      "Shared Dirtied Blocks": 0,
                      "Shared Written Blocks": 0,
                      "Local Hit Blocks": 0,
                      "Local Read Blocks": 0,
                      "Local Dirtied Blocks": 0,
                      "Local Written Blocks": 0,
                      "Temp Read Blocks": 690596,
                      "Temp Written Blocks": 691609,
                      "Workers": [
                        {
                          "Worker Number": 0,
                          "Actual Startup Time": 40900.116,
                          "Actual Total Time": 75226.009,
                          "Actual Rows": 8420470,
                          "Actual Loops": 1,
                          "Sort Method": "external merge",
                          "Sort Space Used": 580128,
                          "Sort Space Type": "Disk",
                          "Shared Hit Blocks": 5519,
                          "Shared Read Blocks": 104697,
                          "Shared Dirtied Blocks": 0,
                          "Shared Written Blocks": 0,
                          "Local Hit Blocks": 0,
                          "Local Read Blocks": 0,
                          "Local Dirtied Blocks": 0,
                          "Local Written Blocks": 0,
                          "Temp Read Blocks": 233144,
                          "Temp Written Blocks": 233486
                        },
                        {
                          "Worker Number": 1,
                          "Actual Startup Time": 41388.785,
                          "Actual Total Time": 79203.291,
                          "Actual Rows": 8504027,
                          "Actual Loops": 1,
                          "Sort Method": "external merge",
                          "Sort Space Used": 585264,
                          "Sort Space Type": "Disk",
                          "Shared Hit Blocks": 5189,
                          "Shared Read Blocks": 106117,
                          "Shared Dirtied Blocks": 0,
                          "Shared Written Blocks": 0,
                          "Local Hit Blocks": 0,
                          "Local Read Blocks": 0,
                          "Local Dirtied Blocks": 0,
                          "Local Written Blocks": 0,
                          "Temp Read Blocks": 235908,
                          "Temp Written Blocks": 236254
                        }
                      ],
                      "Plans": [
                        {
                          "Node Type": "Seq Scan",
                          "Parent Relationship": "Outer",
                          "Parallel Aware": true,
                          "Async Capable": false,
                          "Relation Name": "personne",
                          "Schema": "public",
                          "Alias": "p1",
                          "Startup Cost": 0.00,
                          "Total Cost": 429992.31,
                          "Plan Rows": 10379231,
                          "Plan Width": 39,
                          "Actual Startup Time": 424.381,
                          "Actual Total Time": 4675.205,
                          "Actual Rows": 8305556,
                          "Actual Loops": 3,
                          "Output": ["p1.nomprenom", "p1.datenaiss", "p1.lieunaiss", "split_part((p1.nomprenom)::text, '*'::text, 1)", "split_part(split_part(replace((p1.nomprenom)::text, '/'::text, ' '::text), '*'::text, 2), ' '::text, 1)", "substr((p1.datenaiss)::text, 1, 4)"],
                          "Shared Hit Blocks": 15929,
                          "Shared Read Blocks": 310271,
                          "Shared Dirtied Blocks": 0,
                          "Shared Written Blocks": 0,
                          "Local Hit Blocks": 0,
                          "Local Read Blocks": 0,
                          "Local Dirtied Blocks": 0,
                          "Local Written Blocks": 0,
                          "Temp Read Blocks": 0,
                          "Temp Written Blocks": 0,
                          "Workers": [
                            {
                              "Worker Number": 0,
                              "Actual Startup Time": 449.668,
                              "Actual Total Time": 4758.973,
                              "Actual Rows": 8420470,
                              "Actual Loops": 1,
                              "Shared Hit Blocks": 5514,
                              "Shared Read Blocks": 104697,
                              "Shared Dirtied Blocks": 0,
                              "Shared Written Blocks": 0,
                              "Local Hit Blocks": 0,
                              "Local Read Blocks": 0,
                              "Local Dirtied Blocks": 0,
                              "Local Written Blocks": 0,
                              "Temp Read Blocks": 0,
                              "Temp Written Blocks": 0
                            },
                            {
                              "Worker Number": 1,
                              "Actual Startup Time": 445.013,
                              "Actual Total Time": 4734.870,
                              "Actual Rows": 8504027,
                              "Actual Loops": 1,
                              "Shared Hit Blocks": 5184,
                              "Shared Read Blocks": 106117,
                              "Shared Dirtied Blocks": 0,
                              "Shared Written Blocks": 0,
                              "Local Hit Blocks": 0,
                              "Local Read Blocks": 0,
                              "Local Dirtied Blocks": 0,
                              "Local Written Blocks": 0,
                              "Temp Read Blocks": 0,
                              "Temp Written Blocks": 0
                            }
                          ]
                        }
                      ]
                    },
                    {
                      "Node Type": "Materialize",
                      "Parent Relationship": "Inner",
                      "Parallel Aware": false,
                      "Async Capable": false,
                      "Startup Cost": 5678958.18,
                      "Total Cost": 5803508.95,
                      "Plan Rows": 24910154,
                      "Plan Width": 39,
                      "Actual Startup Time": 624097.556,
                      "Actual Total Time": 655542.199,
                      "Actual Rows": 31050354,
                      "Actual Loops": 3,
                      "Output": ["p2.datenaiss", "p2.nomprenom", "p2.lieunaiss", "(split_part((p2.nomprenom)::text, '*'::text, 1))", "(split_part(split_part(replace((p2.nomprenom)::text, '/'::text, ' '::text), '*'::text, 2), ' '::text, 1))", "(substr((p2.datenaiss)::text, 1, 4))"],
                      "Shared Hit Blocks": 167822,
                      "Shared Read Blocks": 810778,
                      "Shared Dirtied Blocks": 0,
                      "Shared Written Blocks": 0,
                      "Local Hit Blocks": 0,
                      "Local Read Blocks": 0,
                      "Local Dirtied Blocks": 0,
                      "Local Written Blocks": 0,
                      "Temp Read Blocks": 2584008,
                      "Temp Written Blocks": 2587054,
                      "Workers": [
                        {
                          "Worker Number": 0,
                          "Actual Startup Time": 612153.816,
                          "Actual Total Time": 643287.653,
                          "Actual Rows": 31150957,
                          "Actual Loops": 1,
                          "Shared Hit Blocks": 63503,
                          "Shared Read Blocks": 262697,
                          "Shared Dirtied Blocks": 0,
                          "Shared Written Blocks": 0,
                          "Local Hit Blocks": 0,
                          "Local Read Blocks": 0,
                          "Local Dirtied Blocks": 0,
                          "Local Written Blocks": 0,
                          "Temp Read Blocks": 861240,
                          "Temp Written Blocks": 862255
                        },
                        {
                          "Worker Number": 1,
                          "Actual Startup Time": 653797.996,
                          "Actual Total Time": 683256.980,
                          "Actual Rows": 31319407,
                          "Actual Loops": 1,
                          "Shared Hit Blocks": 87862,
                          "Shared Read Blocks": 238338,
                          "Shared Dirtied Blocks": 0,
                          "Shared Written Blocks": 0,
                          "Local Hit Blocks": 0,
                          "Local Read Blocks": 0,
                          "Local Dirtied Blocks": 0,
                          "Local Written Blocks": 0,
                          "Temp Read Blocks": 861412,
                          "Temp Written Blocks": 862427
                        }
                      ],
                      "Plans": [
                        {
                          "Node Type": "Sort",
                          "Parent Relationship": "Outer",
                          "Parallel Aware": false,
                          "Async Capable": false,
                          "Startup Cost": 5678958.18,
                          "Total Cost": 5741233.57,
                          "Plan Rows": 24910154,
                          "Plan Width": 39,
                          "Actual Startup Time": 624097.516,
                          "Actual Total Time": 651684.351,
                          "Actual Rows": 24916668,
                          "Actual Loops": 3,
                          "Output": ["p2.datenaiss", "p2.nomprenom", "p2.lieunaiss", "(split_part((p2.nomprenom)::text, '*'::text, 1))", "(split_part(split_part(replace((p2.nomprenom)::text, '/'::text, ' '::text), '*'::text, 2), ' '::text, 1))", "(substr((p2.datenaiss)::text, 1, 4))"],
                          "Sort Key": ["(split_part((p2.nomprenom)::text, '*'::text, 1))", "(split_part(split_part(replace((p2.nomprenom)::text, '/'::text, ' '::text), '*'::text, 2), ' '::text, 1))", "(substr((p2.datenaiss)::text, 1, 4))"],
                          "Sort Method": "external merge",
                          "Sort Space Used": 1716392,
                          "Sort Space Type": "Disk",
                          "Shared Hit Blocks": 167822,
                          "Shared Read Blocks": 810778,
                          "Shared Dirtied Blocks": 0,
                          "Shared Written Blocks": 0,
                          "Local Hit Blocks": 0,
                          "Local Read Blocks": 0,
                          "Local Dirtied Blocks": 0,
                          "Local Written Blocks": 0,
                          "Temp Read Blocks": 2584008,
                          "Temp Written Blocks": 2587054,
                          "Workers": [
                            {
                              "Worker Number": 0,
                              "Actual Startup Time": 612153.781,
                              "Actual Total Time": 639452.916,
                              "Actual Rows": 24916669,
                              "Actual Loops": 1,
                              "Sort Method": "external merge",
                              "Sort Space Used": 1716384,
                              "Sort Space Type": "Disk",
                              "Shared Hit Blocks": 63503,
                              "Shared Read Blocks": 262697,
                              "Shared Dirtied Blocks": 0,
                              "Shared Written Blocks": 0,
                              "Local Hit Blocks": 0,
                              "Local Read Blocks": 0,
                              "Local Dirtied Blocks": 0,
                              "Local Written Blocks": 0,
                              "Temp Read Blocks": 861240,
                              "Temp Written Blocks": 862255
                            },
                            {
                              "Worker Number": 1,
                              "Actual Startup Time": 653797.958,
                              "Actual Total Time": 679317.315,
                              "Actual Rows": 24916669,
                              "Actual Loops": 1,
                              "Sort Method": "external merge",
                              "Sort Space Used": 1716392,
                              "Sort Space Type": "Disk",
                              "Shared Hit Blocks": 87862,
                              "Shared Read Blocks": 238338,
                              "Shared Dirtied Blocks": 0,
                              "Shared Written Blocks": 0,
                              "Local Hit Blocks": 0,
                              "Local Read Blocks": 0,
                              "Local Dirtied Blocks": 0,
                              "Local Written Blocks": 0,
                              "Temp Read Blocks": 861412,
                              "Temp Written Blocks": 862427
                            }
                          ],
                          "Plans": [
                            {
                              "Node Type": "Seq Scan",
                              "Parent Relationship": "Outer",
                              "Parallel Aware": false,
                              "Async Capable": false,
                              "Relation Name": "personne",
                              "Schema": "public",
                              "Alias": "p2",
                              "Startup Cost": 0.00,
                              "Total Cost": 575301.54,
                              "Plan Rows": 24910154,
                              "Plan Width": 39,
                              "Actual Startup Time": 0.096,
                              "Actual Total Time": 13278.260,
                              "Actual Rows": 24916669,
                              "Actual Loops": 3,
                              "Output": ["p2.datenaiss", "p2.nomprenom", "p2.lieunaiss", "split_part((p2.nomprenom)::text, '*'::text, 1)", "split_part(split_part(replace((p2.nomprenom)::text, '/'::text, ' '::text), '*'::text, 2), ' '::text, 1)", "substr((p2.datenaiss)::text, 1, 4)"],
                              "Shared Hit Blocks": 167822,
                              "Shared Read Blocks": 810778,
                              "Shared Dirtied Blocks": 0,
                              "Shared Written Blocks": 0,
                              "Local Hit Blocks": 0,
                              "Local Read Blocks": 0,
                              "Local Dirtied Blocks": 0,
                              "Local Written Blocks": 0,
                              "Temp Read Blocks": 0,
                              "Temp Written Blocks": 0,
                              "Workers": [
                                {
                                  "Worker Number": 0,
                                  "Actual Startup Time": 0.070,
                                  "Actual Total Time": 13802.124,
                                  "Actual Rows": 24916669,
                                  "Actual Loops": 1,
                                  "Shared Hit Blocks": 63503,
                                  "Shared Read Blocks": 262697,
                                  "Shared Dirtied Blocks": 0,
                                  "Shared Written Blocks": 0,
                                  "Local Hit Blocks": 0,
                                  "Local Read Blocks": 0,
                                  "Local Dirtied Blocks": 0,
                                  "Local Written Blocks": 0,
                                  "Temp Read Blocks": 0,
                                  "Temp Written Blocks": 0
                                },
                                {
                                  "Worker Number": 1,
                                  "Actual Startup Time": 0.060,
                                  "Actual Total Time": 13437.800,
                                  "Actual Rows": 24916669,
                                  "Actual Loops": 1,
                                  "Shared Hit Blocks": 87862,
                                  "Shared Read Blocks": 238338,
                                  "Shared Dirtied Blocks": 0,
                                  "Shared Written Blocks": 0,
                                  "Local Hit Blocks": 0,
                                  "Local Read Blocks": 0,
                                  "Local Dirtied Blocks": 0,
                                  "Local Written Blocks": 0,
                                  "Temp Read Blocks": 0,
                                  "Temp Written Blocks": 0
                                }
                              ]
                            }
                          ]
                        }
                      ]
                    }
                  ]
                }
              ]
            }
          ]
        }
      ]
    },
    "Planning": {
      "Shared Hit Blocks": 6,
      "Shared Read Blocks": 0,
      "Shared Dirtied Blocks": 0,
      "Shared Written Blocks": 0,
      "Local Hit Blocks": 0,
      "Local Read Blocks": 0,
      "Local Dirtied Blocks": 0,
      "Local Written Blocks": 0,
      "Temp Read Blocks": 0,
      "Temp Written Blocks": 0
    },
    "Planning Time": 1.144,
    "Triggers": [
    ],
    "JIT": {
      "Functions": 71,
      "Options": {
        "Inlining": true,
        "Optimization": true,
        "Expressions": true,
        "Deforming": true
      },
      "Timing": {
        "Generation": 22.440,
        "Inlining": 189.978,
        "Optimization": 668.961,
        "Emission": 412.004,
        "Total": 1293.383
      }
    },
    "Execution Time": 800787.139
  }
]