[
  {
    "Plan": {
      "Node Type": "Sort",
      "Parallel Aware": false,
      "Async Capable": false,
      "Startup Cost": 19299466.86,
      "Total Cost": 19299467.18,
      "Plan Rows": 130,
      "Plan Width": 564,
      "Actual Startup Time": 499353.142,
      "Actual Total Time": 499353.185,
      "Actual Rows": 18,
      "Actual Loops": 1,
      "Output": ["r.reg", "r.nom", "(count(ROW(personne.nomprenom, personne.sexe, personne.datenaiss, personne.lieunaiss, personne.commnaiss, personne.paysnaiss, personne.datedeces, personne.lieudeces, personne.actedeces)))", "(justify_interval(((((avg((to_date((personne.datedeces)::text, 'YYYYMMDD'::text) - to_date((personne.datenaiss)::text, 'YYYYMMDD'::text))))::character varying)::text || ' days'::text))::interval))"],
      "Sort Key": ["(justify_interval(((((avg((to_date((personne.datedeces)::text, 'YYYYMMDD'::text) - to_date((personne.datenaiss)::text, 'YYYYMMDD'::text))))::character varying)::text || ' days'::text))::interval)) DESC"],
      "Sort Method": "quicksort",
      "Sort Space Used": 26,
      "Sort Space Type": "Memory",
      "Shared Hit Blocks": 15979,
      "Shared Read Blocks": 310553,
      "Shared Dirtied Blocks": 0,
      "Shared Written Blocks": 0,
      "Local Hit Blocks": 0,
      "Local Read Blocks": 0,
      "Local Dirtied Blocks": 0,
      "Local Written Blocks": 0,
      "Temp Read Blocks": 0,
      "Temp Written Blocks": 0,
      "Plans": [
        {
          "Node Type": "Aggregate",
          "Strategy": "Hashed",
          "Partial Mode": "Simple",
          "Parent Relationship": "Outer",
          "Parallel Aware": false,
          "Async Capable": false,
          "Startup Cost": 19299458.72,
          "Total Cost": 19299462.29,
          "Plan Rows": 130,
          "Plan Width": 564,
          "Actual Startup Time": 499353.009,
          "Actual Total Time": 499353.070,
          "Actual Rows": 18,
          "Actual Loops": 1,
          "Output": ["r.reg", "r.nom", "count(ROW(personne.nomprenom, personne.sexe, personne.datenaiss, personne.lieunaiss, personne.commnaiss, personne.paysnaiss, personne.datedeces, personne.lieudeces, personne.actedeces))", "justify_interval(((((avg((to_date((personne.datedeces)::text, 'YYYYMMDD'::text) - to_date((personne.datenaiss)::text, 'YYYYMMDD'::text))))::character varying)::text || ' days'::text))::interval)"],
          "Group Key": ["r.reg", "r.nom"],
          "Planned Partitions": 0,
          "HashAgg Batches": 1,
          "Peak Memory Usage": 40,
          "Disk Usage": 0,
          "Shared Hit Blocks": 15974,
          "Shared Read Blocks": 310553,
          "Shared Dirtied Blocks": 0,
          "Shared Written Blocks": 0,
          "Local Hit Blocks": 0,
          "Local Read Blocks": 0,
          "Local Dirtied Blocks": 0,
          "Local Written Blocks": 0,
          "Temp Read Blocks": 0,
          "Temp Written Blocks": 0,
          "Plans": [
            {
              "Node Type": "Hash Join",
              "Parent Relationship": "Outer",
              "Parallel Aware": false,
              "Async Capable": false,
              "Join Type": "Inner",
              "Startup Cost": 1111.59,
              "Total Cost": 19284154.27,
              "Plan Rows": 874540,
              "Plan Width": 611,
              "Actual Startup Time": 3532.492,
              "Actual Total Time": 475728.379,
              "Actual Rows": 21258116,
              "Actual Loops": 1,
              "Output": ["r.reg", "r.nom", "personne.nomprenom", "personne.sexe", "personne.datenaiss", "personne.lieunaiss", "personne.commnaiss", "personne.paysnaiss", "personne.datedeces", "personne.lieudeces", "personne.actedeces"],
              "Inner Unique": false,
              "Hash Cond": "((c.dep)::text = (d.dep)::text)",
              "Shared Hit Blocks": 15974,
              "Shared Read Blocks": 310553,
              "Shared Dirtied Blocks": 0,
              "Shared Written Blocks": 0,
              "Local Hit Blocks": 0,
              "Local Read Blocks": 0,
              "Local Dirtied Blocks": 0,
              "Local Written Blocks": 0,
              "Temp Read Blocks": 0,
              "Temp Written Blocks": 0,
              "Plans": [
                {
                  "Node Type": "Hash Join",
                  "Parent Relationship": "Outer",
                  "Parallel Aware": false,
                  "Async Capable": false,
                  "Join Type": "Inner",
                  "Startup Cost": 1094.00,
                  "Total Cost": 19271867.45,
                  "Plan Rows": 939667,
                  "Plan Width": 74,
                  "Actual Startup Time": 1201.518,
                  "Actual Total Time": 467642.949,
                  "Actual Rows": 22205016,
                  "Actual Loops": 1,
                  "Output": ["c.dep", "personne.nomprenom", "personne.sexe", "personne.datenaiss", "personne.lieunaiss", "personne.commnaiss", "personne.paysnaiss", "personne.datedeces", "personne.lieudeces", "personne.actedeces"],
                  "Inner Unique": false,
                  "Hash Cond": "((personne.lieunaiss)::text = (c.com)::text)",
                  "Shared Hit Blocks": 15974,
                  "Shared Read Blocks": 310551,
                  "Shared Dirtied Blocks": 0,
                  "Shared Written Blocks": 0,
                  "Local Hit Blocks": 0,
                  "Local Read Blocks": 0,
                  "Local Dirtied Blocks": 0,
                  "Local Written Blocks": 0,
                  "Temp Read Blocks": 0,
                  "Temp Written Blocks": 0,
                  "Plans": [
                    {
                      "Node Type": "Seq Scan",
                      "Parent Relationship": "Outer",
                      "Parallel Aware": false,
                      "Async Capable": false,
                      "Relation Name": "personne",
                      "Schema": "public",
                      "Alias": "personne",
                      "Startup Cost": 0.00,
                      "Total Cost": 19257917.04,
                      "Plan Rows": 922598,
                      "Plan Width": 71,
                      "Actual Startup Time": 642.132,
                      "Actual Total Time": 455643.003,
                      "Actual Rows": 24795460,
                      "Actual Loops": 1,
                      "Output": ["personne.nomprenom", "personne.sexe", "personne.datenaiss", "personne.lieunaiss", "personne.commnaiss", "personne.paysnaiss", "personne.datedeces", "personne.lieudeces", "personne.actedeces"],
                      "Filter": "(date_isvalide((personne.datenaiss)::text) AND date_isvalide((personne.datedeces)::text) AND age_positif((personne.datenaiss)::text, (personne.datedeces)::text))",
                      "Rows Removed by Filter": 121209,
                      "Shared Hit Blocks": 15974,
                      "Shared Read Blocks": 310303,
                      "Shared Dirtied Blocks": 0,
                      "Shared Written Blocks": 0,
                      "Local Hit Blocks": 0,
                      "Local Read Blocks": 0,
                      "Local Dirtied Blocks": 0,
                      "Local Written Blocks": 0,
                      "Temp Read Blocks": 0,
                      "Temp Written Blocks": 0
                    },
                    {
                      "Node Type": "Hash",
                      "Parent Relationship": "Inner",
                      "Parallel Aware": false,
                      "Async Capable": false,
                      "Startup Cost": 624.00,
                      "Total Cost": 624.00,
                      "Plan Rows": 37600,
                      "Plan Width": 9,
                      "Actual Startup Time": 558.140,
                      "Actual Total Time": 558.143,
                      "Actual Rows": 37600,
                      "Actual Loops": 1,
                      "Output": ["c.dep", "c.com"],
                      "Hash Buckets": 65536,
                      "Original Hash Buckets": 65536,
                      "Hash Batches": 1,
                      "Original Hash Batches": 1,
                      "Peak Memory Usage": 2010,
                      "Shared Hit Blocks": 0,
                      "Shared Read Blocks": 248,
                      "Shared Dirtied Blocks": 0,
                      "Shared Written Blocks": 0,
                      "Local Hit Blocks": 0,
                      "Local Read Blocks": 0,
                      "Local Dirtied Blocks": 0,
                      "Local Written Blocks": 0,
                      "Temp Read Blocks": 0,
                      "Temp Written Blocks": 0,
                      "Plans": [
                        {
                          "Node Type": "Seq Scan",
                          "Parent Relationship": "Outer",
                          "Parallel Aware": false,
                          "Async Capable": false,
                          "Relation Name": "commune",
                          "Schema": "public",
                          "Alias": "c",
                          "Startup Cost": 0.00,
                          "Total Cost": 624.00,
                          "Plan Rows": 37600,
                          "Plan Width": 9,
                          "Actual Startup Time": 37.249,
                          "Actual Total Time": 532.796,
                          "Actual Rows": 37600,
                          "Actual Loops": 1,
                          "Output": ["c.dep", "c.com"],
                          "Shared Hit Blocks": 0,
                          "Shared Read Blocks": 248,
                          "Shared Dirtied Blocks": 0,
                          "Shared Written Blocks": 0,
                          "Local Hit Blocks": 0,
                          "Local Read Blocks": 0,
                          "Local Dirtied Blocks": 0,
                          "Local Written Blocks": 0,
                          "Temp Read Blocks": 0,
                          "Temp Written Blocks": 0
                        }
                      ]
                    }
                  ]
                },
                {
                  "Node Type": "Hash",
                  "Parent Relationship": "Inner",
                  "Parallel Aware": false,
                  "Async Capable": false,
                  "Startup Cost": 16.32,
                  "Total Cost": 16.32,
                  "Plan Rows": 101,
                  "Plan Width": 543,
                  "Actual Startup Time": 2330.937,
                  "Actual Total Time": 2330.954,
                  "Actual Rows": 101,
                  "Actual Loops": 1,
                  "Output": ["r.reg", "r.nom", "d.dep"],
                  "Hash Buckets": 1024,
                  "Original Hash Buckets": 1024,
                  "Hash Batches": 1,
                  "Original Hash Batches": 1,
                  "Peak Memory Usage": 14,
                  "Shared Hit Blocks": 0,
                  "Shared Read Blocks": 2,
                  "Shared Dirtied Blocks": 0,
                  "Shared Written Blocks": 0,
                  "Local Hit Blocks": 0,
                  "Local Read Blocks": 0,
                  "Local Dirtied Blocks": 0,
                  "Local Written Blocks": 0,
                  "Temp Read Blocks": 0,
                  "Temp Written Blocks": 0,
                  "Plans": [
                    {
                      "Node Type": "Hash Join",
                      "Parent Relationship": "Outer",
                      "Parallel Aware": false,
                      "Async Capable": false,
                      "Join Type": "Inner",
                      "Startup Cost": 12.93,
                      "Total Cost": 16.32,
                      "Plan Rows": 101,
                      "Plan Width": 543,
                      "Actual Startup Time": 2330.873,
                      "Actual Total Time": 2330.927,
                      "Actual Rows": 101,
                      "Actual Loops": 1,
                      "Output": ["r.reg", "r.nom", "d.dep"],
                      "Inner Unique": false,
                      "Hash Cond": "((d.reg)::text = (r.reg)::text)",
                      "Shared Hit Blocks": 0,
                      "Shared Read Blocks": 2,
                      "Shared Dirtied Blocks": 0,
                      "Shared Written Blocks": 0,
                      "Local Hit Blocks": 0,
                      "Local Read Blocks": 0,
                      "Local Dirtied Blocks": 0,
                      "Local Written Blocks": 0,
                      "Temp Read Blocks": 0,
                      "Temp Written Blocks": 0,
                      "Plans": [
                        {
                          "Node Type": "Seq Scan",
                          "Parent Relationship": "Outer",
                          "Parallel Aware": false,
                          "Async Capable": false,
                          "Relation Name": "departement",
                          "Schema": "public",
                          "Alias": "d",
                          "Startup Cost": 0.00,
                          "Total Cost": 2.01,
                          "Plan Rows": 101,
                          "Plan Width": 6,
                          "Actual Startup Time": 36.528,
                          "Actual Total Time": 36.539,
                          "Actual Rows": 101,
                          "Actual Loops": 1,
                          "Output": ["d.dep", "d.nom", "d.cheflieu", "d.reg"],
                          "Shared Hit Blocks": 0,
                          "Shared Read Blocks": 1,
                          "Shared Dirtied Blocks": 0,
                          "Shared Written Blocks": 0,
                          "Local Hit Blocks": 0,
                          "Local Read Blocks": 0,
                          "Local Dirtied Blocks": 0,
                          "Local Written Blocks": 0,
                          "Temp Read Blocks": 0,
                          "Temp Written Blocks": 0
                        },
                        {
                          "Node Type": "Hash",
                          "Parent Relationship": "Inner",
                          "Parallel Aware": false,
                          "Async Capable": false,
                          "Startup Cost": 11.30,
                          "Total Cost": 11.30,
                          "Plan Rows": 130,
                          "Plan Width": 540,
                          "Actual Startup Time": 2294.291,
                          "Actual Total Time": 2294.298,
                          "Actual Rows": 18,
                          "Actual Loops": 1,
                          "Output": ["r.reg", "r.nom"],
                          "Hash Buckets": 1024,
                          "Original Hash Buckets": 1024,
                          "Hash Batches": 1,
                          "Original Hash Batches": 1,
                          "Peak Memory Usage": 9,
                          "Shared Hit Blocks": 0,
                          "Shared Read Blocks": 1,
                          "Shared Dirtied Blocks": 0,
                          "Shared Written Blocks": 0,
                          "Local Hit Blocks": 0,
                          "Local Read Blocks": 0,
                          "Local Dirtied Blocks": 0,
                          "Local Written Blocks": 0,
                          "Temp Read Blocks": 0,
                          "Temp Written Blocks": 0,
                          "Plans": [
                            {
                              "Node Type": "Seq Scan",
                              "Parent Relationship": "Outer",
                              "Parallel Aware": false,
                              "Async Capable": false,
                              "Relation Name": "region",
                              "Schema": "public",
                              "Alias": "r",
                              "Startup Cost": 0.00,
                              "Total Cost": 11.30,
                              "Plan Rows": 130,
                              "Plan Width": 540,
                              "Actual Startup Time": 2294.255,
                              "Actual Total Time": 2294.262,
                              "Actual Rows": 18,
                              "Actual Loops": 1,
                              "Output": ["r.reg", "r.nom"],
                              "Shared Hit Blocks": 0,
                              "Shared Read Blocks": 1,
                              "Shared Dirtied Blocks": 0,
                              "Shared Written Blocks": 0,
                              "Local Hit Blocks": 0,
                              "Local Read Blocks": 0,
                              "Local Dirtied Blocks": 0,
                              "Local Written Blocks": 0,
                              "Temp Read Blocks": 0,
                              "Temp Written Blocks": 0
                            }
                          ]
                        }
                      ]
                    }
                  ]
                }
              ]
            }
          ]
        }
      ]
    },
    "Planning": {
      "Shared Hit Blocks": 102,
      "Shared Read Blocks": 19,
      "Shared Dirtied Blocks": 0,
      "Shared Written Blocks": 0,
      "Local Hit Blocks": 0,
      "Local Read Blocks": 0,
      "Local Dirtied Blocks": 0,
      "Local Written Blocks": 0,
      "Temp Read Blocks": 0,
      "Temp Written Blocks": 0
    },
    "Planning Time": 416.689,
    "Triggers": [
    ],
    "JIT": {
      "Functions": 35,
      "Options": {
        "Inlining": true,
        "Optimization": true,
        "Expressions": true,
        "Deforming": true
      },
      "Timing": {
        "Generation": 64.414,
        "Inlining": 543.855,
        "Optimization": 1318.286,
        "Emission": 398.424,
        "Total": 2324.980
      }
    },
    "Execution Time": 500394.775
  }
]