[
    {
      "Plan": {
        "Node Type": "Sort",
        "Parallel Aware": false,
        "Async Capable": false,
        "Startup Cost": 19304387.72,
        "Total Cost": 19304388.05,
        "Plan Rows": 130,
        "Plan Width": 564,
        "Actual Startup Time": 507469.717,
        "Actual Total Time": 507469.755,
        "Actual Rows": 18,
        "Actual Loops": 1,
        "Output": ["r.reg", "r.nom", "(count(ROW(personne.nomprenom, personne.sexe, personne.datenaiss, personne.lieunaiss, personne.commnaiss, personne.paysnaiss, personne.datedeces, personne.lieudeces, personne.actedeces)))", "(justify_interval(((((avg((to_date((personne.datedeces)::text, 'YYYYMMDD'::text) - to_date((personne.datenaiss)::text, 'YYYYMMDD'::text))))::character varying)::text || ' days'::text))::interval))"],
        "Sort Key": ["(justify_interval(((((avg((to_date((personne.datedeces)::text, 'YYYYMMDD'::text) - to_date((personne.datenaiss)::text, 'YYYYMMDD'::text))))::character varying)::text || ' days'::text))::interval)) DESC"],
        "Sort Method": "quicksort",
        "Sort Space Used": 26,
        "Sort Space Type": "Memory",
        "Shared Hit Blocks": 77,
        "Shared Read Blocks": 326452,
        "Shared Dirtied Blocks": 0,
        "Shared Written Blocks": 0,
        "Local Hit Blocks": 0,
        "Local Read Blocks": 0,
        "Local Dirtied Blocks": 0,
        "Local Written Blocks": 0,
        "Temp Read Blocks": 0,
        "Temp Written Blocks": 0,
        "Plans": [
          {
            "Node Type": "Aggregate",
            "Strategy": "Hashed",
            "Partial Mode": "Simple",
            "Parent Relationship": "Outer",
            "Parallel Aware": false,
            "Async Capable": false,
            "Startup Cost": 19304379.58,
            "Total Cost": 19304383.16,
            "Plan Rows": 130,
            "Plan Width": 564,
            "Actual Startup Time": 507469.474,
            "Actual Total Time": 507469.526,
            "Actual Rows": 18,
            "Actual Loops": 1,
            "Output": ["r.reg", "r.nom", "count(ROW(personne.nomprenom, personne.sexe, personne.datenaiss, personne.lieunaiss, personne.commnaiss, personne.paysnaiss, personne.datedeces, personne.lieudeces, personne.actedeces))", "justify_interval(((((avg((to_date((personne.datedeces)::text, 'YYYYMMDD'::text) - to_date((personne.datenaiss)::text, 'YYYYMMDD'::text))))::character varying)::text || ' days'::text))::interval)"],
            "Group Key": ["r.reg", "r.nom"],
            "Planned Partitions": 0,
            "HashAgg Batches": 1,
            "Peak Memory Usage": 40,
            "Disk Usage": 0,
            "Shared Hit Blocks": 72,
            "Shared Read Blocks": 326452,
            "Shared Dirtied Blocks": 0,
            "Shared Written Blocks": 0,
            "Local Hit Blocks": 0,
            "Local Read Blocks": 0,
            "Local Dirtied Blocks": 0,
            "Local Written Blocks": 0,
            "Temp Read Blocks": 0,
            "Temp Written Blocks": 0,
            "Plans": [
              {
                "Node Type": "Hash Join",
                "Parent Relationship": "Outer",
                "Parallel Aware": false,
                "Async Capable": false,
                "Join Type": "Inner",
                "Startup Cost": 1111.59,
                "Total Cost": 19289090.11,
                "Plan Rows": 873684,
                "Plan Width": 611,
                "Actual Startup Time": 4005.384,
                "Actual Total Time": 486188.791,
                "Actual Rows": 21258116,
                "Actual Loops": 1,
                "Output": ["r.reg", "r.nom", "personne.nomprenom", "personne.sexe", "personne.datenaiss", "personne.lieunaiss", "personne.commnaiss", "personne.paysnaiss", "personne.datedeces", "personne.lieudeces", "personne.actedeces"],
                "Inner Unique": false,
                "Hash Cond": "((c.dep)::text = (d.dep)::text)",
                "Shared Hit Blocks": 72,
                "Shared Read Blocks": 326452,
                "Shared Dirtied Blocks": 0,
                "Shared Written Blocks": 0,
                "Local Hit Blocks": 0,
                "Local Read Blocks": 0,
                "Local Dirtied Blocks": 0,
                "Local Written Blocks": 0,
                "Temp Read Blocks": 0,
                "Temp Written Blocks": 0,
                "Plans": [
                  {
                    "Node Type": "Hash Join",
                    "Parent Relationship": "Outer",
                    "Parallel Aware": false,
                    "Async Capable": false,
                    "Join Type": "Inner",
                    "Startup Cost": 1094.00,
                    "Total Cost": 19276813.82,
                    "Plan Rows": 939149,
                    "Plan Width": 74,
                    "Actual Startup Time": 731.153,
                    "Actual Total Time": 477318.633,
                    "Actual Rows": 22205016,
                    "Actual Loops": 1,
                    "Output": ["c.dep", "personne.nomprenom", "personne.sexe", "personne.datenaiss", "personne.lieunaiss", "personne.commnaiss", "personne.paysnaiss", "personne.datedeces", "personne.lieudeces", "personne.actedeces"],
                    "Inner Unique": false,
                    "Hash Cond": "((personne.lieunaiss)::text = (c.com)::text)",
                    "Shared Hit Blocks": 72,
                    "Shared Read Blocks": 326450,
                    "Shared Dirtied Blocks": 0,
                    "Shared Written Blocks": 0,
                    "Local Hit Blocks": 0,
                    "Local Read Blocks": 0,
                    "Local Dirtied Blocks": 0,
                    "Local Written Blocks": 0,
                    "Temp Read Blocks": 0,
                    "Temp Written Blocks": 0,
                    "Plans": [
                      {
                        "Node Type": "Seq Scan",
                        "Parent Relationship": "Outer",
                        "Parallel Aware": false,
                        "Async Capable": false,
                        "Relation Name": "personne",
                        "Schema": "public",
                        "Alias": "personne",
                        "Startup Cost": 0.00,
                        "Total Cost": 19262867.68,
                        "Plan Rows": 922839,
                        "Plan Width": 71,
                        "Actual Startup Time": 501.300,
                        "Actual Total Time": 466377.576,
                        "Actual Rows": 24795460,
                        "Actual Loops": 1,
                        "Output": ["personne.nomprenom", "personne.sexe", "personne.datenaiss", "personne.lieunaiss", "personne.commnaiss", "personne.paysnaiss", "personne.datedeces", "personne.lieudeces", "personne.actedeces"],
                        "Filter": "(date_isvalide((personne.datenaiss)::text) AND date_isvalide((personne.datedeces)::text) AND age_positif((personne.datenaiss)::text, (personne.datedeces)::text))",
                        "Rows Removed by Filter": 121209,
                        "Shared Hit Blocks": 72,
                        "Shared Read Blocks": 326202,
                        "Shared Dirtied Blocks": 0,
                        "Shared Written Blocks": 0,
                        "Local Hit Blocks": 0,
                        "Local Read Blocks": 0,
                        "Local Dirtied Blocks": 0,
                        "Local Written Blocks": 0,
                        "Temp Read Blocks": 0,
                        "Temp Written Blocks": 0
                      },
                      {
                        "Node Type": "Hash",
                        "Parent Relationship": "Inner",
                        "Parallel Aware": false,
                        "Async Capable": false,
                        "Startup Cost": 624.00,
                        "Total Cost": 624.00,
                        "Plan Rows": 37600,
                        "Plan Width": 9,
                        "Actual Startup Time": 228.571,
                        "Actual Total Time": 228.577,
                        "Actual Rows": 37600,
                        "Actual Loops": 1,
                        "Output": ["c.dep", "c.com"],
                        "Hash Buckets": 65536,
                        "Original Hash Buckets": 65536,
                        "Hash Batches": 1,
                        "Original Hash Batches": 1,
                        "Peak Memory Usage": 2010,
                        "Shared Hit Blocks": 0,
                        "Shared Read Blocks": 248,
                        "Shared Dirtied Blocks": 0,
                        "Shared Written Blocks": 0,
                        "Local Hit Blocks": 0,
                        "Local Read Blocks": 0,
                        "Local Dirtied Blocks": 0,
                        "Local Written Blocks": 0,
                        "Temp Read Blocks": 0,
                        "Temp Written Blocks": 0,
                        "Plans": [
                          {
                            "Node Type": "Seq Scan",
                            "Parent Relationship": "Outer",
                            "Parallel Aware": false,
                            "Async Capable": false,
                            "Relation Name": "commune",
                            "Schema": "public",
                            "Alias": "c",
                            "Startup Cost": 0.00,
                            "Total Cost": 624.00,
                            "Plan Rows": 37600,
                            "Plan Width": 9,
                            "Actual Startup Time": 19.756,
                            "Actual Total Time": 208.134,
                            "Actual Rows": 37600,
                            "Actual Loops": 1,
                            "Output": ["c.dep", "c.com"],
                            "Shared Hit Blocks": 0,
                            "Shared Read Blocks": 248,
                            "Shared Dirtied Blocks": 0,
                            "Shared Written Blocks": 0,
                            "Local Hit Blocks": 0,
                            "Local Read Blocks": 0,
                            "Local Dirtied Blocks": 0,
                            "Local Written Blocks": 0,
                            "Temp Read Blocks": 0,
                            "Temp Written Blocks": 0
                          }
                        ]
                      }
                    ]
                  },
                  {
                    "Node Type": "Hash",
                    "Parent Relationship": "Inner",
                    "Parallel Aware": false,
                    "Async Capable": false,
                    "Startup Cost": 16.32,
                    "Total Cost": 16.32,
                    "Plan Rows": 101,
                    "Plan Width": 543,
                    "Actual Startup Time": 3274.184,
                    "Actual Total Time": 3274.198,
                    "Actual Rows": 101,
                    "Actual Loops": 1,
                    "Output": ["r.reg", "r.nom", "d.dep"],
                    "Hash Buckets": 1024,
                    "Original Hash Buckets": 1024,
                    "Hash Batches": 1,
                    "Original Hash Batches": 1,
                    "Peak Memory Usage": 14,
                    "Shared Hit Blocks": 0,
                    "Shared Read Blocks": 2,
                    "Shared Dirtied Blocks": 0,
                    "Shared Written Blocks": 0,
                    "Local Hit Blocks": 0,
                    "Local Read Blocks": 0,
                    "Local Dirtied Blocks": 0,
                    "Local Written Blocks": 0,
                    "Temp Read Blocks": 0,
                    "Temp Written Blocks": 0,
                    "Plans": [
                      {
                        "Node Type": "Hash Join",
                        "Parent Relationship": "Outer",
                        "Parallel Aware": false,
                        "Async Capable": false,
                        "Join Type": "Inner",
                        "Startup Cost": 12.93,
                        "Total Cost": 16.32,
                        "Plan Rows": 101,
                        "Plan Width": 543,
                        "Actual Startup Time": 3274.136,
                        "Actual Total Time": 3274.174,
                        "Actual Rows": 101,
                        "Actual Loops": 1,
                        "Output": ["r.reg", "r.nom", "d.dep"],
                        "Inner Unique": false,
                        "Hash Cond": "((d.reg)::text = (r.reg)::text)",
                        "Shared Hit Blocks": 0,
                        "Shared Read Blocks": 2,
                        "Shared Dirtied Blocks": 0,
                        "Shared Written Blocks": 0,
                        "Local Hit Blocks": 0,
                        "Local Read Blocks": 0,
                        "Local Dirtied Blocks": 0,
                        "Local Written Blocks": 0,
                        "Temp Read Blocks": 0,
                        "Temp Written Blocks": 0,
                        "Plans": [
                          {
                            "Node Type": "Seq Scan",
                            "Parent Relationship": "Outer",
                            "Parallel Aware": false,
                            "Async Capable": false,
                            "Relation Name": "departement",
                            "Schema": "public",
                            "Alias": "d",
                            "Startup Cost": 0.00,
                            "Total Cost": 2.01,
                            "Plan Rows": 101,
                            "Plan Width": 6,
                            "Actual Startup Time": 57.053,
                            "Actual Total Time": 57.062,
                            "Actual Rows": 101,
                            "Actual Loops": 1,
                            "Output": ["d.dep", "d.nom", "d.cheflieu", "d.reg"],
                            "Shared Hit Blocks": 0,
                            "Shared Read Blocks": 1,
                            "Shared Dirtied Blocks": 0,
                            "Shared Written Blocks": 0,
                            "Local Hit Blocks": 0,
                            "Local Read Blocks": 0,
                            "Local Dirtied Blocks": 0,
                            "Local Written Blocks": 0,
                            "Temp Read Blocks": 0,
                            "Temp Written Blocks": 0
                          },
                          {
                            "Node Type": "Hash",
                            "Parent Relationship": "Inner",
                            "Parallel Aware": false,
                            "Async Capable": false,
                            "Startup Cost": 11.30,
                            "Total Cost": 11.30,
                            "Plan Rows": 130,
                            "Plan Width": 540,
                            "Actual Startup Time": 3217.009,
                            "Actual Total Time": 3217.014,
                            "Actual Rows": 18,
                            "Actual Loops": 1,
                            "Output": ["r.reg", "r.nom"],
                            "Hash Buckets": 1024,
                            "Original Hash Buckets": 1024,
                            "Hash Batches": 1,
                            "Original Hash Batches": 1,
                            "Peak Memory Usage": 9,
                            "Shared Hit Blocks": 0,
                            "Shared Read Blocks": 1,
                            "Shared Dirtied Blocks": 0,
                            "Shared Written Blocks": 0,
                            "Local Hit Blocks": 0,
                            "Local Read Blocks": 0,
                            "Local Dirtied Blocks": 0,
                            "Local Written Blocks": 0,
                            "Temp Read Blocks": 0,
                            "Temp Written Blocks": 0,
                            "Plans": [
                              {
                                "Node Type": "Seq Scan",
                                "Parent Relationship": "Outer",
                                "Parallel Aware": false,
                                "Async Capable": false,
                                "Relation Name": "region",
                                "Schema": "public",
                                "Alias": "r",
                                "Startup Cost": 0.00,
                                "Total Cost": 11.30,
                                "Plan Rows": 130,
                                "Plan Width": 540,
                                "Actual Startup Time": 3216.967,
                                "Actual Total Time": 3216.973,
                                "Actual Rows": 18,
                                "Actual Loops": 1,
                                "Output": ["r.reg", "r.nom"],
                                "Shared Hit Blocks": 0,
                                "Shared Read Blocks": 1,
                                "Shared Dirtied Blocks": 0,
                                "Shared Written Blocks": 0,
                                "Local Hit Blocks": 0,
                                "Local Read Blocks": 0,
                                "Local Dirtied Blocks": 0,
                                "Local Written Blocks": 0,
                                "Temp Read Blocks": 0,
                                "Temp Written Blocks": 0
                              }
                            ]
                          }
                        ]
                      }
                    ]
                  }
                ]
              }
            ]
          }
        ]
      },
      "Planning": {
        "Shared Hit Blocks": 110,
        "Shared Read Blocks": 11,
        "Shared Dirtied Blocks": 0,
        "Shared Written Blocks": 0,
        "Local Hit Blocks": 0,
        "Local Read Blocks": 0,
        "Local Dirtied Blocks": 0,
        "Local Written Blocks": 0,
        "Temp Read Blocks": 0,
        "Temp Written Blocks": 0
      },
      "Planning Time": 2323.432,
      "Triggers": [
      ],
      "JIT": {
        "Functions": 35,
        "Options": {
          "Inlining": true,
          "Optimization": true,
          "Expressions": true,
          "Deforming": true
        },
        "Timing": {
          "Generation": 14.219,
          "Inlining": 1266.964,
          "Optimization": 1004.426,
          "Emission": 935.078,
          "Total": 3220.687
        }
      },
      "Execution Time": 508433.113
    }
  ]