[
    {
      "Plan": {
        "Node Type": "Limit",
        "Parallel Aware": false,
        "Async Capable": false,
        "Startup Cost": 5462627.74,
        "Total Cost": 5462627.76,
        "Plan Rows": 10,
        "Plan Width": 47,
        "Actual Startup Time": 416604.293,
        "Actual Total Time": 416724.109,
        "Actual Rows": 10,
        "Actual Loops": 1,
        "Output": ["nomprenom", "datenaiss", "lieunaiss", "(count(datedeces))"],
        "Shared Hit Blocks": 13749,
        "Shared Read Blocks": 312570,
        "Shared Dirtied Blocks": 0,
        "Shared Written Blocks": 0,
        "Local Hit Blocks": 0,
        "Local Read Blocks": 0,
        "Local Dirtied Blocks": 0,
        "Local Written Blocks": 0,
        "Temp Read Blocks": 549086,
        "Temp Written Blocks": 549926,
        "Plans": [
          {
            "Node Type": "Sort",
            "Parent Relationship": "Outer",
            "Parallel Aware": false,
            "Async Capable": false,
            "Startup Cost": 5462627.74,
            "Total Cost": 5490020.86,
            "Plan Rows": 10957247,
            "Plan Width": 47,
            "Actual Startup Time": 415865.974,
            "Actual Total Time": 415985.783,
            "Actual Rows": 10,
            "Actual Loops": 1,
            "Output": ["nomprenom", "datenaiss", "lieunaiss", "(count(datedeces))"],
            "Sort Key": ["(count(personne.datedeces)) DESC"],
            "Sort Method": "top-N heapsort",
            "Sort Space Used": 26,
            "Sort Space Type": "Memory",
            "Shared Hit Blocks": 13749,
            "Shared Read Blocks": 312570,
            "Shared Dirtied Blocks": 0,
            "Shared Written Blocks": 0,
            "Local Hit Blocks": 0,
            "Local Read Blocks": 0,
            "Local Dirtied Blocks": 0,
            "Local Written Blocks": 0,
            "Temp Read Blocks": 549086,
            "Temp Written Blocks": 549926,
            "Plans": [
              {
                "Node Type": "Aggregate",
                "Strategy": "Sorted",
                "Partial Mode": "Finalize",
                "Parent Relationship": "Outer",
                "Parallel Aware": false,
                "Async Capable": false,
                "Startup Cost": 2279114.20,
                "Total Cost": 5225845.57,
                "Plan Rows": 10957247,
                "Plan Width": 47,
                "Actual Startup Time": 340911.418,
                "Actual Total Time": 408578.709,
                "Actual Rows": 24694237,
                "Actual Loops": 1,
                "Output": ["nomprenom", "datenaiss", "lieunaiss", "count(datedeces)"],
                "Group Key": ["personne.nomprenom", "personne.datenaiss", "personne.lieunaiss"],
                "Shared Hit Blocks": 13746,
                "Shared Read Blocks": 312570,
                "Shared Dirtied Blocks": 0,
                "Shared Written Blocks": 0,
                "Local Hit Blocks": 0,
                "Local Read Blocks": 0,
                "Local Dirtied Blocks": 0,
                "Local Written Blocks": 0,
                "Temp Read Blocks": 549086,
                "Temp Written Blocks": 549926,
                "Plans": [
                  {
                    "Node Type": "Gather Merge",
                    "Parent Relationship": "Outer",
                    "Parallel Aware": false,
                    "Async Capable": false,
                    "Startup Cost": 2279114.20,
                    "Total Cost": 4908688.48,
                    "Plan Rows": 20758462,
                    "Plan Width": 47,
                    "Actual Startup Time": 340911.261,
                    "Actual Total Time": 394610.300,
                    "Actual Rows": 24823895,
                    "Actual Loops": 1,
                    "Output": ["nomprenom", "datenaiss", "lieunaiss", "(PARTIAL count(datedeces))"],
                    "Workers Planned": 2,
                    "Workers Launched": 2,
                    "Shared Hit Blocks": 13746,
                    "Shared Read Blocks": 312570,
                    "Shared Dirtied Blocks": 0,
                    "Shared Written Blocks": 0,
                    "Local Hit Blocks": 0,
                    "Local Read Blocks": 0,
                    "Local Dirtied Blocks": 0,
                    "Local Written Blocks": 0,
                    "Temp Read Blocks": 549086,
                    "Temp Written Blocks": 549926,
                    "Plans": [
                      {
                        "Node Type": "Aggregate",
                        "Strategy": "Sorted",
                        "Partial Mode": "Partial",
                        "Parent Relationship": "Outer",
                        "Parallel Aware": false,
                        "Async Capable": false,
                        "Startup Cost": 2278114.18,
                        "Total Cost": 2511646.87,
                        "Plan Rows": 10379231,
                        "Plan Width": 47,
                        "Actual Startup Time": 329880.383,
                        "Actual Total Time": 354161.271,
                        "Actual Rows": 8274632,
                        "Actual Loops": 3,
                        "Output": ["nomprenom", "datenaiss", "lieunaiss", "PARTIAL count(datedeces)"],
                        "Group Key": ["personne.nomprenom", "personne.datenaiss", "personne.lieunaiss"],
                        "Shared Hit Blocks": 13746,
                        "Shared Read Blocks": 312570,
                        "Shared Dirtied Blocks": 0,
                        "Shared Written Blocks": 0,
                        "Local Hit Blocks": 0,
                        "Local Read Blocks": 0,
                        "Local Dirtied Blocks": 0,
                        "Local Written Blocks": 0,
                        "Temp Read Blocks": 549086,
                        "Temp Written Blocks": 549926,
                        "Workers": [
                          {
                            "Worker Number": 0,
                            "Actual Startup Time": 340330.004,
                            "Actual Total Time": 371351.197,
                            "Actual Rows": 8479723,
                            "Actual Loops": 1,
                            "JIT": {
                              "Functions": 7,
                              "Options": {
                                "Inlining": true,
                                "Optimization": true,
                                "Expressions": true,
                                "Deforming": true
                              },
                              "Timing": {
                                "Generation": 2.303,
                                "Inlining": 171.383,
                                "Optimization": 107.553,
                                "Emission": 64.910,
                                "Total": 346.149
                              }
                            },
                            "Shared Hit Blocks": 4590,
                            "Shared Read Blocks": 106748,
                            "Shared Dirtied Blocks": 0,
                            "Shared Written Blocks": 0,
                            "Local Hit Blocks": 0,
                            "Local Read Blocks": 0,
                            "Local Dirtied Blocks": 0,
                            "Local Written Blocks": 0,
                            "Temp Read Blocks": 187827,
                            "Temp Written Blocks": 188114
                          },
                          {
                            "Worker Number": 1,
                            "Actual Startup Time": 332992.243,
                            "Actual Total Time": 354919.791,
                            "Actual Rows": 7820755,
                            "Actual Loops": 1,
                            "JIT": {
                              "Functions": 7,
                              "Options": {
                                "Inlining": true,
                                "Optimization": true,
                                "Expressions": true,
                                "Deforming": true
                              },
                              "Timing": {
                                "Generation": 2.537,
                                "Inlining": 146.423,
                                "Optimization": 132.603,
                                "Emission": 64.326,
                                "Total": 345.890
                              }
                            },
                            "Shared Hit Blocks": 4258,
                            "Shared Read Blocks": 98735,
                            "Shared Dirtied Blocks": 0,
                            "Shared Written Blocks": 0,
                            "Local Hit Blocks": 0,
                            "Local Read Blocks": 0,
                            "Local Dirtied Blocks": 0,
                            "Local Written Blocks": 0,
                            "Temp Read Blocks": 171994,
                            "Temp Written Blocks": 172258
                          }
                        ],
                        "Plans": [
                          {
                            "Node Type": "Sort",
                            "Parent Relationship": "Outer",
                            "Parallel Aware": false,
                            "Async Capable": false,
                            "Startup Cost": 2278114.18,
                            "Total Cost": 2304062.25,
                            "Plan Rows": 10379231,
                            "Plan Width": 48,
                            "Actual Startup Time": 329880.106,
                            "Actual Total Time": 347310.469,
                            "Actual Rows": 8305556,
                            "Actual Loops": 3,
                            "Output": ["nomprenom", "datenaiss", "lieunaiss", "datedeces"],
                            "Sort Key": ["personne.nomprenom", "personne.datenaiss", "personne.lieunaiss"],
                            "Sort Method": "external merge",
                            "Sort Space Used": 493928,
                            "Sort Space Type": "Disk",
                            "Shared Hit Blocks": 13746,
                            "Shared Read Blocks": 312570,
                            "Shared Dirtied Blocks": 0,
                            "Shared Written Blocks": 0,
                            "Local Hit Blocks": 0,
                            "Local Read Blocks": 0,
                            "Local Dirtied Blocks": 0,
                            "Local Written Blocks": 0,
                            "Temp Read Blocks": 549086,
                            "Temp Written Blocks": 549926,
                            "Workers": [
                              {
                                "Worker Number": 0,
                                "Actual Startup Time": 340329.714,
                                "Actual Total Time": 362737.388,
                                "Actual Rows": 8505563,
                                "Actual Loops": 1,
                                "Sort Method": "external merge",
                                "Sort Space Used": 491176,
                                "Sort Space Type": "Disk",
                                "Shared Hit Blocks": 4590,
                                "Shared Read Blocks": 106748,
                                "Shared Dirtied Blocks": 0,
                                "Shared Written Blocks": 0,
                                "Local Hit Blocks": 0,
                                "Local Read Blocks": 0,
                                "Local Dirtied Blocks": 0,
                                "Local Written Blocks": 0,
                                "Temp Read Blocks": 187827,
                                "Temp Written Blocks": 188114
                              },
                              {
                                "Worker Number": 1,
                                "Actual Startup Time": 332992.019,
                                "Actual Total Time": 348790.379,
                                "Actual Rows": 7857386,
                                "Actual Loops": 1,
                                "Sort Method": "external merge",
                                "Sort Space Used": 453880,
                                "Sort Space Type": "Disk",
                                "Shared Hit Blocks": 4258,
                                "Shared Read Blocks": 98735,
                                "Shared Dirtied Blocks": 0,
                                "Shared Written Blocks": 0,
                                "Local Hit Blocks": 0,
                                "Local Read Blocks": 0,
                                "Local Dirtied Blocks": 0,
                                "Local Written Blocks": 0,
                                "Temp Read Blocks": 171994,
                                "Temp Written Blocks": 172258
                              }
                            ],
                            "Plans": [
                              {
                                "Node Type": "Seq Scan",
                                "Parent Relationship": "Outer",
                                "Parallel Aware": true,
                                "Async Capable": false,
                                "Relation Name": "personne",
                                "Schema": "public",
                                "Alias": "personne",
                                "Startup Cost": 0.00,
                                "Total Cost": 429992.31,
                                "Plan Rows": 10379231,
                                "Plan Width": 48,
                                "Actual Startup Time": 285.168,
                                "Actual Total Time": 226591.513,
                                "Actual Rows": 8305556,
                                "Actual Loops": 3,
                                "Output": ["nomprenom", "datenaiss", "lieunaiss", "datedeces"],
                                "Shared Hit Blocks": 13630,
                                "Shared Read Blocks": 312570,
                                "Shared Dirtied Blocks": 0,
                                "Shared Written Blocks": 0,
                                "Local Hit Blocks": 0,
                                "Local Read Blocks": 0,
                                "Local Dirtied Blocks": 0,
                                "Local Written Blocks": 0,
                                "Temp Read Blocks": 0,
                                "Temp Written Blocks": 0,
                                "Workers": [
                                  {
                                    "Worker Number": 0,
                                    "Actual Startup Time": 418.920,
                                    "Actual Total Time": 225277.059,
                                    "Actual Rows": 8505563,
                                    "Actual Loops": 1,
                                    "Shared Hit Blocks": 4532,
                                    "Shared Read Blocks": 106748,
                                    "Shared Dirtied Blocks": 0,
                                    "Shared Written Blocks": 0,
                                    "Local Hit Blocks": 0,
                                    "Local Read Blocks": 0,
                                    "Local Dirtied Blocks": 0,
                                    "Local Written Blocks": 0,
                                    "Temp Read Blocks": 0,
                                    "Temp Written Blocks": 0
                                  },
                                  {
                                    "Worker Number": 1,
                                    "Actual Startup Time": 422.560,
                                    "Actual Total Time": 228324.783,
                                    "Actual Rows": 7857386,
                                    "Actual Loops": 1,
                                    "Shared Hit Blocks": 4200,
                                    "Shared Read Blocks": 98735,
                                    "Shared Dirtied Blocks": 0,
                                    "Shared Written Blocks": 0,
                                    "Local Hit Blocks": 0,
                                    "Local Read Blocks": 0,
                                    "Local Dirtied Blocks": 0,
                                    "Local Written Blocks": 0,
                                    "Temp Read Blocks": 0,
                                    "Temp Written Blocks": 0
                                  }
                                ]
                              }
                            ]
                          }
                        ]
                      }
                    ]
                  }
                ]
              }
            ]
          }
        ]
      },
      "Planning": {
        "Shared Hit Blocks": 125,
        "Shared Read Blocks": 0,
        "Shared Dirtied Blocks": 0,
        "Shared Written Blocks": 0,
        "Local Hit Blocks": 0,
        "Local Read Blocks": 0,
        "Local Dirtied Blocks": 0,
        "Local Written Blocks": 0,
        "Temp Read Blocks": 0,
        "Temp Written Blocks": 0
      },
      "Planning Time": 116.648,
      "Triggers": [
      ],
      "JIT": {
        "Functions": 25,
        "Options": {
          "Inlining": true,
          "Optimization": true,
          "Expressions": true,
          "Deforming": true
        },
        "Timing": {
          "Generation": 7.221,
          "Inlining": 712.304,
          "Optimization": 400.826,
          "Emission": 311.630,
          "Total": 1431.980
        }
      },
      "Execution Time": 417293.597
    }
  ]