[
    {
      "Plan": {
        "Node Type": "Group",
        "Parallel Aware": false,
        "Async Capable": false,
        "Startup Cost": 6242562.77,
        "Total Cost": 11547424.51,
        "Plan Rows": 10960113,
        "Plan Width": 64,
        "Actual Startup Time": 1077889.501,
        "Actual Total Time": 1365418.457,
        "Actual Rows": 493783,
        "Actual Loops": 1,
        "Output": ["(split_part((p1.nomprenom)::text, '*'::text, 1))", "(split_part(split_part(replace((p1.nomprenom)::text, '/'::text, ' '::text), '*'::text, 2), ' '::text, 1))"],
        "Group Key": ["(split_part((p1.nomprenom)::text, '*'::text, 1))", "(split_part(split_part(replace((p1.nomprenom)::text, '/'::text, ' '::text), '*'::text, 2), ' '::text, 1))"],
        "Shared Hit Blocks": 345972,
        "Shared Read Blocks": 958838,
        "Shared Dirtied Blocks": 0,
        "Shared Written Blocks": 0,
        "Local Hit Blocks": 0,
        "Local Read Blocks": 0,
        "Local Dirtied Blocks": 0,
        "Local Written Blocks": 0,
        "Temp Read Blocks": 858180,
        "Temp Written Blocks": 858207,
        "Plans": [
          {
            "Node Type": "Gather Merge",
            "Parent Relationship": "Outer",
            "Parallel Aware": false,
            "Async Capable": false,
            "Startup Cost": 6242562.77,
            "Total Cost": 11328222.25,
            "Plan Rows": 21920226,
            "Plan Width": 64,
            "Actual Startup Time": 1077889.417,
            "Actual Total Time": 1365060.695,
            "Actual Rows": 1053293,
            "Actual Loops": 1,
            "Output": ["(split_part((p1.nomprenom)::text, '*'::text, 1))", "(split_part(split_part(replace((p1.nomprenom)::text, '/'::text, ' '::text), '*'::text, 2), ' '::text, 1))"],
            "Workers Planned": 2,
            "Workers Launched": 2,
            "Shared Hit Blocks": 345972,
            "Shared Read Blocks": 958838,
            "Shared Dirtied Blocks": 0,
            "Shared Written Blocks": 0,
            "Local Hit Blocks": 0,
            "Local Read Blocks": 0,
            "Local Dirtied Blocks": 0,
            "Local Written Blocks": 0,
            "Temp Read Blocks": 858180,
            "Temp Written Blocks": 858207,
            "Plans": [
              {
                "Node Type": "Group",
                "Parent Relationship": "Outer",
                "Parallel Aware": false,
                "Async Capable": false,
                "Startup Cost": 6241562.74,
                "Total Cost": 8797084.25,
                "Plan Rows": 10960113,
                "Plan Width": 64,
                "Actual Startup Time": 1046988.745,
                "Actual Total Time": 1262576.166,
                "Actual Rows": 351098,
                "Actual Loops": 3,
                "Output": ["(split_part((p1.nomprenom)::text, '*'::text, 1))", "(split_part(split_part(replace((p1.nomprenom)::text, '/'::text, ' '::text), '*'::text, 2), ' '::text, 1))"],
                "Group Key": ["(split_part((p1.nomprenom)::text, '*'::text, 1))", "(split_part(split_part(replace((p1.nomprenom)::text, '/'::text, ' '::text), '*'::text, 2), ' '::text, 1))"],
                "Shared Hit Blocks": 345972,
                "Shared Read Blocks": 958838,
                "Shared Dirtied Blocks": 0,
                "Shared Written Blocks": 0,
                "Local Hit Blocks": 0,
                "Local Read Blocks": 0,
                "Local Dirtied Blocks": 0,
                "Local Written Blocks": 0,
                "Temp Read Blocks": 858180,
                "Temp Written Blocks": 858207,
                "Workers": [
                  {
                    "Worker Number": 0,
                    "Actual Startup Time": 1041458.468,
                    "Actual Total Time": 1262289.688,
                    "Actual Rows": 348690,
                    "Actual Loops": 1,
                    "JIT": {
                      "Functions": 23,
                      "Options": {
                        "Inlining": true,
                        "Optimization": true,
                        "Expressions": true,
                        "Deforming": true
                      },
                      "Timing": {
                        "Generation": 6.361,
                        "Inlining": 139.296,
                        "Optimization": 357.658,
                        "Emission": 215.552,
                        "Total": 718.868
                      }
                    },
                    "Shared Hit Blocks": 128124,
                    "Shared Read Blocks": 304193,
                    "Shared Dirtied Blocks": 0,
                    "Shared Written Blocks": 0,
                    "Local Hit Blocks": 0,
                    "Local Read Blocks": 0,
                    "Local Dirtied Blocks": 0,
                    "Local Written Blocks": 0,
                    "Temp Read Blocks": 284353,
                    "Temp Written Blocks": 284362
                  },
                  {
                    "Worker Number": 1,
                    "Actual Startup Time": 1076232.564,
                    "Actual Total Time": 1292469.181,
                    "Actual Rows": 359453,
                    "Actual Loops": 1,
                    "JIT": {
                      "Functions": 23,
                      "Options": {
                        "Inlining": true,
                        "Optimization": true,
                        "Expressions": true,
                        "Deforming": true
                      },
                      "Timing": {
                        "Generation": 5.518,
                        "Inlining": 147.067,
                        "Optimization": 399.034,
                        "Emission": 275.604,
                        "Total": 827.223
                      }
                    },
                    "Shared Hit Blocks": 103514,
                    "Shared Read Blocks": 337433,
                    "Shared Dirtied Blocks": 0,
                    "Shared Written Blocks": 0,
                    "Local Hit Blocks": 0,
                    "Local Read Blocks": 0,
                    "Local Dirtied Blocks": 0,
                    "Local Written Blocks": 0,
                    "Temp Read Blocks": 289987,
                    "Temp Written Blocks": 289996
                  }
                ],
                "Plans": [
                  {
                    "Node Type": "Merge Join",
                    "Parent Relationship": "Outer",
                    "Parallel Aware": false,
                    "Async Capable": false,
                    "Join Type": "Inner",
                    "Startup Cost": 6241562.74,
                    "Total Cost": 8526040.63,
                    "Plan Rows": 32288498,
                    "Plan Width": 64,
                    "Actual Startup Time": 1046988.715,
                    "Actual Total Time": 1260886.151,
                    "Actual Rows": 7981307,
                    "Actual Loops": 3,
                    "Output": ["(split_part((p1.nomprenom)::text, '*'::text, 1))", "(split_part(split_part(replace((p1.nomprenom)::text, '/'::text, ' '::text), '*'::text, 2), ' '::text, 1))"],
                    "Inner Unique": false,
                    "Merge Cond": "(((split_part((p1.nomprenom)::text, '*'::text, 1)) = (split_part((p2.nomprenom)::text, '*'::text, 1))) AND ((split_part(split_part(replace((p1.nomprenom)::text, '/'::text, ' '::text), '*'::text, 2), ' '::text, 1)) = (split_part(split_part(replace((p2.nomprenom)::text, '/'::text, ' '::text), '*'::text, 2), ' '::text, 1))) AND ((substr((p1.datenaiss)::text, 1, 4)) = (substr((p2.datenaiss)::text, 1, 4))))",
                    "Join Filter": "((p1.lieunaiss)::text <> (p2.lieunaiss)::text)",
                    "Rows Removed by Join Filter": 8585280,
                    "Shared Hit Blocks": 345972,
                    "Shared Read Blocks": 958838,
                    "Shared Dirtied Blocks": 0,
                    "Shared Written Blocks": 0,
                    "Local Hit Blocks": 0,
                    "Local Read Blocks": 0,
                    "Local Dirtied Blocks": 0,
                    "Local Written Blocks": 0,
                    "Temp Read Blocks": 858180,
                    "Temp Written Blocks": 858207,
                    "Workers": [
                      {
                        "Worker Number": 0,
                        "Actual Startup Time": 1041458.448,
                        "Actual Total Time": 1260655.221,
                        "Actual Rows": 7749605,
                        "Actual Loops": 1,
                        "Shared Hit Blocks": 128124,
                        "Shared Read Blocks": 304193,
                        "Shared Dirtied Blocks": 0,
                        "Shared Written Blocks": 0,
                        "Local Hit Blocks": 0,
                        "Local Read Blocks": 0,
                        "Local Dirtied Blocks": 0,
                        "Local Written Blocks": 0,
                        "Temp Read Blocks": 284353,
                        "Temp Written Blocks": 284362
                      },
                      {
                        "Worker Number": 1,
                        "Actual Startup Time": 1076232.533,
                        "Actual Total Time": 1290615.313,
                        "Actual Rows": 8472849,
                        "Actual Loops": 1,
                        "Shared Hit Blocks": 103514,
                        "Shared Read Blocks": 337433,
                        "Shared Dirtied Blocks": 0,
                        "Shared Written Blocks": 0,
                        "Local Hit Blocks": 0,
                        "Local Read Blocks": 0,
                        "Local Dirtied Blocks": 0,
                        "Local Written Blocks": 0,
                        "Temp Read Blocks": 289987,
                        "Temp Written Blocks": 289996
                      }
                    ],
                    "Plans": [
                      {
                        "Node Type": "Sort",
                        "Parent Relationship": "Outer",
                        "Parallel Aware": false,
                        "Async Capable": false,
                        "Startup Cost": 1923790.68,
                        "Total Cost": 1949745.54,
                        "Plan Rows": 10381945,
                        "Plan Width": 39,
                        "Actual Startup Time": 507031.452,
                        "Actual Total Time": 526573.864,
                        "Actual Rows": 8305556,
                        "Actual Loops": 3,
                        "Output": ["p1.nomprenom", "p1.datenaiss", "p1.lieunaiss", "(split_part((p1.nomprenom)::text, '*'::text, 1))", "(split_part(split_part(replace((p1.nomprenom)::text, '/'::text, ' '::text), '*'::text, 2), ' '::text, 1))", "(substr((p1.datenaiss)::text, 1, 4))"],
                        "Sort Key": ["(split_part((p1.nomprenom)::text, '*'::text, 1))", "(split_part(split_part(replace((p1.nomprenom)::text, '/'::text, ' '::text), '*'::text, 2), ' '::text, 1))", "(substr((p1.datenaiss)::text, 1, 4))"],
                        "Sort Method": "external merge",
                        "Sort Space Used": 554360,
                        "Sort Space Type": "Disk",
                        "Shared Hit Blocks": 42,
                        "Shared Read Blocks": 326168,
                        "Shared Dirtied Blocks": 0,
                        "Shared Written Blocks": 0,
                        "Local Hit Blocks": 0,
                        "Local Read Blocks": 0,
                        "Local Dirtied Blocks": 0,
                        "Local Written Blocks": 0,
                        "Temp Read Blocks": 214546,
                        "Temp Written Blocks": 214552,
                        "Workers": [
                          {
                            "Worker Number": 0,
                            "Actual Startup Time": 495220.398,
                            "Actual Total Time": 514985.285,
                            "Actual Rows": 8109218,
                            "Actual Loops": 1,
                            "Sort Method": "external merge",
                            "Sort Space Used": 558464,
                            "Sort Space Type": "Disk",
                            "Shared Hit Blocks": 12,
                            "Shared Read Blocks": 106105,
                            "Shared Dirtied Blocks": 0,
                            "Shared Written Blocks": 0,
                            "Local Hit Blocks": 0,
                            "Local Read Blocks": 0,
                            "Local Dirtied Blocks": 0,
                            "Local Written Blocks": 0,
                            "Temp Read Blocks": 69808,
                            "Temp Written Blocks": 69810
                          },
                          {
                            "Worker Number": 1,
                            "Actual Startup Time": 531231.036,
                            "Actual Total Time": 551589.083,
                            "Actual Rows": 8761209,
                            "Actual Loops": 1,
                            "Sort Method": "external merge",
                            "Sort Space Used": 603544,
                            "Sort Space Type": "Disk",
                            "Shared Hit Blocks": 20,
                            "Shared Read Blocks": 114727,
                            "Shared Dirtied Blocks": 0,
                            "Shared Written Blocks": 0,
                            "Local Hit Blocks": 0,
                            "Local Read Blocks": 0,
                            "Local Dirtied Blocks": 0,
                            "Local Written Blocks": 0,
                            "Temp Read Blocks": 75443,
                            "Temp Written Blocks": 75445
                          }
                        ],
                        "Plans": [
                          {
                            "Node Type": "Seq Scan",
                            "Parent Relationship": "Outer",
                            "Parallel Aware": true,
                            "Async Capable": false,
                            "Relation Name": "personne",
                            "Schema": "public",
                            "Alias": "p1",
                            "Startup Cost": 0.00,
                            "Total Cost": 430019.45,
                            "Plan Rows": 10381945,
                            "Plan Width": 39,
                            "Actual Startup Time": 906.163,
                            "Actual Total Time": 392323.816,
                            "Actual Rows": 8305556,
                            "Actual Loops": 3,
                            "Output": ["p1.nomprenom", "p1.datenaiss", "p1.lieunaiss", "split_part((p1.nomprenom)::text, '*'::text, 1)", "split_part(split_part(replace((p1.nomprenom)::text, '/'::text, ' '::text), '*'::text, 2), ' '::text, 1)", "substr((p1.datenaiss)::text, 1, 4)"],
                            "Shared Hit Blocks": 32,
                            "Shared Read Blocks": 326168,
                            "Shared Dirtied Blocks": 0,
                            "Shared Written Blocks": 0,
                            "Local Hit Blocks": 0,
                            "Local Read Blocks": 0,
                            "Local Dirtied Blocks": 0,
                            "Local Written Blocks": 0,
                            "Temp Read Blocks": 0,
                            "Temp Written Blocks": 0,
                            "Workers": [
                              {
                                "Worker Number": 0,
                                "Actual Startup Time": 838.646,
                                "Actual Total Time": 390204.032,
                                "Actual Rows": 8109218,
                                "Actual Loops": 1,
                                "Shared Hit Blocks": 7,
                                "Shared Read Blocks": 106105,
                                "Shared Dirtied Blocks": 0,
                                "Shared Written Blocks": 0,
                                "Local Hit Blocks": 0,
                                "Local Read Blocks": 0,
                                "Local Dirtied Blocks": 0,
                                "Local Written Blocks": 0,
                                "Temp Read Blocks": 0,
                                "Temp Written Blocks": 0
                              },
                              {
                                "Worker Number": 1,
                                "Actual Startup Time": 942.998,
                                "Actual Total Time": 393902.266,
                                "Actual Rows": 8761209,
                                "Actual Loops": 1,
                                "Shared Hit Blocks": 15,
                                "Shared Read Blocks": 114727,
                                "Shared Dirtied Blocks": 0,
                                "Shared Written Blocks": 0,
                                "Local Hit Blocks": 0,
                                "Local Read Blocks": 0,
                                "Local Dirtied Blocks": 0,
                                "Local Written Blocks": 0,
                                "Temp Read Blocks": 0,
                                "Temp Written Blocks": 0
                              }
                            ]
                          }
                        ]
                      },
                      {
                        "Node Type": "Materialize",
                        "Parent Relationship": "Inner",
                        "Parallel Aware": false,
                        "Async Capable": false,
                        "Startup Cost": 4317772.07,
                        "Total Cost": 4442355.41,
                        "Plan Rows": 24916668,
                        "Plan Width": 39,
                        "Actual Startup Time": 539863.969,
                        "Actual Total Time": 710536.217,
                        "Actual Rows": 31050734,
                        "Actual Loops": 3,
                        "Output": ["p2.datenaiss", "p2.nomprenom", "p2.lieunaiss", "(split_part((p2.nomprenom)::text, '*'::text, 1))", "(split_part(split_part(replace((p2.nomprenom)::text, '/'::text, ' '::text), '*'::text, 2), ' '::text, 1))", "(substr((p2.datenaiss)::text, 1, 4))"],
                        "Shared Hit Blocks": 345930,
                        "Shared Read Blocks": 632670,
                        "Shared Dirtied Blocks": 0,
                        "Shared Written Blocks": 0,
                        "Local Hit Blocks": 0,
                        "Local Read Blocks": 0,
                        "Local Dirtied Blocks": 0,
                        "Local Written Blocks": 0,
                        "Temp Read Blocks": 643634,
                        "Temp Written Blocks": 643655,
                        "Workers": [
                          {
                            "Worker Number": 0,
                            "Actual Startup Time": 546221.552,
                            "Actual Total Time": 721562.144,
                            "Actual Rows": 30781163,
                            "Actual Loops": 1,
                            "Shared Hit Blocks": 128112,
                            "Shared Read Blocks": 198088,
                            "Shared Dirtied Blocks": 0,
                            "Shared Written Blocks": 0,
                            "Local Hit Blocks": 0,
                            "Local Read Blocks": 0,
                            "Local Dirtied Blocks": 0,
                            "Local Written Blocks": 0,
                            "Temp Read Blocks": 214545,
                            "Temp Written Blocks": 214552
                          },
                          {
                            "Worker Number": 1,
                            "Actual Startup Time": 544998.362,
                            "Actual Total Time": 714653.615,
                            "Actual Rows": 31613719,
                            "Actual Loops": 1,
                            "Shared Hit Blocks": 103494,
                            "Shared Read Blocks": 222706,
                            "Shared Dirtied Blocks": 0,
                            "Shared Written Blocks": 0,
                            "Local Hit Blocks": 0,
                            "Local Read Blocks": 0,
                            "Local Dirtied Blocks": 0,
                            "Local Written Blocks": 0,
                            "Temp Read Blocks": 214544,
                            "Temp Written Blocks": 214551
                          }
                        ],
                        "Plans": [
                          {
                            "Node Type": "Sort",
                            "Parent Relationship": "Outer",
                            "Parallel Aware": false,
                            "Async Capable": false,
                            "Startup Cost": 4317772.07,
                            "Total Cost": 4380063.74,
                            "Plan Rows": 24916668,
                            "Plan Width": 39,
                            "Actual Startup Time": 539859.299,
                            "Actual Total Time": 702618.365,
                            "Actual Rows": 24916669,
                            "Actual Loops": 3,
                            "Output": ["p2.datenaiss", "p2.nomprenom", "p2.lieunaiss", "(split_part((p2.nomprenom)::text, '*'::text, 1))", "(split_part(split_part(replace((p2.nomprenom)::text, '/'::text, ' '::text), '*'::text, 2), ' '::text, 1))", "(substr((p2.datenaiss)::text, 1, 4))"],
                            "Sort Key": ["(split_part((p2.nomprenom)::text, '*'::text, 1))", "(split_part(split_part(replace((p2.nomprenom)::text, '/'::text, ' '::text), '*'::text, 2), ' '::text, 1))", "(substr((p2.datenaiss)::text, 1, 4))"],
                            "Sort Method": "external merge",
                            "Sort Space Used": 1716360,
                            "Sort Space Type": "Disk",
                            "Shared Hit Blocks": 345930,
                            "Shared Read Blocks": 632670,
                            "Shared Dirtied Blocks": 0,
                            "Shared Written Blocks": 0,
                            "Local Hit Blocks": 0,
                            "Local Read Blocks": 0,
                            "Local Dirtied Blocks": 0,
                            "Local Written Blocks": 0,
                            "Temp Read Blocks": 643634,
                            "Temp Written Blocks": 643655,
                            "Workers": [
                              {
                                "Worker Number": 0,
                                "Actual Startup Time": 546221.469,
                                "Actual Total Time": 713439.933,
                                "Actual Rows": 24916668,
                                "Actual Loops": 1,
                                "Sort Method": "external merge",
                                "Sort Space Used": 1716360,
                                "Sort Space Type": "Disk",
                                "Shared Hit Blocks": 128112,
                                "Shared Read Blocks": 198088,
                                "Shared Dirtied Blocks": 0,
                                "Shared Written Blocks": 0,
                                "Local Hit Blocks": 0,
                                "Local Read Blocks": 0,
                                "Local Dirtied Blocks": 0,
                                "Local Written Blocks": 0,
                                "Temp Read Blocks": 214545,
                                "Temp Written Blocks": 214552
                              },
                              {
                                "Worker Number": 1,
                                "Actual Startup Time": 544998.273,
                                "Actual Total Time": 706757.567,
                                "Actual Rows": 24916669,
                                "Actual Loops": 1,
                                "Sort Method": "external merge",
                                "Sort Space Used": 1716352,
                                "Sort Space Type": "Disk",
                                "Shared Hit Blocks": 103494,
                                "Shared Read Blocks": 222706,
                                "Shared Dirtied Blocks": 0,
                                "Shared Written Blocks": 0,
                                "Local Hit Blocks": 0,
                                "Local Read Blocks": 0,
                                "Local Dirtied Blocks": 0,
                                "Local Written Blocks": 0,
                                "Temp Read Blocks": 214544,
                                "Temp Written Blocks": 214551
                              }
                            ],
                            "Plans": [
                              {
                                "Node Type": "Seq Scan",
                                "Parent Relationship": "Outer",
                                "Parallel Aware": false,
                                "Async Capable": false,
                                "Relation Name": "personne",
                                "Schema": "public",
                                "Alias": "p2",
                                "Startup Cost": 0.00,
                                "Total Cost": 575366.68,
                                "Plan Rows": 24916668,
                                "Plan Width": 39,
                                "Actual Startup Time": 29.506,
                                "Actual Total Time": 225214.966,
                                "Actual Rows": 24916669,
                                "Actual Loops": 3,
                                "Output": ["p2.datenaiss", "p2.nomprenom", "p2.lieunaiss", "split_part((p2.nomprenom)::text, '*'::text, 1)", "split_part(split_part(replace((p2.nomprenom)::text, '/'::text, ' '::text), '*'::text, 2), ' '::text, 1)", "substr((p2.datenaiss)::text, 1, 4)"],
                                "Shared Hit Blocks": 345930,
                                "Shared Read Blocks": 632670,
                                "Shared Dirtied Blocks": 0,
                                "Shared Written Blocks": 0,
                                "Local Hit Blocks": 0,
                                "Local Read Blocks": 0,
                                "Local Dirtied Blocks": 0,
                                "Local Written Blocks": 0,
                                "Temp Read Blocks": 0,
                                "Temp Written Blocks": 0,
                                "Workers": [
                                  {
                                    "Worker Number": 0,
                                    "Actual Startup Time": 0.133,
                                    "Actual Total Time": 214352.344,
                                    "Actual Rows": 24916669,
                                    "Actual Loops": 1,
                                    "Shared Hit Blocks": 128112,
                                    "Shared Read Blocks": 198088,
                                    "Shared Dirtied Blocks": 0,
                                    "Shared Written Blocks": 0,
                                    "Local Hit Blocks": 0,
                                    "Local Read Blocks": 0,
                                    "Local Dirtied Blocks": 0,
                                    "Local Written Blocks": 0,
                                    "Temp Read Blocks": 0,
                                    "Temp Written Blocks": 0
                                  },
                                  {
                                    "Worker Number": 1,
                                    "Actual Startup Time": 0.141,
                                    "Actual Total Time": 232275.014,
                                    "Actual Rows": 24916669,
                                    "Actual Loops": 1,
                                    "Shared Hit Blocks": 103494,
                                    "Shared Read Blocks": 222706,
                                    "Shared Dirtied Blocks": 0,
                                    "Shared Written Blocks": 0,
                                    "Local Hit Blocks": 0,
                                    "Local Read Blocks": 0,
                                    "Local Dirtied Blocks": 0,
                                    "Local Written Blocks": 0,
                                    "Temp Read Blocks": 0,
                                    "Temp Written Blocks": 0
                                  }
                                ]
                              }
                            ]
                          }
                        ]
                      }
                    ]
                  }
                ]
              }
            ]
          }
        ]
      },
      "Planning": {
        "Shared Hit Blocks": 11,
        "Shared Read Blocks": 0,
        "Shared Dirtied Blocks": 0,
        "Shared Written Blocks": 0,
        "Local Hit Blocks": 0,
        "Local Read Blocks": 0,
        "Local Dirtied Blocks": 0,
        "Local Written Blocks": 0,
        "Temp Read Blocks": 0,
        "Temp Written Blocks": 0
      },
      "Planning Time": 1.162,
      "Triggers": [
      ],
      "JIT": {
        "Functions": 71,
        "Options": {
          "Inlining": true,
          "Optimization": true,
          "Expressions": true,
          "Deforming": true
        },
        "Timing": {
          "Generation": 19.128,
          "Inlining": 430.421,
          "Optimization": 1260.239,
          "Emission": 706.832,
          "Total": 2416.619
        }
      },
      "Execution Time": 1365900.128
    }
  ]