[
    {
      "Plan": {
        "Node Type": "Group",
        "Parallel Aware": false,
        "Async Capable": false,
        "Startup Cost": 7887120.38,
        "Total Cost": 13190067.07,
        "Plan Rows": 10957247,
        "Plan Width": 64,
        "Actual Startup Time": 1988955.263,
        "Actual Total Time": 2439956.197,
        "Actual Rows": 493783,
        "Actual Loops": 1,
        "Output": ["(split_part((p1.nomprenom)::text, '*'::text, 1))", "(split_part(split_part(replace((p1.nomprenom)::text, '/'::text, ' '::text), '*'::text, 2), ' '::text, 1))"],
        "Group Key": ["(split_part((p1.nomprenom)::text, '*'::text, 1))", "(split_part(split_part(replace((p1.nomprenom)::text, '/'::text, ' '::text), '*'::text, 2), ' '::text, 1))"],
        "Shared Hit Blocks": 400792,
        "Shared Read Blocks": 904018,
        "Shared Dirtied Blocks": 0,
        "Shared Written Blocks": 0,
        "Local Hit Blocks": 0,
        "Local Read Blocks": 0,
        "Local Dirtied Blocks": 0,
        "Local Written Blocks": 0,
        "Temp Read Blocks": 3273077,
        "Temp Written Blocks": 3277134,
        "Plans": [
          {
            "Node Type": "Gather Merge",
            "Parent Relationship": "Outer",
            "Parallel Aware": false,
            "Async Capable": false,
            "Startup Cost": 7887120.38,
            "Total Cost": 12970922.13,
            "Plan Rows": 21914494,
            "Plan Width": 64,
            "Actual Startup Time": 1988954.953,
            "Actual Total Time": 2439558.690,
            "Actual Rows": 1054239,
            "Actual Loops": 1,
            "Output": ["(split_part((p1.nomprenom)::text, '*'::text, 1))", "(split_part(split_part(replace((p1.nomprenom)::text, '/'::text, ' '::text), '*'::text, 2), ' '::text, 1))"],
            "Workers Planned": 2,
            "Workers Launched": 2,
            "Shared Hit Blocks": 400792,
            "Shared Read Blocks": 904018,
            "Shared Dirtied Blocks": 0,
            "Shared Written Blocks": 0,
            "Local Hit Blocks": 0,
            "Local Read Blocks": 0,
            "Local Dirtied Blocks": 0,
            "Local Written Blocks": 0,
            "Temp Read Blocks": 3273077,
            "Temp Written Blocks": 3277134,
            "Plans": [
              {
                "Node Type": "Group",
                "Parent Relationship": "Outer",
                "Parallel Aware": false,
                "Async Capable": false,
                "Startup Cost": 7886120.36,
                "Total Cost": 10440445.74,
                "Plan Rows": 10957247,
                "Plan Width": 64,
                "Actual Startup Time": 1884503.428,
                "Actual Total Time": 2220358.196,
                "Actual Rows": 351413,
                "Actual Loops": 3,
                "Output": ["(split_part((p1.nomprenom)::text, '*'::text, 1))", "(split_part(split_part(replace((p1.nomprenom)::text, '/'::text, ' '::text), '*'::text, 2), ' '::text, 1))"],
                "Group Key": ["(split_part((p1.nomprenom)::text, '*'::text, 1))", "(split_part(split_part(replace((p1.nomprenom)::text, '/'::text, ' '::text), '*'::text, 2), ' '::text, 1))"],
                "Shared Hit Blocks": 400792,
                "Shared Read Blocks": 904018,
                "Shared Dirtied Blocks": 0,
                "Shared Written Blocks": 0,
                "Local Hit Blocks": 0,
                "Local Read Blocks": 0,
                "Local Dirtied Blocks": 0,
                "Local Written Blocks": 0,
                "Temp Read Blocks": 3273077,
                "Temp Written Blocks": 3277134,
                "Workers": [
                  {
                    "Worker Number": 0,
                    "Actual Startup Time": 1988517.540,
                    "Actual Total Time": 2320473.214,
                    "Actual Rows": 355897,
                    "Actual Loops": 1,
                    "JIT": {
                      "Functions": 23,
                      "Options": {
                        "Inlining": true,
                        "Optimization": true,
                        "Expressions": true,
                        "Deforming": true
                      },
                      "Timing": {
                        "Generation": 3.811,
                        "Inlining": 167.569,
                        "Optimization": 639.671,
                        "Emission": 244.098,
                        "Total": 1055.148
                      }
                    },
                    "Shared Hit Blocks": 131706,
                    "Shared Read Blocks": 305001,
                    "Shared Dirtied Blocks": 0,
                    "Shared Written Blocks": 0,
                    "Local Hit Blocks": 0,
                    "Local Read Blocks": 0,
                    "Local Dirtied Blocks": 0,
                    "Local Written Blocks": 0,
                    "Temp Read Blocks": 1095232,
                    "Temp Written Blocks": 1096590
                  },
                  {
                    "Worker Number": 1,
                    "Actual Startup Time": 1892668.259,
                    "Actual Total Time": 2229900.694,
                    "Actual Rows": 340527,
                    "Actual Loops": 1,
                    "JIT": {
                      "Functions": 23,
                      "Options": {
                        "Inlining": true,
                        "Optimization": true,
                        "Expressions": true,
                        "Deforming": true
                      },
                      "Timing": {
                        "Generation": 3.876,
                        "Inlining": 248.032,
                        "Optimization": 383.513,
                        "Emission": 209.394,
                        "Total": 844.815
                      }
                    },
                    "Shared Hit Blocks": 126161,
                    "Shared Read Blocks": 302260,
                    "Shared Dirtied Blocks": 0,
                    "Shared Written Blocks": 0,
                    "Local Hit Blocks": 0,
                    "Local Read Blocks": 0,
                    "Local Dirtied Blocks": 0,
                    "Local Written Blocks": 0,
                    "Temp Read Blocks": 1074777,
                    "Temp Written Blocks": 1076109
                  }
                ],
                "Plans": [
                  {
                    "Node Type": "Merge Join",
                    "Parent Relationship": "Outer",
                    "Parallel Aware": false,
                    "Async Capable": false,
                    "Join Type": "Inner",
                    "Startup Cost": 7886120.36,
                    "Total Cost": 10169515.18,
                    "Plan Rows": 32271618,
                    "Plan Width": 64,
                    "Actual Startup Time": 1884502.969,
                    "Actual Total Time": 2218590.096,
                    "Actual Rows": 7981307,
                    "Actual Loops": 3,
                    "Output": ["(split_part((p1.nomprenom)::text, '*'::text, 1))", "(split_part(split_part(replace((p1.nomprenom)::text, '/'::text, ' '::text), '*'::text, 2), ' '::text, 1))"],
                    "Inner Unique": false,
                    "Merge Cond": "(((split_part((p1.nomprenom)::text, '*'::text, 1)) = (split_part((p2.nomprenom)::text, '*'::text, 1))) AND ((split_part(split_part(replace((p1.nomprenom)::text, '/'::text, ' '::text), '*'::text, 2), ' '::text, 1)) = (split_part(split_part(replace((p2.nomprenom)::text, '/'::text, ' '::text), '*'::text, 2), ' '::text, 1))) AND ((substr((p1.datenaiss)::text, 1, 4)) = (substr((p2.datenaiss)::text, 1, 4))))",
                    "Join Filter": "((p1.lieunaiss)::text <> (p2.lieunaiss)::text)",
                    "Rows Removed by Join Filter": 8585280,
                    "Shared Hit Blocks": 400792,
                    "Shared Read Blocks": 904018,
                    "Shared Dirtied Blocks": 0,
                    "Shared Written Blocks": 0,
                    "Local Hit Blocks": 0,
                    "Local Read Blocks": 0,
                    "Local Dirtied Blocks": 0,
                    "Local Written Blocks": 0,
                    "Temp Read Blocks": 3273077,
                    "Temp Written Blocks": 3277134,
                    "Workers": [
                      {
                        "Worker Number": 0,
                        "Actual Startup Time": 1988517.523,
                        "Actual Total Time": 2318723.449,
                        "Actual Rows": 8162267,
                        "Actual Loops": 1,
                        "Shared Hit Blocks": 131706,
                        "Shared Read Blocks": 305001,
                        "Shared Dirtied Blocks": 0,
                        "Shared Written Blocks": 0,
                        "Local Hit Blocks": 0,
                        "Local Read Blocks": 0,
                        "Local Dirtied Blocks": 0,
                        "Local Written Blocks": 0,
                        "Temp Read Blocks": 1095232,
                        "Temp Written Blocks": 1096590
                      },
                      {
                        "Worker Number": 1,
                        "Actual Startup Time": 1892668.242,
                        "Actual Total Time": 2228226.812,
                        "Actual Rows": 7430298,
                        "Actual Loops": 1,
                        "Shared Hit Blocks": 126161,
                        "Shared Read Blocks": 302260,
                        "Shared Dirtied Blocks": 0,
                        "Shared Written Blocks": 0,
                        "Local Hit Blocks": 0,
                        "Local Read Blocks": 0,
                        "Local Dirtied Blocks": 0,
                        "Local Written Blocks": 0,
                        "Temp Read Blocks": 1074777,
                        "Temp Written Blocks": 1076109
                      }
                    ],
                    "Plans": [
                      {
                        "Node Type": "Sort",
                        "Parent Relationship": "Outer",
                        "Parallel Aware": false,
                        "Async Capable": false,
                        "Startup Cost": 2207162.18,
                        "Total Cost": 2233110.25,
                        "Plan Rows": 10379231,
                        "Plan Width": 39,
                        "Actual Startup Time": 430461.848,
                        "Actual Total Time": 505456.933,
                        "Actual Rows": 8305556,
                        "Actual Loops": 3,
                        "Output": ["p1.nomprenom", "p1.datenaiss", "p1.lieunaiss", "(split_part((p1.nomprenom)::text, '*'::text, 1))", "(split_part(split_part(replace((p1.nomprenom)::text, '/'::text, ' '::text), '*'::text, 2), ' '::text, 1))", "(substr((p1.datenaiss)::text, 1, 4))"],
                        "Sort Key": ["(split_part((p1.nomprenom)::text, '*'::text, 1))", "(split_part(split_part(replace((p1.nomprenom)::text, '/'::text, ' '::text), '*'::text, 2), ' '::text, 1))", "(substr((p1.datenaiss)::text, 1, 4))"],
                        "Sort Method": "external merge",
                        "Sort Space Used": 597392,
                        "Sort Space Type": "Disk",
                        "Shared Hit Blocks": 13736,
                        "Shared Read Blocks": 312474,
                        "Shared Dirtied Blocks": 0,
                        "Shared Written Blocks": 0,
                        "Local Hit Blocks": 0,
                        "Local Read Blocks": 0,
                        "Local Dirtied Blocks": 0,
                        "Local Written Blocks": 0,
                        "Temp Read Blocks": 688997,
                        "Temp Written Blocks": 690010,
                        "Workers": [
                          {
                            "Worker Number": 0,
                            "Actual Startup Time": 460996.587,
                            "Actual Total Time": 542870.290,
                            "Actual Rows": 8441524,
                            "Actual Loops": 1,
                            "Sort Method": "external merge",
                            "Sort Space Used": 581456,
                            "Sort Space Type": "Disk",
                            "Shared Hit Blocks": 3133,
                            "Shared Read Blocks": 107374,
                            "Shared Dirtied Blocks": 0,
                            "Shared Written Blocks": 0,
                            "Local Hit Blocks": 0,
                            "Local Read Blocks": 0,
                            "Local Dirtied Blocks": 0,
                            "Local Written Blocks": 0,
                            "Temp Read Blocks": 233617,
                            "Temp Written Blocks": 233960
                          },
                          {
                            "Worker Number": 1,
                            "Actual Startup Time": 386503.353,
                            "Actual Total Time": 457272.111,
                            "Actual Rows": 7803560,
                            "Actual Loops": 1,
                            "Sort Method": "external merge",
                            "Sort Space Used": 537672,
                            "Sort Space Type": "Disk",
                            "Shared Hit Blocks": 2442,
                            "Shared Read Blocks": 99779,
                            "Shared Dirtied Blocks": 0,
                            "Shared Written Blocks": 0,
                            "Local Hit Blocks": 0,
                            "Local Read Blocks": 0,
                            "Local Dirtied Blocks": 0,
                            "Local Written Blocks": 0,
                            "Temp Read Blocks": 213388,
                            "Temp Written Blocks": 213705
                          }
                        ],
                        "Plans": [
                          {
                            "Node Type": "Seq Scan",
                            "Parent Relationship": "Outer",
                            "Parallel Aware": true,
                            "Async Capable": false,
                            "Relation Name": "personne",
                            "Schema": "public",
                            "Alias": "p1",
                            "Startup Cost": 0.00,
                            "Total Cost": 429992.31,
                            "Plan Rows": 10379231,
                            "Plan Width": 39,
                            "Actual Startup Time": 978.014,
                            "Actual Total Time": 272407.283,
                            "Actual Rows": 8305556,
                            "Actual Loops": 3,
                            "Output": ["p1.nomprenom", "p1.datenaiss", "p1.lieunaiss", "split_part((p1.nomprenom)::text, '*'::text, 1)", "split_part(split_part(replace((p1.nomprenom)::text, '/'::text, ' '::text), '*'::text, 2), ' '::text, 1)", "substr((p1.datenaiss)::text, 1, 4)"],
                            "Shared Hit Blocks": 13726,
                            "Shared Read Blocks": 312474,
                            "Shared Dirtied Blocks": 0,
                            "Shared Written Blocks": 0,
                            "Local Hit Blocks": 0,
                            "Local Read Blocks": 0,
                            "Local Dirtied Blocks": 0,
                            "Local Written Blocks": 0,
                            "Temp Read Blocks": 0,
                            "Temp Written Blocks": 0,
                            "Workers": [
                              {
                                "Worker Number": 0,
                                "Actual Startup Time": 1145.224,
                                "Actual Total Time": 273032.404,
                                "Actual Rows": 8441524,
                                "Actual Loops": 1,
                                "Shared Hit Blocks": 3128,
                                "Shared Read Blocks": 107374,
                                "Shared Dirtied Blocks": 0,
                                "Shared Written Blocks": 0,
                                "Local Hit Blocks": 0,
                                "Local Read Blocks": 0,
                                "Local Dirtied Blocks": 0,
                                "Local Written Blocks": 0,
                                "Temp Read Blocks": 0,
                                "Temp Written Blocks": 0
                              },
                              {
                                "Worker Number": 1,
                                "Actual Startup Time": 1028.076,
                                "Actual Total Time": 275111.212,
                                "Actual Rows": 7803560,
                                "Actual Loops": 1,
                                "Shared Hit Blocks": 2437,
                                "Shared Read Blocks": 99779,
                                "Shared Dirtied Blocks": 0,
                                "Shared Written Blocks": 0,
                                "Local Hit Blocks": 0,
                                "Local Read Blocks": 0,
                                "Local Dirtied Blocks": 0,
                                "Local Written Blocks": 0,
                                "Temp Read Blocks": 0,
                                "Temp Written Blocks": 0
                              }
                            ]
                          }
                        ]
                      },
                      {
                        "Node Type": "Materialize",
                        "Parent Relationship": "Inner",
                        "Parallel Aware": false,
                        "Async Capable": false,
                        "Startup Cost": 5678958.18,
                        "Total Cost": 5803508.95,
                        "Plan Rows": 24910154,
                        "Plan Width": 39,
                        "Actual Startup Time": 1453918.254,
                        "Actual Total Time": 1688950.368,
                        "Actual Rows": 31044195,
                        "Actual Loops": 3,
                        "Output": ["p2.datenaiss", "p2.nomprenom", "p2.lieunaiss", "(split_part((p2.nomprenom)::text, '*'::text, 1))", "(split_part(split_part(replace((p2.nomprenom)::text, '/'::text, ' '::text), '*'::text, 2), ' '::text, 1))", "(substr((p2.datenaiss)::text, 1, 4))"],
                        "Shared Hit Blocks": 387056,
                        "Shared Read Blocks": 591544,
                        "Shared Dirtied Blocks": 0,
                        "Shared Written Blocks": 0,
                        "Local Hit Blocks": 0,
                        "Local Read Blocks": 0,
                        "Local Dirtied Blocks": 0,
                        "Local Written Blocks": 0,
                        "Temp Read Blocks": 2584080,
                        "Temp Written Blocks": 2587124,
                        "Workers": [
                          {
                            "Worker Number": 0,
                            "Actual Startup Time": 1527518.321,
                            "Actual Total Time": 1751683.013,
                            "Actual Rows": 31219594,
                            "Actual Loops": 1,
                            "Shared Hit Blocks": 128573,
                            "Shared Read Blocks": 197627,
                            "Shared Dirtied Blocks": 0,
                            "Shared Written Blocks": 0,
                            "Local Hit Blocks": 0,
                            "Local Read Blocks": 0,
                            "Local Dirtied Blocks": 0,
                            "Local Written Blocks": 0,
                            "Temp Read Blocks": 861615,
                            "Temp Written Blocks": 862630
                          },
                          {
                            "Worker Number": 1,
                            "Actual Startup Time": 1506158.685,
                            "Actual Total Time": 1747452.493,
                            "Actual Rows": 30481146,
                            "Actual Loops": 1,
                            "Shared Hit Blocks": 123719,
                            "Shared Read Blocks": 202481,
                            "Shared Dirtied Blocks": 0,
                            "Shared Written Blocks": 0,
                            "Local Hit Blocks": 0,
                            "Local Read Blocks": 0,
                            "Local Dirtied Blocks": 0,
                            "Local Written Blocks": 0,
                            "Temp Read Blocks": 861389,
                            "Temp Written Blocks": 862404
                          }
                        ],
                        "Plans": [
                          {
                            "Node Type": "Sort",
                            "Parent Relationship": "Outer",
                            "Parallel Aware": false,
                            "Async Capable": false,
                            "Startup Cost": 5678958.18,
                            "Total Cost": 5741233.57,
                            "Plan Rows": 24910154,
                            "Plan Width": 39,
                            "Actual Startup Time": 1453918.153,
                            "Actual Total Time": 1680824.495,
                            "Actual Rows": 24916668,
                            "Actual Loops": 3,
                            "Output": ["p2.datenaiss", "p2.nomprenom", "p2.lieunaiss", "(split_part((p2.nomprenom)::text, '*'::text, 1))", "(split_part(split_part(replace((p2.nomprenom)::text, '/'::text, ' '::text), '*'::text, 2), ' '::text, 1))", "(substr((p2.datenaiss)::text, 1, 4))"],
                            "Sort Key": ["(split_part((p2.nomprenom)::text, '*'::text, 1))", "(split_part(split_part(replace((p2.nomprenom)::text, '/'::text, ' '::text), '*'::text, 2), ' '::text, 1))", "(substr((p2.datenaiss)::text, 1, 4))"],
                            "Sort Method": "external merge",
                            "Sort Space Used": 1716416,
                            "Sort Space Type": "Disk",
                            "Shared Hit Blocks": 387056,
                            "Shared Read Blocks": 591544,
                            "Shared Dirtied Blocks": 0,
                            "Shared Written Blocks": 0,
                            "Local Hit Blocks": 0,
                            "Local Read Blocks": 0,
                            "Local Dirtied Blocks": 0,
                            "Local Written Blocks": 0,
                            "Temp Read Blocks": 2584080,
                            "Temp Written Blocks": 2587124,
                            "Workers": [
                              {
                                "Worker Number": 0,
                                "Actual Startup Time": 1527518.217,
                                "Actual Total Time": 1743633.888,
                                "Actual Rows": 24916669,
                                "Actual Loops": 1,
                                "Sort Method": "external merge",
                                "Sort Space Used": 1716392,
                                "Sort Space Type": "Disk",
                                "Shared Hit Blocks": 128573,
                                "Shared Read Blocks": 197627,
                                "Shared Dirtied Blocks": 0,
                                "Shared Written Blocks": 0,
                                "Local Hit Blocks": 0,
                                "Local Read Blocks": 0,
                                "Local Dirtied Blocks": 0,
                                "Local Written Blocks": 0,
                                "Temp Read Blocks": 861615,
                                "Temp Written Blocks": 862630
                              },
                              {
                                "Worker Number": 1,
                                "Actual Startup Time": 1506158.579,
                                "Actual Total Time": 1739335.130,
                                "Actual Rows": 24916667,
                                "Actual Loops": 1,
                                "Sort Method": "external merge",
                                "Sort Space Used": 1716400,
                                "Sort Space Type": "Disk",
                                "Shared Hit Blocks": 123719,
                                "Shared Read Blocks": 202481,
                                "Shared Dirtied Blocks": 0,
                                "Shared Written Blocks": 0,
                                "Local Hit Blocks": 0,
                                "Local Read Blocks": 0,
                                "Local Dirtied Blocks": 0,
                                "Local Written Blocks": 0,
                                "Temp Read Blocks": 861389,
                                "Temp Written Blocks": 862404
                              }
                            ],
                            "Plans": [
                              {
                                "Node Type": "Seq Scan",
                                "Parent Relationship": "Outer",
                                "Parallel Aware": false,
                                "Async Capable": false,
                                "Relation Name": "personne",
                                "Schema": "public",
                                "Alias": "p2",
                                "Startup Cost": 0.00,
                                "Total Cost": 575301.54,
                                "Plan Rows": 24910154,
                                "Plan Width": 39,
                                "Actual Startup Time": 19.869,
                                "Actual Total Time": 391488.064,
                                "Actual Rows": 24916669,
                                "Actual Loops": 3,
                                "Output": ["p2.datenaiss", "p2.nomprenom", "p2.lieunaiss", "split_part((p2.nomprenom)::text, '*'::text, 1)", "split_part(split_part(replace((p2.nomprenom)::text, '/'::text, ' '::text), '*'::text, 2), ' '::text, 1)", "substr((p2.datenaiss)::text, 1, 4)"],
                                "Shared Hit Blocks": 387056,
                                "Shared Read Blocks": 591544,
                                "Shared Dirtied Blocks": 0,
                                "Shared Written Blocks": 0,
                                "Local Hit Blocks": 0,
                                "Local Read Blocks": 0,
                                "Local Dirtied Blocks": 0,
                                "Local Written Blocks": 0,
                                "Temp Read Blocks": 0,
                                "Temp Written Blocks": 0,
                                "Workers": [
                                  {
                                    "Worker Number": 0,
                                    "Actual Startup Time": 0.159,
                                    "Actual Total Time": 375979.627,
                                    "Actual Rows": 24916669,
                                    "Actual Loops": 1,
                                    "Shared Hit Blocks": 128573,
                                    "Shared Read Blocks": 197627,
                                    "Shared Dirtied Blocks": 0,
                                    "Shared Written Blocks": 0,
                                    "Local Hit Blocks": 0,
                                    "Local Read Blocks": 0,
                                    "Local Dirtied Blocks": 0,
                                    "Local Written Blocks": 0,
                                    "Temp Read Blocks": 0,
                                    "Temp Written Blocks": 0
                                  },
                                  {
                                    "Worker Number": 1,
                                    "Actual Startup Time": 59.334,
                                    "Actual Total Time": 410149.977,
                                    "Actual Rows": 24916669,
                                    "Actual Loops": 1,
                                    "Shared Hit Blocks": 123719,
                                    "Shared Read Blocks": 202481,
                                    "Shared Dirtied Blocks": 0,
                                    "Shared Written Blocks": 0,
                                    "Local Hit Blocks": 0,
                                    "Local Read Blocks": 0,
                                    "Local Dirtied Blocks": 0,
                                    "Local Written Blocks": 0,
                                    "Temp Read Blocks": 0,
                                    "Temp Written Blocks": 0
                                  }
                                ]
                              }
                            ]
                          }
                        ]
                      }
                    ]
                  }
                ]
              }
            ]
          }
        ]
      },
      "Planning": {
        "Shared Hit Blocks": 9,
        "Shared Read Blocks": 0,
        "Shared Dirtied Blocks": 0,
        "Shared Written Blocks": 0,
        "Local Hit Blocks": 0,
        "Local Read Blocks": 0,
        "Local Dirtied Blocks": 0,
        "Local Written Blocks": 0,
        "Temp Read Blocks": 0,
        "Temp Written Blocks": 0
      },
      "Planning Time": 3.588,
      "Triggers": [
      ],
      "JIT": {
        "Functions": 71,
        "Options": {
          "Inlining": true,
          "Optimization": true,
          "Expressions": true,
          "Deforming": true
        },
        "Timing": {
          "Generation": 30.839,
          "Inlining": 434.315,
          "Optimization": 1402.334,
          "Emission": 801.914,
          "Total": 2669.402
        }
      },
      "Execution Time": 2440246.622
    }
  ]