[
  {
    "Plan": {
      "Node Type": "Limit",
      "Parallel Aware": false,
      "Async Capable": false,
      "Startup Cost": 5462627.74,
      "Total Cost": 5462627.76,
      "Plan Rows": 10,
      "Plan Width": 47,
      "Actual Startup Time": 402557.727,
      "Actual Total Time": 403442.194,
      "Actual Rows": 10,
      "Actual Loops": 1,
      "Output": ["nomprenom", "datenaiss", "lieunaiss", "(count(datedeces))"],
      "Shared Hit Blocks": 15962,
      "Shared Read Blocks": 310354,
      "Shared Dirtied Blocks": 0,
      "Shared Written Blocks": 0,
      "Local Hit Blocks": 0,
      "Local Read Blocks": 0,
      "Local Dirtied Blocks": 0,
      "Local Written Blocks": 0,
      "Temp Read Blocks": 551603,
      "Temp Written Blocks": 552450,
      "Plans": [
        {
          "Node Type": "Sort",
          "Parent Relationship": "Outer",
          "Parallel Aware": false,
          "Async Capable": false,
          "Startup Cost": 5462627.74,
          "Total Cost": 5490020.86,
          "Plan Rows": 10957247,
          "Plan Width": 47,
          "Actual Startup Time": 402369.516,
          "Actual Total Time": 403253.975,
          "Actual Rows": 10,
          "Actual Loops": 1,
          "Output": ["nomprenom", "datenaiss", "lieunaiss", "(count(datedeces))"],
          "Sort Key": ["(count(personne.datedeces)) DESC"],
          "Sort Method": "top-N heapsort",
          "Sort Space Used": 26,
          "Sort Space Type": "Memory",
          "Shared Hit Blocks": 15962,
          "Shared Read Blocks": 310354,
          "Shared Dirtied Blocks": 0,
          "Shared Written Blocks": 0,
          "Local Hit Blocks": 0,
          "Local Read Blocks": 0,
          "Local Dirtied Blocks": 0,
          "Local Written Blocks": 0,
          "Temp Read Blocks": 551603,
          "Temp Written Blocks": 552450,
          "Plans": [
            {
              "Node Type": "Aggregate",
              "Strategy": "Sorted",
              "Partial Mode": "Finalize",
              "Parent Relationship": "Outer",
              "Parallel Aware": false,
              "Async Capable": false,
              "Startup Cost": 2279114.20,
              "Total Cost": 5225845.57,
              "Plan Rows": 10957247,
              "Plan Width": 47,
              "Actual Startup Time": 354463.812,
              "Actual Total Time": 398485.775,
              "Actual Rows": 24694237,
              "Actual Loops": 1,
              "Output": ["nomprenom", "datenaiss", "lieunaiss", "count(datedeces)"],
              "Group Key": ["personne.nomprenom", "personne.datenaiss", "personne.lieunaiss"],
              "Shared Hit Blocks": 15962,
              "Shared Read Blocks": 310354,
              "Shared Dirtied Blocks": 0,
              "Shared Written Blocks": 0,
              "Local Hit Blocks": 0,
              "Local Read Blocks": 0,
              "Local Dirtied Blocks": 0,
              "Local Written Blocks": 0,
              "Temp Read Blocks": 551603,
              "Temp Written Blocks": 552450,
              "Plans": [
                {
                  "Node Type": "Gather Merge",
                  "Parent Relationship": "Outer",
                  "Parallel Aware": false,
                  "Async Capable": false,
                  "Startup Cost": 2279114.20,
                  "Total Cost": 4908688.48,
                  "Plan Rows": 20758462,
                  "Plan Width": 47,
                  "Actual Startup Time": 354463.791,
                  "Actual Total Time": 389975.139,
                  "Actual Rows": 24811858,
                  "Actual Loops": 1,
                  "Output": ["nomprenom", "datenaiss", "lieunaiss", "(PARTIAL count(datedeces))"],
                  "Workers Planned": 2,
                  "Workers Launched": 2,
                  "Shared Hit Blocks": 15962,
                  "Shared Read Blocks": 310354,
                  "Shared Dirtied Blocks": 0,
                  "Shared Written Blocks": 0,
                  "Local Hit Blocks": 0,
                  "Local Read Blocks": 0,
                  "Local Dirtied Blocks": 0,
                  "Local Written Blocks": 0,
                  "Temp Read Blocks": 551603,
                  "Temp Written Blocks": 552450,
                  "Plans": [
                    {
                      "Node Type": "Aggregate",
                      "Strategy": "Sorted",
                      "Partial Mode": "Partial",
                      "Parent Relationship": "Outer",
                      "Parallel Aware": false,
                      "Async Capable": false,
                      "Startup Cost": 2278114.18,
                      "Total Cost": 2511646.87,
                      "Plan Rows": 10379231,
                      "Plan Width": 47,
                      "Actual Startup Time": 335033.659,
                      "Actual Total Time": 348632.888,
                      "Actual Rows": 8270619,
                      "Actual Loops": 3,
                      "Output": ["nomprenom", "datenaiss", "lieunaiss", "PARTIAL count(datedeces)"],
                      "Group Key": ["personne.nomprenom", "personne.datenaiss", "personne.lieunaiss"],
                      "Shared Hit Blocks": 15962,
                      "Shared Read Blocks": 310354,
                      "Shared Dirtied Blocks": 0,
                      "Shared Written Blocks": 0,
                      "Local Hit Blocks": 0,
                      "Local Read Blocks": 0,
                      "Local Dirtied Blocks": 0,
                      "Local Written Blocks": 0,
                      "Temp Read Blocks": 551603,
                      "Temp Written Blocks": 552450,
                      "Workers": [
                        {
                          "Worker Number": 0,
                          "Actual Startup Time": 327136.534,
                          "Actual Total Time": 342822.665,
                          "Actual Rows": 8337726,
                          "Actual Loops": 1,
                          "JIT": {
                            "Functions": 7,
                            "Options": {
                              "Inlining": true,
                              "Optimization": true,
                              "Expressions": true,
                              "Deforming": true
                            },
                            "Timing": {
                              "Generation": 4.308,
                              "Inlining": 2614.005,
                              "Optimization": 535.687,
                              "Emission": 188.777,
                              "Total": 3342.778
                            }
                          },
                          "Shared Hit Blocks": 5466,
                          "Shared Read Blocks": 104384,
                          "Shared Dirtied Blocks": 0,
                          "Shared Written Blocks": 0,
                          "Local Hit Blocks": 0,
                          "Local Read Blocks": 0,
                          "Local Dirtied Blocks": 0,
                          "Local Written Blocks": 0,
                          "Temp Read Blocks": 185538,
                          "Temp Written Blocks": 185826
                        },
                        {
                          "Worker Number": 1,
                          "Actual Startup Time": 323502.261,
                          "Actual Total Time": 336364.903,
                          "Actual Rows": 7903628,
                          "Actual Loops": 1,
                          "JIT": {
                            "Functions": 7,
                            "Options": {
                              "Inlining": true,
                              "Optimization": true,
                              "Expressions": true,
                              "Deforming": true
                            },
                            "Timing": {
                              "Generation": 4.545,
                              "Inlining": 2631.414,
                              "Optimization": 537.444,
                              "Emission": 188.517,
                              "Total": 3361.920
                            }
                          },
                          "Shared Hit Blocks": 3673,
                          "Shared Read Blocks": 100155,
                          "Shared Dirtied Blocks": 0,
                          "Shared Written Blocks": 0,
                          "Local Hit Blocks": 0,
                          "Local Read Blocks": 0,
                          "Local Dirtied Blocks": 0,
                          "Local Written Blocks": 0,
                          "Temp Read Blocks": 174422,
                          "Temp Written Blocks": 174689
                        }
                      ],
                      "Plans": [
                        {
                          "Node Type": "Sort",
                          "Parent Relationship": "Outer",
                          "Parallel Aware": false,
                          "Async Capable": false,
                          "Startup Cost": 2278114.18,
                          "Total Cost": 2304062.25,
                          "Plan Rows": 10379231,
                          "Plan Width": 48,
                          "Actual Startup Time": 335033.525,
                          "Actual Total Time": 344896.294,
                          "Actual Rows": 8305556,
                          "Actual Loops": 3,
                          "Output": ["nomprenom", "datenaiss", "lieunaiss", "datedeces"],
                          "Sort Key": ["personne.nomprenom", "personne.datenaiss", "personne.lieunaiss"],
                          "Sort Method": "external merge",
                          "Sort Space Used": 497192,
                          "Sort Space Type": "Disk",
                          "Shared Hit Blocks": 15962,
                          "Shared Read Blocks": 310354,
                          "Shared Dirtied Blocks": 0,
                          "Shared Written Blocks": 0,
                          "Local Hit Blocks": 0,
                          "Local Read Blocks": 0,
                          "Local Dirtied Blocks": 0,
                          "Local Written Blocks": 0,
                          "Temp Read Blocks": 551603,
                          "Temp Written Blocks": 552450,
                          "Workers": [
                            {
                              "Worker Number": 0,
                              "Actual Startup Time": 327136.414,
                              "Actual Total Time": 338546.471,
                              "Actual Rows": 8377227,
                              "Actual Loops": 1,
                              "Sort Method": "external merge",
                              "Sort Space Used": 484192,
                              "Sort Space Type": "Disk",
                              "Shared Hit Blocks": 5466,
                              "Shared Read Blocks": 104384,
                              "Shared Dirtied Blocks": 0,
                              "Shared Written Blocks": 0,
                              "Local Hit Blocks": 0,
                              "Local Read Blocks": 0,
                              "Local Dirtied Blocks": 0,
                              "Local Written Blocks": 0,
                              "Temp Read Blocks": 185538,
                              "Temp Written Blocks": 185826
                            },
                            {
                              "Worker Number": 1,
                              "Actual Startup Time": 323502.070,
                              "Actual Total Time": 333055.712,
                              "Actual Rows": 7928287,
                              "Actual Loops": 1,
                              "Sort Method": "external merge",
                              "Sort Space Used": 457608,
                              "Sort Space Type": "Disk",
                              "Shared Hit Blocks": 3673,
                              "Shared Read Blocks": 100155,
                              "Shared Dirtied Blocks": 0,
                              "Shared Written Blocks": 0,
                              "Local Hit Blocks": 0,
                              "Local Read Blocks": 0,
                              "Local Dirtied Blocks": 0,
                              "Local Written Blocks": 0,
                              "Temp Read Blocks": 174422,
                              "Temp Written Blocks": 174689
                            }
                          ],
                          "Plans": [
                            {
                              "Node Type": "Seq Scan",
                              "Parent Relationship": "Outer",
                              "Parallel Aware": true,
                              "Async Capable": false,
                              "Relation Name": "personne",
                              "Schema": "public",
                              "Alias": "personne",
                              "Startup Cost": 0.00,
                              "Total Cost": 429992.31,
                              "Plan Rows": 10379231,
                              "Plan Width": 48,
                              "Actual Startup Time": 2239.537,
                              "Actual Total Time": 272233.582,
                              "Actual Rows": 8305556,
                              "Actual Loops": 3,
                              "Output": ["nomprenom", "datenaiss", "lieunaiss", "datedeces"],
                              "Shared Hit Blocks": 15846,
                              "Shared Read Blocks": 310354,
                              "Shared Dirtied Blocks": 0,
                              "Shared Written Blocks": 0,
                              "Local Hit Blocks": 0,
                              "Local Read Blocks": 0,
                              "Local Dirtied Blocks": 0,
                              "Local Written Blocks": 0,
                              "Temp Read Blocks": 0,
                              "Temp Written Blocks": 0,
                              "Workers": [
                                {
                                  "Worker Number": 0,
                                  "Actual Startup Time": 3356.816,
                                  "Actual Total Time": 270709.318,
                                  "Actual Rows": 8377227,
                                  "Actual Loops": 1,
                                  "Shared Hit Blocks": 5408,
                                  "Shared Read Blocks": 104384,
                                  "Shared Dirtied Blocks": 0,
                                  "Shared Written Blocks": 0,
                                  "Local Hit Blocks": 0,
                                  "Local Read Blocks": 0,
                                  "Local Dirtied Blocks": 0,
                                  "Local Written Blocks": 0,
                                  "Temp Read Blocks": 0,
                                  "Temp Written Blocks": 0
                                },
                                {
                                  "Worker Number": 1,
                                  "Actual Startup Time": 3361.781,
                                  "Actual Total Time": 270785.331,
                                  "Actual Rows": 7928287,
                                  "Actual Loops": 1,
                                  "Shared Hit Blocks": 3615,
                                  "Shared Read Blocks": 100155,
                                  "Shared Dirtied Blocks": 0,
                                  "Shared Written Blocks": 0,
                                  "Local Hit Blocks": 0,
                                  "Local Read Blocks": 0,
                                  "Local Dirtied Blocks": 0,
                                  "Local Written Blocks": 0,
                                  "Temp Read Blocks": 0,
                                  "Temp Written Blocks": 0
                                }
                              ]
                            }
                          ]
                        }
                      ]
                    }
                  ]
                }
              ]
            }
          ]
        }
      ]
    },
    "Planning": {
      "Shared Hit Blocks": 6,
      "Shared Read Blocks": 0,
      "Shared Dirtied Blocks": 0,
      "Shared Written Blocks": 0,
      "Local Hit Blocks": 0,
      "Local Read Blocks": 0,
      "Local Dirtied Blocks": 0,
      "Local Written Blocks": 0,
      "Temp Read Blocks": 0,
      "Temp Written Blocks": 0
    },
    "Planning Time": 0.369,
    "Triggers": [
    ],
    "JIT": {
      "Functions": 25,
      "Options": {
        "Inlining": true,
        "Optimization": true,
        "Expressions": true,
        "Deforming": true
      },
      "Timing": {
        "Generation": 12.800,
        "Inlining": 5293.609,
        "Optimization": 1155.812,
        "Emission": 434.446,
        "Total": 6896.667
      }
    },
    "Execution Time": 403506.997
  }
]