[
  {
    "Plan": {
      "Node Type": "Group",
      "Parallel Aware": false,
      "Async Capable": false,
      "Startup Cost": 7887120.38,
      "Total Cost": 13190067.07,
      "Plan Rows": 10957247,
      "Plan Width": 64,
      "Actual Startup Time": 1893468.290,
      "Actual Total Time": 2314191.600,
      "Actual Rows": 493783,
      "Actual Loops": 1,
      "Output": ["(split_part((p1.nomprenom)::text, '*'::text, 1))", "(split_part(split_part(replace((p1.nomprenom)::text, '/'::text, ' '::text), '*'::text, 2), ' '::text, 1))"],
      "Group Key": ["(split_part((p1.nomprenom)::text, '*'::text, 1))", "(split_part(split_part(replace((p1.nomprenom)::text, '/'::text, ' '::text), '*'::text, 2), ' '::text, 1))"],
      "Shared Hit Blocks": 326362,
      "Shared Read Blocks": 978448,
      "Shared Dirtied Blocks": 0,
      "Shared Written Blocks": 0,
      "Local Hit Blocks": 0,
      "Local Read Blocks": 0,
      "Local Dirtied Blocks": 0,
      "Local Written Blocks": 0,
      "Temp Read Blocks": 3274801,
      "Temp Written Blocks": 3278857,
      "Plans": [
        {
          "Node Type": "Gather Merge",
          "Parent Relationship": "Outer",
          "Parallel Aware": false,
          "Async Capable": false,
          "Startup Cost": 7887120.38,
          "Total Cost": 12970922.13,
          "Plan Rows": 21914494,
          "Plan Width": 64,
          "Actual Startup Time": 1893468.282,
          "Actual Total Time": 2313819.845,
          "Actual Rows": 1052620,
          "Actual Loops": 1,
          "Output": ["(split_part((p1.nomprenom)::text, '*'::text, 1))", "(split_part(split_part(replace((p1.nomprenom)::text, '/'::text, ' '::text), '*'::text, 2), ' '::text, 1))"],
          "Workers Planned": 2,
          "Workers Launched": 2,
          "Shared Hit Blocks": 326362,
          "Shared Read Blocks": 978448,
          "Shared Dirtied Blocks": 0,
          "Shared Written Blocks": 0,
          "Local Hit Blocks": 0,
          "Local Read Blocks": 0,
          "Local Dirtied Blocks": 0,
          "Local Written Blocks": 0,
          "Temp Read Blocks": 3274801,
          "Temp Written Blocks": 3278857,
          "Plans": [
            {
              "Node Type": "Group",
              "Parent Relationship": "Outer",
              "Parallel Aware": false,
              "Async Capable": false,
              "Startup Cost": 7886120.36,
              "Total Cost": 10440445.74,
              "Plan Rows": 10957247,
              "Plan Width": 64,
              "Actual Startup Time": 1794010.744,
              "Actual Total Time": 2098144.159,
              "Actual Rows": 350873,
              "Actual Loops": 3,
              "Output": ["(split_part((p1.nomprenom)::text, '*'::text, 1))", "(split_part(split_part(replace((p1.nomprenom)::text, '/'::text, ' '::text), '*'::text, 2), ' '::text, 1))"],
              "Group Key": ["(split_part((p1.nomprenom)::text, '*'::text, 1))", "(split_part(split_part(replace((p1.nomprenom)::text, '/'::text, ' '::text), '*'::text, 2), ' '::text, 1))"],
              "Shared Hit Blocks": 326362,
              "Shared Read Blocks": 978448,
              "Shared Dirtied Blocks": 0,
              "Shared Written Blocks": 0,
              "Local Hit Blocks": 0,
              "Local Read Blocks": 0,
              "Local Dirtied Blocks": 0,
              "Local Written Blocks": 0,
              "Temp Read Blocks": 3274801,
              "Temp Written Blocks": 3278857,
              "Workers": [
                {
                  "Worker Number": 0,
                  "Actual Startup Time": 1843857.658,
                  "Actual Total Time": 2142664.333,
                  "Actual Rows": 345939,
                  "Actual Loops": 1,
                  "JIT": {
                    "Functions": 23,
                    "Options": {
                      "Inlining": true,
                      "Optimization": true,
                      "Expressions": true,
                      "Deforming": true
                    },
                    "Timing": {
                      "Generation": 5.825,
                      "Inlining": 889.892,
                      "Optimization": 609.318,
                      "Emission": 376.295,
                      "Total": 1881.330
                    }
                  },
                  "Shared Hit Blocks": 116466,
                  "Shared Read Blocks": 316076,
                  "Shared Dirtied Blocks": 0,
                  "Shared Written Blocks": 0,
                  "Local Hit Blocks": 0,
                  "Local Read Blocks": 0,
                  "Local Dirtied Blocks": 0,
                  "Local Written Blocks": 0,
                  "Temp Read Blocks": 1086482,
                  "Temp Written Blocks": 1087827
                },
                {
                  "Worker Number": 1,
                  "Actual Startup Time": 1644707.823,
                  "Actual Total Time": 1954377.943,
                  "Actual Rows": 354404,
                  "Actual Loops": 1,
                  "JIT": {
                    "Functions": 23,
                    "Options": {
                      "Inlining": true,
                      "Optimization": true,
                      "Expressions": true,
                      "Deforming": true
                    },
                    "Timing": {
                      "Generation": 5.753,
                      "Inlining": 884.922,
                      "Optimization": 505.768,
                      "Emission": 199.796,
                      "Total": 1596.239
                    }
                  },
                  "Shared Hit Blocks": 120913,
                  "Shared Read Blocks": 316379,
                  "Shared Dirtied Blocks": 0,
                  "Shared Written Blocks": 0,
                  "Local Hit Blocks": 0,
                  "Local Read Blocks": 0,
                  "Local Dirtied Blocks": 0,
                  "Local Written Blocks": 0,
                  "Temp Read Blocks": 1096502,
                  "Temp Written Blocks": 1097859
                }
              ],
              "Plans": [
                {
                  "Node Type": "Merge Join",
                  "Parent Relationship": "Outer",
                  "Parallel Aware": false,
                  "Async Capable": false,
                  "Join Type": "Inner",
                  "Startup Cost": 7886120.36,
                  "Total Cost": 10169515.18,
                  "Plan Rows": 32271618,
                  "Plan Width": 64,
                  "Actual Startup Time": 1794010.723,
                  "Actual Total Time": 2096434.901,
                  "Actual Rows": 7981307,
                  "Actual Loops": 3,
                  "Output": ["(split_part((p1.nomprenom)::text, '*'::text, 1))", "(split_part(split_part(replace((p1.nomprenom)::text, '/'::text, ' '::text), '*'::text, 2), ' '::text, 1))"],
                  "Inner Unique": false,
                  "Merge Cond": "(((split_part((p1.nomprenom)::text, '*'::text, 1)) = (split_part((p2.nomprenom)::text, '*'::text, 1))) AND ((split_part(split_part(replace((p1.nomprenom)::text, '/'::text, ' '::text), '*'::text, 2), ' '::text, 1)) = (split_part(split_part(replace((p2.nomprenom)::text, '/'::text, ' '::text), '*'::text, 2), ' '::text, 1))) AND ((substr((p1.datenaiss)::text, 1, 4)) = (substr((p2.datenaiss)::text, 1, 4))))",
                  "Join Filter": "((p1.lieunaiss)::text <> (p2.lieunaiss)::text)",
                  "Rows Removed by Join Filter": 8585280,
                  "Shared Hit Blocks": 326362,
                  "Shared Read Blocks": 978448,
                  "Shared Dirtied Blocks": 0,
                  "Shared Written Blocks": 0,
                  "Local Hit Blocks": 0,
                  "Local Read Blocks": 0,
                  "Local Dirtied Blocks": 0,
                  "Local Written Blocks": 0,
                  "Temp Read Blocks": 3274801,
                  "Temp Written Blocks": 3278857,
                  "Workers": [
                    {
                      "Worker Number": 0,
                      "Actual Startup Time": 1843857.615,
                      "Actual Total Time": 2141006.208,
                      "Actual Rows": 7594927,
                      "Actual Loops": 1,
                      "Shared Hit Blocks": 116466,
                      "Shared Read Blocks": 316076,
                      "Shared Dirtied Blocks": 0,
                      "Shared Written Blocks": 0,
                      "Local Hit Blocks": 0,
                      "Local Read Blocks": 0,
                      "Local Dirtied Blocks": 0,
                      "Local Written Blocks": 0,
                      "Temp Read Blocks": 1086482,
                      "Temp Written Blocks": 1087827
                    },
                    {
                      "Worker Number": 1,
                      "Actual Startup Time": 1644707.811,
                      "Actual Total Time": 1952720.736,
                      "Actual Rows": 7983916,
                      "Actual Loops": 1,
                      "Shared Hit Blocks": 120913,
                      "Shared Read Blocks": 316379,
                      "Shared Dirtied Blocks": 0,
                      "Shared Written Blocks": 0,
                      "Local Hit Blocks": 0,
                      "Local Read Blocks": 0,
                      "Local Dirtied Blocks": 0,
                      "Local Written Blocks": 0,
                      "Temp Read Blocks": 1096502,
                      "Temp Written Blocks": 1097859
                    }
                  ],
                  "Plans": [
                    {
                      "Node Type": "Sort",
                      "Parent Relationship": "Outer",
                      "Parallel Aware": false,
                      "Async Capable": false,
                      "Startup Cost": 2207162.18,
                      "Total Cost": 2233110.25,
                      "Plan Rows": 10379231,
                      "Plan Width": 39,
                      "Actual Startup Time": 363521.824,
                      "Actual Total Time": 434555.070,
                      "Actual Rows": 8305556,
                      "Actual Loops": 3,
                      "Output": ["p1.nomprenom", "p1.datenaiss", "p1.lieunaiss", "(split_part((p1.nomprenom)::text, '*'::text, 1))", "(split_part(split_part(replace((p1.nomprenom)::text, '/'::text, ' '::text), '*'::text, 2), ' '::text, 1))", "(substr((p1.datenaiss)::text, 1, 4))"],
                      "Sort Key": ["(split_part((p1.nomprenom)::text, '*'::text, 1))", "(split_part(split_part(replace((p1.nomprenom)::text, '/'::text, ' '::text), '*'::text, 2), ' '::text, 1))", "(substr((p1.datenaiss)::text, 1, 4))"],
                      "Sort Method": "external merge",
                      "Sort Space Used": 573048,
                      "Sort Space Type": "Disk",
                      "Shared Hit Blocks": 15258,
                      "Shared Read Blocks": 310952,
                      "Shared Dirtied Blocks": 0,
                      "Shared Written Blocks": 0,
                      "Local Hit Blocks": 0,
                      "Local Read Blocks": 0,
                      "Local Dirtied Blocks": 0,
                      "Local Written Blocks": 0,
                      "Temp Read Blocks": 691448,
                      "Temp Written Blocks": 692461,
                      "Workers": [
                        {
                          "Worker Number": 0,
                          "Actual Startup Time": 309945.409,
                          "Actual Total Time": 379830.763,
                          "Actual Rows": 8115242,
                          "Actual Loops": 1,
                          "Sort Method": "external merge",
                          "Sort Space Used": 559328,
                          "Sort Space Type": "Disk",
                          "Shared Hit Blocks": 8111,
                          "Shared Read Blocks": 98231,
                          "Shared Dirtied Blocks": 0,
                          "Shared Written Blocks": 0,
                          "Local Hit Blocks": 0,
                          "Local Read Blocks": 0,
                          "Local Dirtied Blocks": 0,
                          "Local Written Blocks": 0,
                          "Temp Read Blocks": 225588,
                          "Temp Written Blocks": 225918
                        },
                        {
                          "Worker Number": 1,
                          "Actual Startup Time": 326219.845,
                          "Actual Total Time": 400900.533,
                          "Actual Rows": 8471388,
                          "Actual Loops": 1,
                          "Sort Method": "external merge",
                          "Sort Space Used": 584160,
                          "Sort Space Type": "Disk",
                          "Shared Hit Blocks": 3804,
                          "Shared Read Blocks": 107288,
                          "Shared Dirtied Blocks": 0,
                          "Shared Written Blocks": 0,
                          "Local Hit Blocks": 0,
                          "Local Read Blocks": 0,
                          "Local Dirtied Blocks": 0,
                          "Local Written Blocks": 0,
                          "Temp Read Blocks": 235432,
                          "Temp Written Blocks": 235776
                        }
                      ],
                      "Plans": [
                        {
                          "Node Type": "Seq Scan",
                          "Parent Relationship": "Outer",
                          "Parallel Aware": true,
                          "Async Capable": false,
                          "Relation Name": "personne",
                          "Schema": "public",
                          "Alias": "p1",
                          "Startup Cost": 0.00,
                          "Total Cost": 429992.31,
                          "Plan Rows": 10379231,
                          "Plan Width": 39,
                          "Actual Startup Time": 1333.535,
                          "Actual Total Time": 161405.354,
                          "Actual Rows": 8305556,
                          "Actual Loops": 3,
                          "Output": ["p1.nomprenom", "p1.datenaiss", "p1.lieunaiss", "split_part((p1.nomprenom)::text, '*'::text, 1)", "split_part(split_part(replace((p1.nomprenom)::text, '/'::text, ' '::text), '*'::text, 2), ' '::text, 1)", "substr((p1.datenaiss)::text, 1, 4)"],
                          "Shared Hit Blocks": 15248,
                          "Shared Read Blocks": 310952,
                          "Shared Dirtied Blocks": 0,
                          "Shared Written Blocks": 0,
                          "Local Hit Blocks": 0,
                          "Local Read Blocks": 0,
                          "Local Dirtied Blocks": 0,
                          "Local Written Blocks": 0,
                          "Temp Read Blocks": 0,
                          "Temp Written Blocks": 0,
                          "Workers": [
                            {
                              "Worker Number": 0,
                              "Actual Startup Time": 1876.180,
                              "Actual Total Time": 161121.147,
                              "Actual Rows": 8115242,
                              "Actual Loops": 1,
                              "Shared Hit Blocks": 8106,
                              "Shared Read Blocks": 98231,
                              "Shared Dirtied Blocks": 0,
                              "Shared Written Blocks": 0,
                              "Local Hit Blocks": 0,
                              "Local Read Blocks": 0,
                              "Local Dirtied Blocks": 0,
                              "Local Written Blocks": 0,
                              "Temp Read Blocks": 0,
                              "Temp Written Blocks": 0
                            },
                            {
                              "Worker Number": 1,
                              "Actual Startup Time": 1594.648,
                              "Actual Total Time": 159553.057,
                              "Actual Rows": 8471388,
                              "Actual Loops": 1,
                              "Shared Hit Blocks": 3799,
                              "Shared Read Blocks": 107288,
                              "Shared Dirtied Blocks": 0,
                              "Shared Written Blocks": 0,
                              "Local Hit Blocks": 0,
                              "Local Read Blocks": 0,
                              "Local Dirtied Blocks": 0,
                              "Local Written Blocks": 0,
                              "Temp Read Blocks": 0,
                              "Temp Written Blocks": 0
                            }
                          ]
                        }
                      ]
                    },
                    {
                      "Node Type": "Materialize",
                      "Parent Relationship": "Inner",
                      "Parallel Aware": false,
                      "Async Capable": false,
                      "Startup Cost": 5678958.18,
                      "Total Cost": 5803508.95,
                      "Plan Rows": 24910154,
                      "Plan Width": 39,
                      "Actual Startup Time": 1430362.694,
                      "Actual Total Time": 1637347.514,
                      "Actual Rows": 31043000,
                      "Actual Loops": 3,
                      "Output": ["p2.datenaiss", "p2.nomprenom", "p2.lieunaiss", "(split_part((p2.nomprenom)::text, '*'::text, 1))", "(split_part(split_part(replace((p2.nomprenom)::text, '/'::text, ' '::text), '*'::text, 2), ' '::text, 1))", "(substr((p2.datenaiss)::text, 1, 4))"],
                      "Shared Hit Blocks": 311104,
                      "Shared Read Blocks": 667496,
                      "Shared Dirtied Blocks": 0,
                      "Shared Written Blocks": 0,
                      "Local Hit Blocks": 0,
                      "Local Read Blocks": 0,
                      "Local Dirtied Blocks": 0,
                      "Local Written Blocks": 0,
                      "Temp Read Blocks": 2583353,
                      "Temp Written Blocks": 2586396,
                      "Workers": [
                        {
                          "Worker Number": 0,
                          "Actual Startup Time": 1533908.450,
                          "Actual Total Time": 1737024.292,
                          "Actual Rows": 30659270,
                          "Actual Loops": 1,
                          "Shared Hit Blocks": 108355,
                          "Shared Read Blocks": 217845,
                          "Shared Dirtied Blocks": 0,
                          "Shared Written Blocks": 0,
                          "Local Hit Blocks": 0,
                          "Local Read Blocks": 0,
                          "Local Dirtied Blocks": 0,
                          "Local Written Blocks": 0,
                          "Temp Read Blocks": 860894,
                          "Temp Written Blocks": 861909
                        },
                        {
                          "Worker Number": 1,
                          "Actual Startup Time": 1318114.825,
                          "Actual Total Time": 1527456.268,
                          "Actual Rows": 31055383,
                          "Actual Loops": 1,
                          "Shared Hit Blocks": 117109,
                          "Shared Read Blocks": 209091,
                          "Shared Dirtied Blocks": 0,
                          "Shared Written Blocks": 0,
                          "Local Hit Blocks": 0,
                          "Local Read Blocks": 0,
                          "Local Dirtied Blocks": 0,
                          "Local Written Blocks": 0,
                          "Temp Read Blocks": 861070,
                          "Temp Written Blocks": 862083
                        }
                      ],
                      "Plans": [
                        {
                          "Node Type": "Sort",
                          "Parent Relationship": "Outer",
                          "Parallel Aware": false,
                          "Async Capable": false,
                          "Startup Cost": 5678958.18,
                          "Total Cost": 5741233.57,
                          "Plan Rows": 24910154,
                          "Plan Width": 39,
                          "Actual Startup Time": 1430361.974,
                          "Actual Total Time": 1628983.609,
                          "Actual Rows": 24916666,
                          "Actual Loops": 3,
                          "Output": ["p2.datenaiss", "p2.nomprenom", "p2.lieunaiss", "(split_part((p2.nomprenom)::text, '*'::text, 1))", "(split_part(split_part(replace((p2.nomprenom)::text, '/'::text, ' '::text), '*'::text, 2), ' '::text, 1))", "(substr((p2.datenaiss)::text, 1, 4))"],
                          "Sort Key": ["(split_part((p2.nomprenom)::text, '*'::text, 1))", "(split_part(split_part(replace((p2.nomprenom)::text, '/'::text, ' '::text), '*'::text, 2), ' '::text, 1))", "(substr((p2.datenaiss)::text, 1, 4))"],
                          "Sort Method": "external merge",
                          "Sort Space Used": 1716400,
                          "Sort Space Type": "Disk",
                          "Shared Hit Blocks": 311104,
                          "Shared Read Blocks": 667496,
                          "Shared Dirtied Blocks": 0,
                          "Shared Written Blocks": 0,
                          "Local Hit Blocks": 0,
                          "Local Read Blocks": 0,
                          "Local Dirtied Blocks": 0,
                          "Local Written Blocks": 0,
                          "Temp Read Blocks": 2583353,
                          "Temp Written Blocks": 2586396,
                          "Workers": [
                            {
                              "Worker Number": 0,
                              "Actual Startup Time": 1533908.343,
                              "Actual Total Time": 1728664.971,
                              "Actual Rows": 24916666,
                              "Actual Loops": 1,
                              "Sort Method": "external merge",
                              "Sort Space Used": 1716400,
                              "Sort Space Type": "Disk",
                              "Shared Hit Blocks": 108355,
                              "Shared Read Blocks": 217845,
                              "Shared Dirtied Blocks": 0,
                              "Shared Written Blocks": 0,
                              "Local Hit Blocks": 0,
                              "Local Read Blocks": 0,
                              "Local Dirtied Blocks": 0,
                              "Local Written Blocks": 0,
                              "Temp Read Blocks": 860894,
                              "Temp Written Blocks": 861909
                            },
                            {
                              "Worker Number": 1,
                              "Actual Startup Time": 1318112.876,
                              "Actual Total Time": 1519288.830,
                              "Actual Rows": 24916664,
                              "Actual Loops": 1,
                              "Sort Method": "external merge",
                              "Sort Space Used": 1716392,
                              "Sort Space Type": "Disk",
                              "Shared Hit Blocks": 117109,
                              "Shared Read Blocks": 209091,
                              "Shared Dirtied Blocks": 0,
                              "Shared Written Blocks": 0,
                              "Local Hit Blocks": 0,
                              "Local Read Blocks": 0,
                              "Local Dirtied Blocks": 0,
                              "Local Written Blocks": 0,
                              "Temp Read Blocks": 861070,
                              "Temp Written Blocks": 862083
                            }
                          ],
                          "Plans": [
                            {
                              "Node Type": "Seq Scan",
                              "Parent Relationship": "Outer",
                              "Parallel Aware": false,
                              "Async Capable": false,
                              "Relation Name": "personne",
                              "Schema": "public",
                              "Alias": "p2",
                              "Startup Cost": 0.00,
                              "Total Cost": 575301.54,
                              "Plan Rows": 24910154,
                              "Plan Width": 39,
                              "Actual Startup Time": 0.141,
                              "Actual Total Time": 352193.822,
                              "Actual Rows": 24916669,
                              "Actual Loops": 3,
                              "Output": ["p2.datenaiss", "p2.nomprenom", "p2.lieunaiss", "split_part((p2.nomprenom)::text, '*'::text, 1)", "split_part(split_part(replace((p2.nomprenom)::text, '/'::text, ' '::text), '*'::text, 2), ' '::text, 1)", "substr((p2.datenaiss)::text, 1, 4)"],
                              "Shared Hit Blocks": 311104,
                              "Shared Read Blocks": 667496,
                              "Shared Dirtied Blocks": 0,
                              "Shared Written Blocks": 0,
                              "Local Hit Blocks": 0,
                              "Local Read Blocks": 0,
                              "Local Dirtied Blocks": 0,
                              "Local Written Blocks": 0,
                              "Temp Read Blocks": 0,
                              "Temp Written Blocks": 0,
                              "Workers": [
                                {
                                  "Worker Number": 0,
                                  "Actual Startup Time": 0.197,
                                  "Actual Total Time": 341900.582,
                                  "Actual Rows": 24916669,
                                  "Actual Loops": 1,
                                  "Shared Hit Blocks": 108355,
                                  "Shared Read Blocks": 217845,
                                  "Shared Dirtied Blocks": 0,
                                  "Shared Written Blocks": 0,
                                  "Local Hit Blocks": 0,
                                  "Local Read Blocks": 0,
                                  "Local Dirtied Blocks": 0,
                                  "Local Written Blocks": 0,
                                  "Temp Read Blocks": 0,
                                  "Temp Written Blocks": 0
                                },
                                {
                                  "Worker Number": 1,
                                  "Actual Startup Time": 0.151,
                                  "Actual Total Time": 354770.821,
                                  "Actual Rows": 24916669,
                                  "Actual Loops": 1,
                                  "Shared Hit Blocks": 117109,
                                  "Shared Read Blocks": 209091,
                                  "Shared Dirtied Blocks": 0,
                                  "Shared Written Blocks": 0,
                                  "Local Hit Blocks": 0,
                                  "Local Read Blocks": 0,
                                  "Local Dirtied Blocks": 0,
                                  "Local Written Blocks": 0,
                                  "Temp Read Blocks": 0,
                                  "Temp Written Blocks": 0
                                }
                              ]
                            }
                          ]
                        }
                      ]
                    }
                  ]
                }
              ]
            }
          ]
        }
      ]
    },
    "Planning": {
      "Shared Hit Blocks": 6,
      "Shared Read Blocks": 0,
      "Shared Dirtied Blocks": 0,
      "Shared Written Blocks": 0,
      "Local Hit Blocks": 0,
      "Local Read Blocks": 0,
      "Local Dirtied Blocks": 0,
      "Local Written Blocks": 0,
      "Temp Read Blocks": 0,
      "Temp Written Blocks": 0
    },
    "Planning Time": 2.065,
    "Triggers": [
    ],
    "JIT": {
      "Functions": 71,
      "Options": {
        "Inlining": true,
        "Optimization": true,
        "Expressions": true,
        "Deforming": true
      },
      "Timing": {
        "Generation": 22.531,
        "Inlining": 1797.787,
        "Optimization": 1426.459,
        "Emission": 770.489,
        "Total": 4017.266
      }
    },
    "Execution Time": 2314503.208
  }
]