[
    {
      "Plan": {
        "Node Type": "Sort",
        "Parallel Aware": false,
        "Async Capable": false,
        "Startup Cost": 19299476.23,
        "Total Cost": 19299476.55,
        "Plan Rows": 130,
        "Plan Width": 564,
        "Actual Startup Time": 686754.433,
        "Actual Total Time": 686754.488,
        "Actual Rows": 18,
        "Actual Loops": 1,
        "Output": ["r.reg", "r.nom", "(count(ROW(personne.nomprenom, personne.sexe, personne.datenaiss, personne.lieunaiss, personne.commnaiss, personne.paysnaiss, personne.datedeces, personne.lieudeces, personne.actedeces)))", "(justify_interval(((((avg((to_date((personne.datedeces)::text, 'YYYYMMDD'::text) - to_date((personne.datenaiss)::text, 'YYYYMMDD'::text))))::character varying)::text || ' days'::text))::interval))"],
        "Sort Key": ["(justify_interval(((((avg((to_date((personne.datedeces)::text, 'YYYYMMDD'::text) - to_date((personne.datenaiss)::text, 'YYYYMMDD'::text))))::character varying)::text || ' days'::text))::interval)) DESC"],
        "Sort Method": "quicksort",
        "Sort Space Used": 26,
        "Sort Space Type": "Memory",
        "Shared Hit Blocks": 15502,
        "Shared Read Blocks": 311027,
        "Shared Dirtied Blocks": 0,
        "Shared Written Blocks": 0,
        "Local Hit Blocks": 0,
        "Local Read Blocks": 0,
        "Local Dirtied Blocks": 0,
        "Local Written Blocks": 0,
        "Temp Read Blocks": 0,
        "Temp Written Blocks": 0,
        "Plans": [
          {
            "Node Type": "Aggregate",
            "Strategy": "Hashed",
            "Partial Mode": "Simple",
            "Parent Relationship": "Outer",
            "Parallel Aware": false,
            "Async Capable": false,
            "Startup Cost": 19299468.09,
            "Total Cost": 19299471.66,
            "Plan Rows": 130,
            "Plan Width": 564,
            "Actual Startup Time": 686754.226,
            "Actual Total Time": 686754.304,
            "Actual Rows": 18,
            "Actual Loops": 1,
            "Output": ["r.reg", "r.nom", "count(ROW(personne.nomprenom, personne.sexe, personne.datenaiss, personne.lieunaiss, personne.commnaiss, personne.paysnaiss, personne.datedeces, personne.lieudeces, personne.actedeces))", "justify_interval(((((avg((to_date((personne.datedeces)::text, 'YYYYMMDD'::text) - to_date((personne.datenaiss)::text, 'YYYYMMDD'::text))))::character varying)::text || ' days'::text))::interval)"],
            "Group Key": ["r.reg", "r.nom"],
            "Planned Partitions": 0,
            "HashAgg Batches": 1,
            "Peak Memory Usage": 40,
            "Disk Usage": 0,
            "Shared Hit Blocks": 15497,
            "Shared Read Blocks": 311027,
            "Shared Dirtied Blocks": 0,
            "Shared Written Blocks": 0,
            "Local Hit Blocks": 0,
            "Local Read Blocks": 0,
            "Local Dirtied Blocks": 0,
            "Local Written Blocks": 0,
            "Temp Read Blocks": 0,
            "Temp Written Blocks": 0,
            "Plans": [
              {
                "Node Type": "Hash Join",
                "Parent Relationship": "Outer",
                "Parallel Aware": false,
                "Async Capable": false,
                "Join Type": "Inner",
                "Startup Cost": 1111.59,
                "Total Cost": 19284155.57,
                "Plan Rows": 875001,
                "Plan Width": 611,
                "Actual Startup Time": 4290.991,
                "Actual Total Time": 654395.603,
                "Actual Rows": 21258116,
                "Actual Loops": 1,
                "Output": ["r.reg", "r.nom", "personne.nomprenom", "personne.sexe", "personne.datenaiss", "personne.lieunaiss", "personne.commnaiss", "personne.paysnaiss", "personne.datedeces", "personne.lieudeces", "personne.actedeces"],
                "Inner Unique": false,
                "Hash Cond": "((c.dep)::text = (d.dep)::text)",
                "Shared Hit Blocks": 15497,
                "Shared Read Blocks": 311027,
                "Shared Dirtied Blocks": 0,
                "Shared Written Blocks": 0,
                "Local Hit Blocks": 0,
                "Local Read Blocks": 0,
                "Local Dirtied Blocks": 0,
                "Local Written Blocks": 0,
                "Temp Read Blocks": 0,
                "Temp Written Blocks": 0,
                "Plans": [
                  {
                    "Node Type": "Hash Join",
                    "Parent Relationship": "Outer",
                    "Parallel Aware": false,
                    "Async Capable": false,
                    "Join Type": "Inner",
                    "Startup Cost": 1094.00,
                    "Total Cost": 19271865.16,
                    "Plan Rows": 939438,
                    "Plan Width": 74,
                    "Actual Startup Time": 330.484,
                    "Actual Total Time": 642238.718,
                    "Actual Rows": 22205016,
                    "Actual Loops": 1,
                    "Output": ["c.dep", "personne.nomprenom", "personne.sexe", "personne.datenaiss", "personne.lieunaiss", "personne.commnaiss", "personne.paysnaiss", "personne.datedeces", "personne.lieudeces", "personne.actedeces"],
                    "Inner Unique": false,
                    "Hash Cond": "((personne.lieunaiss)::text = (c.com)::text)",
                    "Shared Hit Blocks": 15497,
                    "Shared Read Blocks": 311025,
                    "Shared Dirtied Blocks": 0,
                    "Shared Written Blocks": 0,
                    "Local Hit Blocks": 0,
                    "Local Read Blocks": 0,
                    "Local Dirtied Blocks": 0,
                    "Local Written Blocks": 0,
                    "Temp Read Blocks": 0,
                    "Temp Written Blocks": 0,
                    "Plans": [
                      {
                        "Node Type": "Seq Scan",
                        "Parent Relationship": "Outer",
                        "Parallel Aware": false,
                        "Async Capable": false,
                        "Relation Name": "personne",
                        "Schema": "public",
                        "Alias": "personne",
                        "Startup Cost": 0.00,
                        "Total Cost": 19257917.04,
                        "Plan Rows": 922598,
                        "Plan Width": 71,
                        "Actual Startup Time": 69.786,
                        "Actual Total Time": 625751.596,
                        "Actual Rows": 24795460,
                        "Actual Loops": 1,
                        "Output": ["personne.nomprenom", "personne.sexe", "personne.datenaiss", "personne.lieunaiss", "personne.commnaiss", "personne.paysnaiss", "personne.datedeces", "personne.lieudeces", "personne.actedeces"],
                        "Filter": "(date_isvalide((personne.datenaiss)::text) AND date_isvalide((personne.datedeces)::text) AND age_positif((personne.datenaiss)::text, (personne.datedeces)::text))",
                        "Rows Removed by Filter": 121209,
                        "Shared Hit Blocks": 15497,
                        "Shared Read Blocks": 310777,
                        "Shared Dirtied Blocks": 0,
                        "Shared Written Blocks": 0,
                        "Local Hit Blocks": 0,
                        "Local Read Blocks": 0,
                        "Local Dirtied Blocks": 0,
                        "Local Written Blocks": 0,
                        "Temp Read Blocks": 0,
                        "Temp Written Blocks": 0
                      },
                      {
                        "Node Type": "Hash",
                        "Parent Relationship": "Inner",
                        "Parallel Aware": false,
                        "Async Capable": false,
                        "Startup Cost": 624.00,
                        "Total Cost": 624.00,
                        "Plan Rows": 37600,
                        "Plan Width": 9,
                        "Actual Startup Time": 259.451,
                        "Actual Total Time": 259.460,
                        "Actual Rows": 37600,
                        "Actual Loops": 1,
                        "Output": ["c.dep", "c.com"],
                        "Hash Buckets": 65536,
                        "Original Hash Buckets": 65536,
                        "Hash Batches": 1,
                        "Original Hash Batches": 1,
                        "Peak Memory Usage": 2010,
                        "Shared Hit Blocks": 0,
                        "Shared Read Blocks": 248,
                        "Shared Dirtied Blocks": 0,
                        "Shared Written Blocks": 0,
                        "Local Hit Blocks": 0,
                        "Local Read Blocks": 0,
                        "Local Dirtied Blocks": 0,
                        "Local Written Blocks": 0,
                        "Temp Read Blocks": 0,
                        "Temp Written Blocks": 0,
                        "Plans": [
                          {
                            "Node Type": "Seq Scan",
                            "Parent Relationship": "Outer",
                            "Parallel Aware": false,
                            "Async Capable": false,
                            "Relation Name": "commune",
                            "Schema": "public",
                            "Alias": "c",
                            "Startup Cost": 0.00,
                            "Total Cost": 624.00,
                            "Plan Rows": 37600,
                            "Plan Width": 9,
                            "Actual Startup Time": 16.273,
                            "Actual Total Time": 234.923,
                            "Actual Rows": 37600,
                            "Actual Loops": 1,
                            "Output": ["c.dep", "c.com"],
                            "Shared Hit Blocks": 0,
                            "Shared Read Blocks": 248,
                            "Shared Dirtied Blocks": 0,
                            "Shared Written Blocks": 0,
                            "Local Hit Blocks": 0,
                            "Local Read Blocks": 0,
                            "Local Dirtied Blocks": 0,
                            "Local Written Blocks": 0,
                            "Temp Read Blocks": 0,
                            "Temp Written Blocks": 0
                          }
                        ]
                      }
                    ]
                  },
                  {
                    "Node Type": "Hash",
                    "Parent Relationship": "Inner",
                    "Parallel Aware": false,
                    "Async Capable": false,
                    "Startup Cost": 16.32,
                    "Total Cost": 16.32,
                    "Plan Rows": 101,
                    "Plan Width": 543,
                    "Actual Startup Time": 3960.454,
                    "Actual Total Time": 3960.475,
                    "Actual Rows": 101,
                    "Actual Loops": 1,
                    "Output": ["r.reg", "r.nom", "d.dep"],
                    "Hash Buckets": 1024,
                    "Original Hash Buckets": 1024,
                    "Hash Batches": 1,
                    "Original Hash Batches": 1,
                    "Peak Memory Usage": 14,
                    "Shared Hit Blocks": 0,
                    "Shared Read Blocks": 2,
                    "Shared Dirtied Blocks": 0,
                    "Shared Written Blocks": 0,
                    "Local Hit Blocks": 0,
                    "Local Read Blocks": 0,
                    "Local Dirtied Blocks": 0,
                    "Local Written Blocks": 0,
                    "Temp Read Blocks": 0,
                    "Temp Written Blocks": 0,
                    "Plans": [
                      {
                        "Node Type": "Hash Join",
                        "Parent Relationship": "Outer",
                        "Parallel Aware": false,
                        "Async Capable": false,
                        "Join Type": "Inner",
                        "Startup Cost": 12.93,
                        "Total Cost": 16.32,
                        "Plan Rows": 101,
                        "Plan Width": 543,
                        "Actual Startup Time": 3960.387,
                        "Actual Total Time": 3960.442,
                        "Actual Rows": 101,
                        "Actual Loops": 1,
                        "Output": ["r.reg", "r.nom", "d.dep"],
                        "Inner Unique": false,
                        "Hash Cond": "((d.reg)::text = (r.reg)::text)",
                        "Shared Hit Blocks": 0,
                        "Shared Read Blocks": 2,
                        "Shared Dirtied Blocks": 0,
                        "Shared Written Blocks": 0,
                        "Local Hit Blocks": 0,
                        "Local Read Blocks": 0,
                        "Local Dirtied Blocks": 0,
                        "Local Written Blocks": 0,
                        "Temp Read Blocks": 0,
                        "Temp Written Blocks": 0,
                        "Plans": [
                          {
                            "Node Type": "Seq Scan",
                            "Parent Relationship": "Outer",
                            "Parallel Aware": false,
                            "Async Capable": false,
                            "Relation Name": "departement",
                            "Schema": "public",
                            "Alias": "d",
                            "Startup Cost": 0.00,
                            "Total Cost": 2.01,
                            "Plan Rows": 101,
                            "Plan Width": 6,
                            "Actual Startup Time": 16.045,
                            "Actual Total Time": 16.054,
                            "Actual Rows": 101,
                            "Actual Loops": 1,
                            "Output": ["d.dep", "d.nom", "d.cheflieu", "d.reg"],
                            "Shared Hit Blocks": 0,
                            "Shared Read Blocks": 1,
                            "Shared Dirtied Blocks": 0,
                            "Shared Written Blocks": 0,
                            "Local Hit Blocks": 0,
                            "Local Read Blocks": 0,
                            "Local Dirtied Blocks": 0,
                            "Local Written Blocks": 0,
                            "Temp Read Blocks": 0,
                            "Temp Written Blocks": 0
                          },
                          {
                            "Node Type": "Hash",
                            "Parent Relationship": "Inner",
                            "Parallel Aware": false,
                            "Async Capable": false,
                            "Startup Cost": 11.30,
                            "Total Cost": 11.30,
                            "Plan Rows": 130,
                            "Plan Width": 540,
                            "Actual Startup Time": 3944.267,
                            "Actual Total Time": 3944.275,
                            "Actual Rows": 18,
                            "Actual Loops": 1,
                            "Output": ["r.reg", "r.nom"],
                            "Hash Buckets": 1024,
                            "Original Hash Buckets": 1024,
                            "Hash Batches": 1,
                            "Original Hash Batches": 1,
                            "Peak Memory Usage": 9,
                            "Shared Hit Blocks": 0,
                            "Shared Read Blocks": 1,
                            "Shared Dirtied Blocks": 0,
                            "Shared Written Blocks": 0,
                            "Local Hit Blocks": 0,
                            "Local Read Blocks": 0,
                            "Local Dirtied Blocks": 0,
                            "Local Written Blocks": 0,
                            "Temp Read Blocks": 0,
                            "Temp Written Blocks": 0,
                            "Plans": [
                              {
                                "Node Type": "Seq Scan",
                                "Parent Relationship": "Outer",
                                "Parallel Aware": false,
                                "Async Capable": false,
                                "Relation Name": "region",
                                "Schema": "public",
                                "Alias": "r",
                                "Startup Cost": 0.00,
                                "Total Cost": 11.30,
                                "Plan Rows": 130,
                                "Plan Width": 540,
                                "Actual Startup Time": 3944.197,
                                "Actual Total Time": 3944.205,
                                "Actual Rows": 18,
                                "Actual Loops": 1,
                                "Output": ["r.reg", "r.nom"],
                                "Shared Hit Blocks": 0,
                                "Shared Read Blocks": 1,
                                "Shared Dirtied Blocks": 0,
                                "Shared Written Blocks": 0,
                                "Local Hit Blocks": 0,
                                "Local Read Blocks": 0,
                                "Local Dirtied Blocks": 0,
                                "Local Written Blocks": 0,
                                "Temp Read Blocks": 0,
                                "Temp Written Blocks": 0
                              }
                            ]
                          }
                        ]
                      }
                    ]
                  }
                ]
              }
            ]
          }
        ]
      },
      "Planning": {
        "Shared Hit Blocks": 91,
        "Shared Read Blocks": 6,
        "Shared Dirtied Blocks": 0,
        "Shared Written Blocks": 0,
        "Local Hit Blocks": 0,
        "Local Read Blocks": 0,
        "Local Dirtied Blocks": 0,
        "Local Written Blocks": 0,
        "Temp Read Blocks": 0,
        "Temp Written Blocks": 0
      },
      "Planning Time": 241.763,
      "Triggers": [
      ],
      "JIT": {
        "Functions": 35,
        "Options": {
          "Inlining": true,
          "Optimization": true,
          "Expressions": true,
          "Deforming": true
        },
        "Timing": {
          "Generation": 118.315,
          "Inlining": 1034.005,
          "Optimization": 847.815,
          "Emission": 2040.280,
          "Total": 4040.415
        }
      },
      "Execution Time": 687758.995
    }
  ]